=== BayesDiff Multi-GPU Sampling (Array Task) ===
Date:         Thu Mar  5 00:59:43 EST 2026
Node:         ga041.hpc.nyu.edu
GPU:          NVIDIA A100-SXM4-80GB
Array job id: 3361536
Task id:      3
Task count:   4
Run dir:      results/generated_molecules_parallel/20260305_005601_parallel_realrun
Shard dir:    results/generated_molecules_parallel/20260305_005601_parallel_realrun/shards/shard_3of4
Shard:        3/4
Pocket list:  data/splits/test_pockets.txt
Samples/pkt:  64
Steps:        100

=== Shard selection ===
Total pockets:  93
Num shards:     4
Shard index:    3
Shard pockets:  23
Running: /scratch/yd2915/conda_envs/bayesdiff/bin/python scripts/02_sample_molecules.py --pocket_list /state/partition1/job-3361536/bayesdiff_shard_26935ao3/pockets_shard.txt --pdbbind_dir external/targetdiff/data/test_set --targetdiff_dir external/targetdiff --num_samples 64 --num_steps 100 --device cuda --output_dir results/generated_molecules_parallel/20260305_005601_parallel_realrun/shards/shard_3of4

Task complete: shard 3/4
Run dir: results/generated_molecules_parallel/20260305_005601_parallel_realrun
Next: submit merge job after all array tasks succeed.
