08:10:05 INFO: Loading embeddings from results/generated_molecules/all_embeddings.npz
08:10:05 INFO:   Loaded 93 entries
08:10:05 INFO:   Labels from auto-detected affinity_info.pkl: 1041 entries
08:10:05 INFO:   Training set: 48 samples, d=128
08:10:05 INFO:   Augmenting from 48 to 200 samples
08:10:06 INFO:   After augmentation: 200 samples
08:10:06 INFO:   pKd range: [0.32, 9.37], mean=5.69
08:10:15 INFO: 
Training SVGP (d=128, J=48, epochs=200, device=cuda)...
08:10:24 INFO:   Epoch 20/200: loss=12.2687, noise=1.0759
08:10:24 INFO:   Epoch 40/200: loss=4.2146, noise=1.2985
08:10:25 INFO:   Epoch 60/200: loss=2.9211, noise=1.3709
08:10:26 INFO:   Epoch 80/200: loss=2.7094, noise=1.4234
08:10:26 INFO:   Epoch 100/200: loss=2.6280, noise=1.4725
08:10:27 INFO:   Epoch 120/200: loss=2.5477, noise=1.5193
08:10:27 INFO:   Epoch 140/200: loss=2.5076, noise=1.5656
08:10:28 INFO:   Epoch 160/200: loss=2.4619, noise=1.6105
08:10:29 INFO:   Epoch 180/200: loss=2.4251, noise=1.6592
08:10:29 INFO:   Epoch 200/200: loss=2.4095, noise=1.7047
08:10:29 INFO:   Training done in 14.1s, final loss=2.4095
08:10:29 INFO: GP model saved to results/gp_model/gp_model.pt
08:10:29 INFO:   Model saved to results/gp_model/gp_model.pt
08:10:29 INFO:   Training data saved to results/gp_model/train_data.npz
08:10:29 INFO: 
============================================================
08:10:29 INFO: GP training complete!
08:10:29 INFO:   Model:    results/gp_model/gp_model.pt
08:10:29 INFO:   Metadata: results/gp_model/train_meta.json
08:10:29 INFO: ============================================================
08:10:29 INFO: 
Next: python scripts/05_evaluate.py \
08:10:29 INFO:         --embeddings results/generated_molecules/all_embeddings.npz \
08:10:29 INFO:         --gp_model results/gp_model/gp_model.pt \
08:10:29 INFO:         --labels <labels>
