2026-03-27 14:51:34,424 INFO   Loaded mean: LOOCV ρ=0.36664619266860327
2026-03-27 14:51:34,432 INFO   Loaded max: LOOCV ρ=0.35260394748861823
2026-03-27 14:51:34,440 INFO   Loaded mean+max: LOOCV ρ=0.36201270174719585
2026-03-27 14:51:34,450 INFO   Loaded mean+std: LOOCV ρ=0.3479052242724929
2026-03-27 14:51:34,459 INFO   Loaded attn_norm: LOOCV ρ=0.3729163578766456
2026-03-27 14:51:34,471 INFO   Loaded attn_pca: LOOCV ρ=0.35716161733627233
2026-03-27 14:51:34,477 INFO   Loaded trimmed_mean: LOOCV ρ=0.3615451922939506
2026-03-27 14:51:34,477 INFO 
=== Generating comparison figures ===
2026-03-27 14:51:35,556 INFO 
Merged results saved to /scratch/yd2915/BayesDiff/results/tier3_gp/p0plus_aggregation_results.json
2026-03-27 14:51:35,557 INFO 
======================================================================
2026-03-27 14:51:35,557 INFO SUMMARY: Aggregation Strategy Comparison
2026-03-27 14:51:35,557 INFO ======================================================================
2026-03-27 14:51:35,557 INFO Strategy         Dim    RMSE       ρ      R²         50x ρ     TVT test ρ
2026-03-27 14:51:35,557 INFO --------------------------------------------------------------------------------
2026-03-27 14:51:35,557 INFO mean             128   1.950   0.367   0.119   0.373±0.045    0.357±0.053
2026-03-27 14:51:35,557 INFO max              128   1.962   0.353   0.108   0.361±0.043    0.346±0.051
2026-03-27 14:51:35,557 INFO mean+max         256   1.956   0.362   0.114   0.370±0.044    0.354±0.053
2026-03-27 14:51:35,557 INFO mean+std         256   1.964   0.348   0.106   0.355±0.044    0.343±0.053
2026-03-27 14:51:35,557 INFO attn_norm        128   1.947   0.373   0.122   0.375±0.045    0.369±0.053
2026-03-27 14:51:35,557 INFO attn_pca         128   1.957   0.357   0.113   0.362±0.046    0.350±0.050
2026-03-27 14:51:35,557 INFO trimmed_mean     128   1.954   0.362   0.116   0.371±0.046    0.350±0.053
2026-03-27 14:51:35,557 INFO --------------------------------------------------------------------------------
2026-03-27 14:51:35,557 INFO FCFP4-2048      2048   2.068   0.111   0.013
2026-03-27 14:51:35,557 INFO ======================================================================
2026-03-27 14:51:35,557 INFO 
Best strategy: attn_norm (LOOCV ρ=0.373)
2026-03-27 14:51:35,557 INFO vs mean baseline: Δρ = +0.006
