[2026-03-27T18:16:04.236] error: TMPDIR [/state/partition1/job-5041557] is not writeable
[2026-03-27T18:16:04.236] error: Setting TMPDIR to /tmp
2026-03-27 18:16:16,986 INFO Loaded 1067 pockets from /scratch/yd2915/BayesDiff/data/tier3_pocket_list.json
2026-03-27 18:16:44,002 INFO Model loaded: hidden_dim=128, num_layers=9, device=cuda
2026-03-27 18:16:46,831 INFO Found 1019 pockets with SDF files
2026-03-27 18:16:46,831 INFO Shard 2/4: processing 255 pockets
2026-03-27 18:16:46,834 ERROR [1] 1A1C_MALDO_2_433_0: FAILED - [Errno 2] No such file or directory: '/scratch/yd2915/BayesDiff/data/tier3_pockets/1A1C_MALDO_2_433_0.pt'
2026-03-27 18:16:46,836 ERROR [2] AAKB1_HUMAN_70_159_0: FAILED - [Errno 2] No such file or directory: '/scratch/yd2915/BayesDiff/data/tier3_pockets/AAKB1_HUMAN_70_159_0.pt'
2026-03-27 18:16:46,837 ERROR [3] ABL1_HUMAN_228_509_ATPsite_0: FAILED - [Errno 2] No such file or directory: '/scratch/yd2915/BayesDiff/data/tier3_pockets/ABL1_HUMAN_228_509_ATPsite_0.pt'
2026-03-27 18:16:46,839 ERROR [4] ABP1_MAIZE_39_201_0: FAILED - [Errno 2] No such file or directory: '/scratch/yd2915/BayesDiff/data/tier3_pockets/ABP1_MAIZE_39_201_0.pt'
2026-03-27 18:16:48,384 ERROR [9] ADA_MOUSE_4_352_0: FAILED - [Errno 2] No such file or directory: '/scratch/yd2915/BayesDiff/data/tier3_pockets/ADA_MOUSE_4_352_0.pt'
2026-03-27 18:16:48,386 ERROR [10] ADRB1_MELGA_31_367_TM_0: FAILED - [Errno 2] No such file or directory: '/scratch/yd2915/BayesDiff/data/tier3_pockets/ADRB1_MELGA_31_367_TM_0.pt'
2026-03-27 18:16:48,387 ERROR [11] AGI1_WHEAT_27_201_glycopep_0: FAILED - [Errno 2] No such file or directory: '/scratch/yd2915/BayesDiff/data/tier3_pockets/AGI1_WHEAT_27_201_glycopep_0.pt'
2026-03-27 18:16:48,388 ERROR [12] AKT1_HUMAN_1_137_0: FAILED - [Errno 2] No such file or directory: '/scratch/yd2915/BayesDiff/data/tier3_pockets/AKT1_HUMAN_1_137_0.pt'
2026-03-27 18:16:48,390 ERROR [13] ALBU_HUMAN_25_609_halothaneSite_0: FAILED - [Errno 2] No such file or directory: '/scratch/yd2915/BayesDiff/data/tier3_pockets/ALBU_HUMAN_25_609_halothaneSite_0.pt'
2026-03-27 18:16:48,391 ERROR [14] ALDOA_HUMAN_2_364_0: FAILED - [Errno 2] No such file or directory: '/scratch/yd2915/BayesDiff/data/tier3_pockets/ALDOA_HUMAN_2_364_0.pt'
2026-03-27 18:16:48,393 ERROR [15] ALKB_ECOLI_10_215_0: FAILED - [Errno 2] No such file or directory: '/scratch/yd2915/BayesDiff/data/tier3_pockets/ALKB_ECOLI_10_215_0.pt'
2026-03-27 18:16:48,394 ERROR [16] AMPA_HELPY_1_496_0: FAILED - [Errno 2] No such file or directory: '/scratch/yd2915/BayesDiff/data/tier3_pockets/AMPA_HELPY_1_496_0.pt'
2026-03-27 18:16:48,395 ERROR [17] AMPN_ECOLI_3_870_0: FAILED - [Errno 2] No such file or directory: '/scratch/yd2915/BayesDiff/data/tier3_pockets/AMPN_ECOLI_3_870_0.pt'
2026-03-27 18:16:48,397 ERROR [18] AMYP_HUMAN_16_511_0: FAILED - [Errno 2] No such file or directory: '/scratch/yd2915/BayesDiff/data/tier3_pockets/AMYP_HUMAN_16_511_0.pt'
2026-03-27 18:16:48,399 ERROR [19] AOC1_HUMAN_21_751_0: FAILED - [Errno 2] No such file or directory: '/scratch/yd2915/BayesDiff/data/tier3_pockets/AOC1_HUMAN_21_751_0.pt'
2026-03-27 18:16:48,400 ERROR [20] ARBK1_HUMAN_30_544_0: FAILED - [Errno 2] No such file or directory: '/scratch/yd2915/BayesDiff/data/tier3_pockets/ARBK1_HUMAN_30_544_0.pt'
2026-03-27 18:16:48,402 ERROR [21] AROA_ECOLI_3_240_0: FAILED - [Errno 2] No such file or directory: '/scratch/yd2915/BayesDiff/data/tier3_pockets/AROA_ECOLI_3_240_0.pt'
2026-03-27 18:16:48,403 ERROR [22] AROK_HELPY_1_162_0: FAILED - [Errno 2] No such file or directory: '/scratch/yd2915/BayesDiff/data/tier3_pockets/AROK_HELPY_1_162_0.pt'
2026-03-27 18:16:48,404 ERROR [23] AROQ_STRCO_2_157_0: FAILED - [Errno 2] No such file or directory: '/scratch/yd2915/BayesDiff/data/tier3_pockets/AROQ_STRCO_2_157_0.pt'
2026-03-27 18:16:48,405 ERROR [24] ATS4_HUMAN_213_440_0: FAILED - [Errno 2] No such file or directory: '/scratch/yd2915/BayesDiff/data/tier3_pockets/ATS4_HUMAN_213_440_0.pt'
2026-03-27 18:16:48,406 ERROR [25] AVID_CHICK_25_150_0: FAILED - [Errno 2] No such file or directory: '/scratch/yd2915/BayesDiff/data/tier3_pockets/AVID_CHICK_25_150_0.pt'
2026-03-27 18:16:48,407 ERROR [26] BAZ2B_HUMAN_2053_2168_0: FAILED - [Errno 2] No such file or directory: '/scratch/yd2915/BayesDiff/data/tier3_pockets/BAZ2B_HUMAN_2053_2168_0.pt'
2026-03-27 18:16:48,408 ERROR [27] BGAL_HUMAN_22_677_0: FAILED - [Errno 2] No such file or directory: '/scratch/yd2915/BayesDiff/data/tier3_pockets/BGAL_HUMAN_22_677_0.pt'
2026-03-27 18:16:48,409 ERROR [28] BGL1_ASPAC_20_860_0: FAILED - [Errno 2] No such file or directory: '/scratch/yd2915/BayesDiff/data/tier3_pockets/BGL1_ASPAC_20_860_0.pt'
2026-03-27 18:16:48,410 ERROR [29] BIRC2_HUMAN_258_357_0: FAILED - [Errno 2] No such file or directory: '/scratch/yd2915/BayesDiff/data/tier3_pockets/BIRC2_HUMAN_258_357_0.pt'
2026-03-27 18:16:48,411 ERROR [30] BLA2_BACCE_32_257_0: FAILED - [Errno 2] No such file or directory: '/scratch/yd2915/BayesDiff/data/tier3_pockets/BLA2_BACCE_32_257_0.pt'
2026-03-27 18:16:48,412 ERROR [31] BLAN1_KLEPN_32_270_0: FAILED - [Errno 2] No such file or directory: '/scratch/yd2915/BayesDiff/data/tier3_pockets/BLAN1_KLEPN_32_270_0.pt'
2026-03-27 18:16:48,413 ERROR [32] BMRR_BACSU_120_278_0: FAILED - [Errno 2] No such file or directory: '/scratch/yd2915/BayesDiff/data/tier3_pockets/BMRR_BACSU_120_278_0.pt'
2026-03-27 18:16:48,415 ERROR [33] BRD2_HUMAN_343_458_0: FAILED - [Errno 2] No such file or directory: '/scratch/yd2915/BayesDiff/data/tier3_pockets/BRD2_HUMAN_343_458_0.pt'
2026-03-27 18:16:48,416 ERROR [34] BRD9_HUMAN_133_241_0: FAILED - [Errno 2] No such file or directory: '/scratch/yd2915/BayesDiff/data/tier3_pockets/BRD9_HUMAN_133_241_0.pt'
2026-03-27 18:16:48,416 ERROR [35] BTK_HUMAN_2_170_0: FAILED - [Errno 2] No such file or directory: '/scratch/yd2915/BayesDiff/data/tier3_pockets/BTK_HUMAN_2_170_0.pt'
2026-03-27 18:16:48,417 ERROR [36] BXB_CLOBO_438_856_0: FAILED - [Errno 2] No such file or directory: '/scratch/yd2915/BayesDiff/data/tier3_pockets/BXB_CLOBO_438_856_0.pt'
2026-03-27 18:16:48,418 ERROR [37] CAH1_HUMAN_2_261_0: FAILED - [Errno 2] No such file or directory: '/scratch/yd2915/BayesDiff/data/tier3_pockets/CAH1_HUMAN_2_261_0.pt'
2026-03-27 18:16:48,419 ERROR [38] CAH9_HUMAN_136_392_0: FAILED - [Errno 2] No such file or directory: '/scratch/yd2915/BayesDiff/data/tier3_pockets/CAH9_HUMAN_136_392_0.pt'
2026-03-27 18:16:48,420 ERROR [39] CASP3_HUMAN_29_277_pep_0: FAILED - [Errno 2] No such file or directory: '/scratch/yd2915/BayesDiff/data/tier3_pockets/CASP3_HUMAN_29_277_pep_0.pt'
2026-03-27 18:16:48,421 ERROR [40] CATK_HUMAN_114_329_0: FAILED - [Errno 2] No such file or directory: '/scratch/yd2915/BayesDiff/data/tier3_pockets/CATK_HUMAN_114_329_0.pt'
2026-03-27 18:16:48,421 ERROR [41] CBPA1_BOVIN_111_418_0: FAILED - [Errno 2] No such file or directory: '/scratch/yd2915/BayesDiff/data/tier3_pockets/CBPA1_BOVIN_111_418_0.pt'
2026-03-27 18:16:48,422 ERROR [42] CBP_HUMAN_1079_1197_0: FAILED - [Errno 2] No such file or directory: '/scratch/yd2915/BayesDiff/data/tier3_pockets/CBP_HUMAN_1079_1197_0.pt'
2026-03-27 18:16:48,423 ERROR [43] CD38_HUMAN_44_300_0: FAILED - [Errno 2] No such file or directory: '/scratch/yd2915/BayesDiff/data/tier3_pockets/CD38_HUMAN_44_300_0.pt'
2026-03-27 18:16:48,424 ERROR [44] CDC4_YEAST_266_744_allosteric_0: FAILED - [Errno 2] No such file or directory: '/scratch/yd2915/BayesDiff/data/tier3_pockets/CDC4_YEAST_266_744_allosteric_0.pt'
2026-03-27 18:16:48,425 ERROR [45] CDK6_HUMAN_1_312_0: FAILED - [Errno 2] No such file or directory: '/scratch/yd2915/BayesDiff/data/tier3_pockets/CDK6_HUMAN_1_312_0.pt'
2026-03-27 18:16:48,426 ERROR [46] CGGR_BACSU_86_340_0: FAILED - [Errno 2] No such file or directory: '/scratch/yd2915/BayesDiff/data/tier3_pockets/CGGR_BACSU_86_340_0.pt'
2026-03-27 18:16:48,427 ERROR [47] CHIB_SERMA_1_499_0: FAILED - [Errno 2] No such file or directory: '/scratch/yd2915/BayesDiff/data/tier3_pockets/CHIB_SERMA_1_499_0.pt'
2026-03-27 18:16:48,429 ERROR [48] CHK2_HUMAN_210_526_0: FAILED - [Errno 2] No such file or directory: '/scratch/yd2915/BayesDiff/data/tier3_pockets/CHK2_HUMAN_210_526_0.pt'
2026-03-27 18:16:48,430 ERROR [49] CHXA_VIBCL_459_665_0: FAILED - [Errno 2] No such file or directory: '/scratch/yd2915/BayesDiff/data/tier3_pockets/CHXA_VIBCL_459_665_0.pt'
2026-03-27 18:16:48,431 ERROR [50] CMA1_HUMAN_22_247_0: FAILED - [Errno 2] No such file or directory: '/scratch/yd2915/BayesDiff/data/tier3_pockets/CMA1_HUMAN_22_247_0.pt'
2026-03-27 18:16:48,432 ERROR [51] COAD_STAAN_1_160_0: FAILED - [Errno 2] No such file or directory: '/scratch/yd2915/BayesDiff/data/tier3_pockets/COAD_STAAN_1_160_0.pt'
2026-03-27 18:16:48,433 ERROR [52] CONA_CANCT_1_237_0: FAILED - [Errno 2] No such file or directory: '/scratch/yd2915/BayesDiff/data/tier3_pockets/CONA_CANCT_1_237_0.pt'
2026-03-27 18:16:48,434 ERROR [53] CRFR1_HUMAN_112_401_TM_0: FAILED - [Errno 2] No such file or directory: '/scratch/yd2915/BayesDiff/data/tier3_pockets/CRFR1_HUMAN_112_401_TM_0.pt'
2026-03-27 18:16:48,435 ERROR [54] CSK21_HUMAN_1_335_ATPsite_0: FAILED - [Errno 2] No such file or directory: '/scratch/yd2915/BayesDiff/data/tier3_pockets/CSK21_HUMAN_1_335_ATPsite_0.pt'
2026-03-27 18:16:48,436 ERROR [55] CTRA_BOVIN_9_245_0: FAILED - [Errno 2] No such file or directory: '/scratch/yd2915/BayesDiff/data/tier3_pockets/CTRA_BOVIN_9_245_0.pt'
2026-03-27 18:16:48,437 ERROR [56] DAPE_NEIMB_1_381_0: FAILED - [Errno 2] No such file or directory: '/scratch/yd2915/BayesDiff/data/tier3_pockets/DAPE_NEIMB_1_381_0.pt'
2026-03-27 18:16:48,438 ERROR [57] DCK_HUMAN_2_260_0: FAILED - [Errno 2] No such file or directory: '/scratch/yd2915/BayesDiff/data/tier3_pockets/DCK_HUMAN_2_260_0.pt'
2026-03-27 18:16:48,439 ERROR [58] DDR1_HUMAN_598_913_0: FAILED - [Errno 2] No such file or directory: '/scratch/yd2915/BayesDiff/data/tier3_pockets/DDR1_HUMAN_598_913_0.pt'
2026-03-27 18:16:48,440 ERROR [59] DEF1_BACCR_1_156_0: FAILED - [Errno 2] No such file or directory: '/scratch/yd2915/BayesDiff/data/tier3_pockets/DEF1_BACCR_1_156_0.pt'
2026-03-27 18:16:48,441 ERROR [60] DEF_STRA3_1_204_0: FAILED - [Errno 2] No such file or directory: '/scratch/yd2915/BayesDiff/data/tier3_pockets/DEF_STRA3_1_204_0.pt'
2026-03-27 18:16:48,442 ERROR [61] DGDA_BURCE_1_433_0: FAILED - [Errno 2] No such file or directory: '/scratch/yd2915/BayesDiff/data/tier3_pockets/DGDA_BURCE_1_433_0.pt'
2026-03-27 18:16:48,443 ERROR [62] DNK_DROME_1_233_0: FAILED - [Errno 2] No such file or directory: '/scratch/yd2915/BayesDiff/data/tier3_pockets/DNK_DROME_1_233_0.pt'
2026-03-27 18:16:48,444 ERROR [63] DNLJ_STAAU_1_312_0: FAILED - [Errno 2] No such file or directory: '/scratch/yd2915/BayesDiff/data/tier3_pockets/DNLJ_STAAU_1_312_0.pt'
2026-03-27 18:16:48,445 ERROR [64] DPP4_HUMAN_38_766_pep_0: FAILED - [Errno 2] No such file or directory: '/scratch/yd2915/BayesDiff/data/tier3_pockets/DPP4_HUMAN_38_766_pep_0.pt'
2026-03-27 18:16:48,446 ERROR [65] DUS3_HUMAN_2_185_0: FAILED - [Errno 2] No such file or directory: '/scratch/yd2915/BayesDiff/data/tier3_pockets/DUS3_HUMAN_2_185_0.pt'
2026-03-27 18:16:48,448 ERROR [66] DXR_PLAF7_75_488_0: FAILED - [Errno 2] No such file or directory: '/scratch/yd2915/BayesDiff/data/tier3_pockets/DXR_PLAF7_75_488_0.pt'
2026-03-27 18:16:48,449 ERROR [67] DYR_HUMAN_2_187_0: FAILED - [Errno 2] No such file or directory: '/scratch/yd2915/BayesDiff/data/tier3_pockets/DYR_HUMAN_2_187_0.pt'
2026-03-27 18:16:48,450 ERROR [68] E2AK3_HUMAN_581_1092_0: FAILED - [Errno 2] No such file or directory: '/scratch/yd2915/BayesDiff/data/tier3_pockets/E2AK3_HUMAN_581_1092_0.pt'
2026-03-27 18:16:48,451 ERROR [69] EGLN1_HUMAN_181_396_0: FAILED - [Errno 2] No such file or directory: '/scratch/yd2915/BayesDiff/data/tier3_pockets/EGLN1_HUMAN_181_396_0.pt'
2026-03-27 18:16:48,452 ERROR [70] ELBP_ECOLX_22_124_0: FAILED - [Errno 2] No such file or directory: '/scratch/yd2915/BayesDiff/data/tier3_pockets/ELBP_ECOLX_22_124_0.pt'
2026-03-27 18:16:48,453 ERROR [71] ENO1_YEAST_2_437_0: FAILED - [Errno 2] No such file or directory: '/scratch/yd2915/BayesDiff/data/tier3_pockets/ENO1_YEAST_2_437_0.pt'
2026-03-27 18:16:48,455 ERROR [72] EPAS1_HUMAN_238_353_0: FAILED - [Errno 2] No such file or directory: '/scratch/yd2915/BayesDiff/data/tier3_pockets/EPAS1_HUMAN_238_353_0.pt'
2026-03-27 18:16:48,456 ERROR [73] EPHB4_HUMAN_598_896_0: FAILED - [Errno 2] No such file or directory: '/scratch/yd2915/BayesDiff/data/tier3_pockets/EPHB4_HUMAN_598_896_0.pt'
2026-03-27 18:16:48,458 ERROR [74] ERBB3_HUMAN_683_1020_ATPsite_0: FAILED - [Errno 2] No such file or directory: '/scratch/yd2915/BayesDiff/data/tier3_pockets/ERBB3_HUMAN_683_1020_ATPsite_0.pt'
2026-03-27 18:16:48,459 ERROR [75] ERR1_HUMAN_192_423_0: FAILED - [Errno 2] No such file or directory: '/scratch/yd2915/BayesDiff/data/tier3_pockets/ERR1_HUMAN_192_423_0.pt'
2026-03-27 18:16:48,460 ERROR [76] EST1_HUMAN_20_559_0: FAILED - [Errno 2] No such file or directory: '/scratch/yd2915/BayesDiff/data/tier3_pockets/EST1_HUMAN_20_559_0.pt'
2026-03-27 18:16:48,461 ERROR [77] F16P1_PIG_2_337_allosteric2_0: FAILED - [Errno 2] No such file or directory: '/scratch/yd2915/BayesDiff/data/tier3_pockets/F16P1_PIG_2_337_allosteric2_0.pt'
2026-03-27 18:16:48,462 ERROR [78] FA11_HUMAN_388_625_0: FAILED - [Errno 2] No such file or directory: '/scratch/yd2915/BayesDiff/data/tier3_pockets/FA11_HUMAN_388_625_0.pt'
2026-03-27 18:16:48,463 ERROR [79] FAB1_MYCTU_1_416_0: FAILED - [Errno 2] No such file or directory: '/scratch/yd2915/BayesDiff/data/tier3_pockets/FAB1_MYCTU_1_416_0.pt'
2026-03-27 18:16:48,464 ERROR [80] FABG_PSEAE_1_247_0: FAILED - [Errno 2] No such file or directory: '/scratch/yd2915/BayesDiff/data/tier3_pockets/FABG_PSEAE_1_247_0.pt'
2026-03-27 18:16:48,465 ERROR [81] FABP4_HUMAN_2_132_0: FAILED - [Errno 2] No such file or directory: '/scratch/yd2915/BayesDiff/data/tier3_pockets/FABP4_HUMAN_2_132_0.pt'
2026-03-27 18:16:48,467 ERROR [82] FABPH_HUMAN_1_133_0: FAILED - [Errno 2] No such file or directory: '/scratch/yd2915/BayesDiff/data/tier3_pockets/FABPH_HUMAN_1_133_0.pt'
2026-03-27 18:16:48,468 ERROR [83] FAS_HUMAN_1529_1867_0: FAILED - [Errno 2] No such file or directory: '/scratch/yd2915/BayesDiff/data/tier3_pockets/FAS_HUMAN_1529_1867_0.pt'
2026-03-27 18:16:48,469 ERROR [84] FGFR1_HUMAN_456_766_0: FAILED - [Errno 2] No such file or directory: '/scratch/yd2915/BayesDiff/data/tier3_pockets/FGFR1_HUMAN_456_766_0.pt'
2026-03-27 18:16:48,470 ERROR [85] FKB1A_HUMAN_2_108_0: FAILED - [Errno 2] No such file or directory: '/scratch/yd2915/BayesDiff/data/tier3_pockets/FKB1A_HUMAN_2_108_0.pt'
2026-03-27 18:16:48,471 ERROR [86] FOLH1_HUMAN_45_750_0: FAILED - [Errno 2] No such file or directory: '/scratch/yd2915/BayesDiff/data/tier3_pockets/FOLH1_HUMAN_45_750_0.pt'
2026-03-27 18:16:48,472 ERROR [87] FTO_HUMAN_32_505_0: FAILED - [Errno 2] No such file or directory: '/scratch/yd2915/BayesDiff/data/tier3_pockets/FTO_HUMAN_32_505_0.pt'
2026-03-27 18:16:48,473 ERROR [88] FYN_HUMAN_248_537_0: FAILED - [Errno 2] No such file or directory: '/scratch/yd2915/BayesDiff/data/tier3_pockets/FYN_HUMAN_248_537_0.pt'
2026-03-27 18:16:48,474 ERROR [89] GAG_HV1N5_2_43_0: FAILED - [Errno 2] No such file or directory: '/scratch/yd2915/BayesDiff/data/tier3_pockets/GAG_HV1N5_2_43_0.pt'
2026-03-27 18:16:48,475 ERROR [90] GCKR_HUMAN_1_625_0: FAILED - [Errno 2] No such file or directory: '/scratch/yd2915/BayesDiff/data/tier3_pockets/GCKR_HUMAN_1_625_0.pt'
2026-03-27 18:16:48,476 ERROR [91] GLCM_HUMAN_40_536_0: FAILED - [Errno 2] No such file or directory: '/scratch/yd2915/BayesDiff/data/tier3_pockets/GLCM_HUMAN_40_536_0.pt'
2026-03-27 18:16:48,477 ERROR [92] GLMU_HAEIN_1_456_0: FAILED - [Errno 2] No such file or directory: '/scratch/yd2915/BayesDiff/data/tier3_pockets/GLMU_HAEIN_1_456_0.pt'
2026-03-27 18:16:48,478 ERROR [93] GLRA3_HUMAN_37_458_0: FAILED - [Errno 2] No such file or directory: '/scratch/yd2915/BayesDiff/data/tier3_pockets/GLRA3_HUMAN_37_458_0.pt'
2026-03-27 18:16:48,479 ERROR [94] GPGS_MYCTU_1_324_0: FAILED - [Errno 2] No such file or directory: '/scratch/yd2915/BayesDiff/data/tier3_pockets/GPGS_MYCTU_1_324_0.pt'
2026-03-27 18:16:48,480 ERROR [95] GRID2_HUMAN_439_813_0: FAILED - [Errno 2] No such file or directory: '/scratch/yd2915/BayesDiff/data/tier3_pockets/GRID2_HUMAN_439_813_0.pt'
2026-03-27 18:16:48,481 ERROR [96] GRIK4_RAT_414_790_0: FAILED - [Errno 2] No such file or directory: '/scratch/yd2915/BayesDiff/data/tier3_pockets/GRIK4_RAT_414_790_0.pt'
2026-03-27 18:16:48,482 ERROR [97] GRM3_HUMAN_25_507_ECD_0: FAILED - [Errno 2] No such file or directory: '/scratch/yd2915/BayesDiff/data/tier3_pockets/GRM3_HUMAN_25_507_ECD_0.pt'
2026-03-27 18:16:48,484 ERROR [98] GST28_SCHMA_1_211_0: FAILED - [Errno 2] No such file or directory: '/scratch/yd2915/BayesDiff/data/tier3_pockets/GST28_SCHMA_1_211_0.pt'
2026-03-27 18:16:48,485 ERROR [99] GUDD_ECOLI_1_446_0: FAILED - [Errno 2] No such file or directory: '/scratch/yd2915/BayesDiff/data/tier3_pockets/GUDD_ECOLI_1_446_0.pt'
2026-03-27 18:16:48,487 ERROR [100] GUX_CELFI_42_357_0: FAILED - [Errno 2] No such file or directory: '/scratch/yd2915/BayesDiff/data/tier3_pockets/GUX_CELFI_42_357_0.pt'
2026-03-27 18:16:48,488 ERROR [101] GYRB_STAAU_6_233_0: FAILED - [Errno 2] No such file or directory: '/scratch/yd2915/BayesDiff/data/tier3_pockets/GYRB_STAAU_6_233_0.pt'
2026-03-27 18:16:48,489 ERROR [102] HDAC4_HUMAN_646_1045_0: FAILED - [Errno 2] No such file or directory: '/scratch/yd2915/BayesDiff/data/tier3_pockets/HDAC4_HUMAN_646_1045_0.pt'
2026-03-27 18:16:48,490 ERROR [103] HDAH_PSEAE_2_380_0: FAILED - [Errno 2] No such file or directory: '/scratch/yd2915/BayesDiff/data/tier3_pockets/HDAH_PSEAE_2_380_0.pt'
2026-03-27 18:16:48,491 ERROR [104] HGF_HUMAN_126_210_0: FAILED - [Errno 2] No such file or directory: '/scratch/yd2915/BayesDiff/data/tier3_pockets/HGF_HUMAN_126_210_0.pt'
2026-03-27 18:16:48,492 ERROR [105] HINT1_HUMAN_2_126_0: FAILED - [Errno 2] No such file or directory: '/scratch/yd2915/BayesDiff/data/tier3_pockets/HINT1_HUMAN_2_126_0.pt'
2026-03-27 18:16:48,492 ERROR [106] HNMT_HUMAN_1_292_0: FAILED - [Errno 2] No such file or directory: '/scratch/yd2915/BayesDiff/data/tier3_pockets/HNMT_HUMAN_1_292_0.pt'
2026-03-27 18:16:48,493 ERROR [107] HPRT_ECOLI_1_178_0: FAILED - [Errno 2] No such file or directory: '/scratch/yd2915/BayesDiff/data/tier3_pockets/HPRT_ECOLI_1_178_0.pt'
2026-03-27 18:16:48,494 ERROR [108] HS71A_HUMAN_181_385_0: FAILED - [Errno 2] No such file or directory: '/scratch/yd2915/BayesDiff/data/tier3_pockets/HS71A_HUMAN_181_385_0.pt'
2026-03-27 18:16:48,495 ERROR [109] HSP7C_HUMAN_1_384_0: FAILED - [Errno 2] No such file or directory: '/scratch/yd2915/BayesDiff/data/tier3_pockets/HSP7C_HUMAN_1_384_0.pt'
2026-03-27 18:16:48,496 ERROR [110] HYES_HUMAN_230_551_0: FAILED - [Errno 2] No such file or directory: '/scratch/yd2915/BayesDiff/data/tier3_pockets/HYES_HUMAN_230_551_0.pt'
2026-03-27 18:16:48,498 ERROR [111] IDI_ECOLI_1_182_0: FAILED - [Errno 2] No such file or directory: '/scratch/yd2915/BayesDiff/data/tier3_pockets/IDI_ECOLI_1_182_0.pt'
2026-03-27 18:16:48,498 ERROR [112] IMA1_HUMAN_68_497_0: FAILED - [Errno 2] No such file or directory: '/scratch/yd2915/BayesDiff/data/tier3_pockets/IMA1_HUMAN_68_497_0.pt'
2026-03-27 18:16:48,499 ERROR [113] IPPK_ARATH_1_451_0: FAILED - [Errno 2] No such file or directory: '/scratch/yd2915/BayesDiff/data/tier3_pockets/IPPK_ARATH_1_451_0.pt'
2026-03-27 18:16:48,500 ERROR [114] ISPE_AQUAE_2_268_0: FAILED - [Errno 2] No such file or directory: '/scratch/yd2915/BayesDiff/data/tier3_pockets/ISPE_AQUAE_2_268_0.pt'
2026-03-27 18:16:48,502 ERROR [115] ISPT_STAAN_1_256_0: FAILED - [Errno 2] No such file or directory: '/scratch/yd2915/BayesDiff/data/tier3_pockets/ISPT_STAAN_1_256_0.pt'
2026-03-27 18:16:48,503 ERROR [116] ITB3_HUMAN_27_466_pep_0: FAILED - [Errno 2] No such file or directory: '/scratch/yd2915/BayesDiff/data/tier3_pockets/ITB3_HUMAN_27_466_pep_0.pt'
2026-03-27 18:16:48,504 ERROR [117] JAK1_HUMAN_854_1154_0: FAILED - [Errno 2] No such file or directory: '/scratch/yd2915/BayesDiff/data/tier3_pockets/JAK1_HUMAN_854_1154_0.pt'
2026-03-27 18:16:48,505 ERROR [118] KAPCA_HUMAN_8_351_0: FAILED - [Errno 2] No such file or directory: '/scratch/yd2915/BayesDiff/data/tier3_pockets/KAPCA_HUMAN_8_351_0.pt'
2026-03-27 18:16:48,506 ERROR [119] KC1G3_HUMAN_34_360_0: FAILED - [Errno 2] No such file or directory: '/scratch/yd2915/BayesDiff/data/tier3_pockets/KC1G3_HUMAN_34_360_0.pt'
2026-03-27 18:16:48,507 ERROR [120] KDM5A_HUMAN_175_588_0: FAILED - [Errno 2] No such file or directory: '/scratch/yd2915/BayesDiff/data/tier3_pockets/KDM5A_HUMAN_175_588_0.pt'
2026-03-27 18:16:48,508 ERROR [121] KEAP1_HUMAN_319_613_0: FAILED - [Errno 2] No such file or directory: '/scratch/yd2915/BayesDiff/data/tier3_pockets/KEAP1_HUMAN_319_613_0.pt'
2026-03-27 18:16:48,510 ERROR [122] KITH_HHV11_45_376_0: FAILED - [Errno 2] No such file or directory: '/scratch/yd2915/BayesDiff/data/tier3_pockets/KITH_HHV11_45_376_0.pt'
2026-03-27 18:16:48,511 ERROR [123] KLKB1_HUMAN_388_632_0: FAILED - [Errno 2] No such file or directory: '/scratch/yd2915/BayesDiff/data/tier3_pockets/KLKB1_HUMAN_388_632_0.pt'
2026-03-27 18:16:48,512 ERROR [124] KPCL_HUMAN_332_683_0: FAILED - [Errno 2] No such file or directory: '/scratch/yd2915/BayesDiff/data/tier3_pockets/KPCL_HUMAN_332_683_0.pt'
2026-03-27 18:16:48,513 ERROR [125] KS6A1_HUMAN_33_353_0: FAILED - [Errno 2] No such file or directory: '/scratch/yd2915/BayesDiff/data/tier3_pockets/KS6A1_HUMAN_33_353_0.pt'
2026-03-27 18:16:48,514 ERROR [126] KTHY_MYCTU_1_213_0: FAILED - [Errno 2] No such file or directory: '/scratch/yd2915/BayesDiff/data/tier3_pockets/KTHY_MYCTU_1_213_0.pt'
2026-03-27 18:16:48,520 ERROR [127] LCK_HUMAN_121_227_0: FAILED - [Errno 2] No such file or directory: '/scratch/yd2915/BayesDiff/data/tier3_pockets/LCK_HUMAN_121_227_0.pt'
2026-03-27 18:16:48,521 ERROR [128] LECA_MACPO_1_133_0: FAILED - [Errno 2] No such file or directory: '/scratch/yd2915/BayesDiff/data/tier3_pockets/LECA_MACPO_1_133_0.pt'
2026-03-27 18:16:48,522 ERROR [129] LEG4_HUMAN_1_165_0: FAILED - [Errno 2] No such file or directory: '/scratch/yd2915/BayesDiff/data/tier3_pockets/LEG4_HUMAN_1_165_0.pt'
2026-03-27 18:16:48,524 ERROR [130] LIMK2_HUMAN_330_632_0: FAILED - [Errno 2] No such file or directory: '/scratch/yd2915/BayesDiff/data/tier3_pockets/LIMK2_HUMAN_330_632_0.pt'
2026-03-27 18:16:48,525 ERROR [131] LPXC_ECOLI_1_302_0: FAILED - [Errno 2] No such file or directory: '/scratch/yd2915/BayesDiff/data/tier3_pockets/LPXC_ECOLI_1_302_0.pt'
2026-03-27 18:16:48,526 ERROR [132] LUCI_RENRE_2_311_0: FAILED - [Errno 2] No such file or directory: '/scratch/yd2915/BayesDiff/data/tier3_pockets/LUCI_RENRE_2_311_0.pt'
2026-03-27 18:16:48,527 ERROR [133] LYPA1_HUMAN_3_230_0: FAILED - [Errno 2] No such file or directory: '/scratch/yd2915/BayesDiff/data/tier3_pockets/LYPA1_HUMAN_3_230_0.pt'
2026-03-27 18:16:48,528 ERROR [134] M3K20_HUMAN_3_309_0: FAILED - [Errno 2] No such file or directory: '/scratch/yd2915/BayesDiff/data/tier3_pockets/M3K20_HUMAN_3_309_0.pt'
2026-03-27 18:16:48,529 ERROR [135] M3K9_HUMAN_135_406_0: FAILED - [Errno 2] No such file or directory: '/scratch/yd2915/BayesDiff/data/tier3_pockets/M3K9_HUMAN_135_406_0.pt'
2026-03-27 18:16:48,530 ERROR [136] MALT1_HUMAN_333_569_0: FAILED - [Errno 2] No such file or directory: '/scratch/yd2915/BayesDiff/data/tier3_pockets/MALT1_HUMAN_333_569_0.pt'
2026-03-27 18:16:48,531 ERROR [137] MAP12_MYCTU_1_285_0: FAILED - [Errno 2] No such file or directory: '/scratch/yd2915/BayesDiff/data/tier3_pockets/MAP12_MYCTU_1_285_0.pt'
2026-03-27 18:16:48,532 ERROR [138] MAPK2_HUMAN_42_364_0: FAILED - [Errno 2] No such file or directory: '/scratch/yd2915/BayesDiff/data/tier3_pockets/MAPK2_HUMAN_42_364_0.pt'
2026-03-27 18:16:48,534 ERROR [139] MASZ_MYCTU_1_740_0: FAILED - [Errno 2] No such file or directory: '/scratch/yd2915/BayesDiff/data/tier3_pockets/MASZ_MYCTU_1_740_0.pt'
2026-03-27 18:16:48,534 ERROR [140] MCR_HUMAN_724_984_ligBind_0: FAILED - [Errno 2] No such file or directory: '/scratch/yd2915/BayesDiff/data/tier3_pockets/MCR_HUMAN_724_984_ligBind_0.pt'
2026-03-27 18:16:48,536 ERROR [141] MDM2_XENLA_20_107_0: FAILED - [Errno 2] No such file or directory: '/scratch/yd2915/BayesDiff/data/tier3_pockets/MDM2_XENLA_20_107_0.pt'
2026-03-27 18:16:48,537 ERROR [142] MEN1_HUMAN_1_602_0: FAILED - [Errno 2] No such file or directory: '/scratch/yd2915/BayesDiff/data/tier3_pockets/MEN1_HUMAN_1_602_0.pt'
2026-03-27 18:16:48,538 ERROR [143] MET_HUMAN_1048_1351_0: FAILED - [Errno 2] No such file or directory: '/scratch/yd2915/BayesDiff/data/tier3_pockets/MET_HUMAN_1048_1351_0.pt'
2026-03-27 18:16:48,539 ERROR [144] MIF_HUMAN_2_115_0: FAILED - [Errno 2] No such file or directory: '/scratch/yd2915/BayesDiff/data/tier3_pockets/MIF_HUMAN_2_115_0.pt'
2026-03-27 18:16:48,540 ERROR [145] MK07_HUMAN_49_394_0: FAILED - [Errno 2] No such file or directory: '/scratch/yd2915/BayesDiff/data/tier3_pockets/MK07_HUMAN_49_394_0.pt'
2026-03-27 18:16:48,541 ERROR [146] MK11_HUMAN_2_361_0: FAILED - [Errno 2] No such file or directory: '/scratch/yd2915/BayesDiff/data/tier3_pockets/MK11_HUMAN_2_361_0.pt'
2026-03-27 18:16:48,542 ERROR [147] MMP12_HUMAN_105_264_0: FAILED - [Errno 2] No such file or directory: '/scratch/yd2915/BayesDiff/data/tier3_pockets/MMP12_HUMAN_105_264_0.pt'
2026-03-27 18:16:48,543 ERROR [148] MMP7_HUMAN_95_265_0: FAILED - [Errno 2] No such file or directory: '/scratch/yd2915/BayesDiff/data/tier3_pockets/MMP7_HUMAN_95_265_0.pt'
2026-03-27 18:16:48,544 ERROR [149] MPPA_ECOLI_23_537_0: FAILED - [Errno 2] No such file or directory: '/scratch/yd2915/BayesDiff/data/tier3_pockets/MPPA_ECOLI_23_537_0.pt'
2026-03-27 18:16:48,545 ERROR [150] MTN1_ARATH_1_267_0: FAILED - [Errno 2] No such file or directory: '/scratch/yd2915/BayesDiff/data/tier3_pockets/MTN1_ARATH_1_267_0.pt'
2026-03-27 18:16:48,546 ERROR [151] MUP11_MOUSE_16_181_0: FAILED - [Errno 2] No such file or directory: '/scratch/yd2915/BayesDiff/data/tier3_pockets/MUP11_MOUSE_16_181_0.pt'
2026-03-27 18:16:48,547 ERROR [152] MURI_HELPJ_1_255_allosteric_0: FAILED - [Errno 2] No such file or directory: '/scratch/yd2915/BayesDiff/data/tier3_pockets/MURI_HELPJ_1_255_allosteric_0.pt'
2026-03-27 18:16:48,548 ERROR [153] NADC_HUMAN_1_297_0: FAILED - [Errno 2] No such file or directory: '/scratch/yd2915/BayesDiff/data/tier3_pockets/NADC_HUMAN_1_297_0.pt'
2026-03-27 18:16:48,549 ERROR [154] NAGAB_HUMAN_18_411_0: FAILED - [Errno 2] No such file or directory: '/scratch/yd2915/BayesDiff/data/tier3_pockets/NAGAB_HUMAN_18_411_0.pt'
2026-03-27 18:16:48,550 ERROR [155] NALD2_HUMAN_34_740_0: FAILED - [Errno 2] No such file or directory: '/scratch/yd2915/BayesDiff/data/tier3_pockets/NALD2_HUMAN_34_740_0.pt'
2026-03-27 18:16:48,551 ERROR [156] NANA_STRR6_316_792_0: FAILED - [Errno 2] No such file or directory: '/scratch/yd2915/BayesDiff/data/tier3_pockets/NANA_STRR6_316_792_0.pt'
2026-03-27 18:16:48,552 ERROR [157] NDKC_DICDI_1_155_0: FAILED - [Errno 2] No such file or directory: '/scratch/yd2915/BayesDiff/data/tier3_pockets/NDKC_DICDI_1_155_0.pt'
2026-03-27 18:16:48,553 ERROR [158] NEUR2_HUMAN_1_380_0: FAILED - [Errno 2] No such file or directory: '/scratch/yd2915/BayesDiff/data/tier3_pockets/NEUR2_HUMAN_1_380_0.pt'
2026-03-27 18:16:48,554 ERROR [159] NMDZ1_HUMAN_393_800_0: FAILED - [Errno 2] No such file or directory: '/scratch/yd2915/BayesDiff/data/tier3_pockets/NMDZ1_HUMAN_393_800_0.pt'
2026-03-27 18:16:48,555 ERROR [160] NPD_THEMA_1_246_0: FAILED - [Errno 2] No such file or directory: '/scratch/yd2915/BayesDiff/data/tier3_pockets/NPD_THEMA_1_246_0.pt'
2026-03-27 18:16:48,556 ERROR [161] NR1I2_HUMAN_130_434_0: FAILED - [Errno 2] No such file or directory: '/scratch/yd2915/BayesDiff/data/tier3_pockets/NR1I2_HUMAN_130_434_0.pt'
2026-03-27 18:16:48,557 ERROR [162] NRAM_I75A5_83_470_0: FAILED - [Errno 2] No such file or directory: '/scratch/yd2915/BayesDiff/data/tier3_pockets/NRAM_I75A5_83_470_0.pt'
2026-03-27 18:16:48,558 ERROR [163] NT5M_HUMAN_31_228_0: FAILED - [Errno 2] No such file or directory: '/scratch/yd2915/BayesDiff/data/tier3_pockets/NT5M_HUMAN_31_228_0.pt'
2026-03-27 18:16:48,561 ERROR [164] OBP_BOVIN_1_159_0: FAILED - [Errno 2] No such file or directory: '/scratch/yd2915/BayesDiff/data/tier3_pockets/OBP_BOVIN_1_159_0.pt'
2026-03-27 18:16:48,562 ERROR [165] ODPA_HUMAN_30_390_0: FAILED - [Errno 2] No such file or directory: '/scratch/yd2915/BayesDiff/data/tier3_pockets/ODPA_HUMAN_30_390_0.pt'
2026-03-27 18:16:48,564 ERROR [166] OGFD1_HUMAN_2_542_0: FAILED - [Errno 2] No such file or directory: '/scratch/yd2915/BayesDiff/data/tier3_pockets/OGFD1_HUMAN_2_542_0.pt'
2026-03-27 18:16:48,565 ERROR [167] OPRX_HUMAN_40_339_0: FAILED - [Errno 2] No such file or directory: '/scratch/yd2915/BayesDiff/data/tier3_pockets/OPRX_HUMAN_40_339_0.pt'
2026-03-27 18:16:48,566 ERROR [168] OX1R_HUMAN_1_380_0: FAILED - [Errno 2] No such file or directory: '/scratch/yd2915/BayesDiff/data/tier3_pockets/OX1R_HUMAN_1_380_0.pt'
2026-03-27 18:16:48,567 ERROR [169] P2Y12_HUMAN_1_342_0: FAILED - [Errno 2] No such file or directory: '/scratch/yd2915/BayesDiff/data/tier3_pockets/P2Y12_HUMAN_1_342_0.pt'
2026-03-27 18:16:48,568 ERROR [170] PA2A3_NAJSG_8_126_0: FAILED - [Errno 2] No such file or directory: '/scratch/yd2915/BayesDiff/data/tier3_pockets/PA2A3_NAJSG_8_126_0.pt'
2026-03-27 18:16:48,569 ERROR [171] PAC_ECOLX_27_846_0: FAILED - [Errno 2] No such file or directory: '/scratch/yd2915/BayesDiff/data/tier3_pockets/PAC_ECOLX_27_846_0.pt'
2026-03-27 18:16:48,570 ERROR [172] PAK4_HUMAN_291_591_ATP_0: FAILED - [Errno 2] No such file or directory: '/scratch/yd2915/BayesDiff/data/tier3_pockets/PAK4_HUMAN_291_591_ATP_0.pt'
2026-03-27 18:16:48,571 ERROR [173] PAR1_HUMAN_84_397_0: FAILED - [Errno 2] No such file or directory: '/scratch/yd2915/BayesDiff/data/tier3_pockets/PAR1_HUMAN_84_397_0.pt'
2026-03-27 18:16:48,572 ERROR [174] PARP1_HUMAN_775_1012_0: FAILED - [Errno 2] No such file or directory: '/scratch/yd2915/BayesDiff/data/tier3_pockets/PARP1_HUMAN_775_1012_0.pt'
2026-03-27 18:16:48,573 ERROR [175] PB1_HUMAN_644_766_0: FAILED - [Errno 2] No such file or directory: '/scratch/yd2915/BayesDiff/data/tier3_pockets/PB1_HUMAN_644_766_0.pt'
2026-03-27 18:16:48,573 ERROR [176] PCKGC_HUMAN_1_622_0: FAILED - [Errno 2] No such file or directory: '/scratch/yd2915/BayesDiff/data/tier3_pockets/PCKGC_HUMAN_1_622_0.pt'
2026-03-27 18:16:48,574 ERROR [177] PCXB_ACIAD_1_241_0: FAILED - [Errno 2] No such file or directory: '/scratch/yd2915/BayesDiff/data/tier3_pockets/PCXB_ACIAD_1_241_0.pt'
2026-03-27 18:16:48,575 ERROR [178] PDE12_HUMAN_154_609_0: FAILED - [Errno 2] No such file or directory: '/scratch/yd2915/BayesDiff/data/tier3_pockets/PDE12_HUMAN_154_609_0.pt'
2026-03-27 18:16:48,576 ERROR [179] PDE4B_HUMAN_324_663_0: FAILED - [Errno 2] No such file or directory: '/scratch/yd2915/BayesDiff/data/tier3_pockets/PDE4B_HUMAN_324_663_0.pt'
2026-03-27 18:16:48,577 ERROR [180] PDE7A_HUMAN_127_456_0: FAILED - [Errno 2] No such file or directory: '/scratch/yd2915/BayesDiff/data/tier3_pockets/PDE7A_HUMAN_127_456_0.pt'
2026-03-27 18:16:48,578 ERROR [181] PDK3_HUMAN_8_406_ATP_0: FAILED - [Errno 2] No such file or directory: '/scratch/yd2915/BayesDiff/data/tier3_pockets/PDK3_HUMAN_8_406_ATP_0.pt'
2026-03-27 18:16:48,579 ERROR [182] PDPK1_HUMAN_53_359_ATPsite_0: FAILED - [Errno 2] No such file or directory: '/scratch/yd2915/BayesDiff/data/tier3_pockets/PDPK1_HUMAN_53_359_ATPsite_0.pt'
2026-03-27 18:16:48,581 ERROR [183] PEPM_MYTED_1_295_0: FAILED - [Errno 2] No such file or directory: '/scratch/yd2915/BayesDiff/data/tier3_pockets/PEPM_MYTED_1_295_0.pt'
2026-03-27 18:16:48,582 ERROR [184] PGK1_HUMAN_2_417_0: FAILED - [Errno 2] No such file or directory: '/scratch/yd2915/BayesDiff/data/tier3_pockets/PGK1_HUMAN_2_417_0.pt'
2026-03-27 18:16:48,583 ERROR [185] PHOQ_SALTY_331_487_0: FAILED - [Errno 2] No such file or directory: '/scratch/yd2915/BayesDiff/data/tier3_pockets/PHOQ_SALTY_331_487_0.pt'
2026-03-27 18:16:48,584 ERROR [186] PHZF_PSEFL_2_278_0: FAILED - [Errno 2] No such file or directory: '/scratch/yd2915/BayesDiff/data/tier3_pockets/PHZF_PSEFL_2_278_0.pt'
2026-03-27 18:16:48,585 ERROR [187] PIN1_HUMAN_2_44_pep_0: FAILED - [Errno 2] No such file or directory: '/scratch/yd2915/BayesDiff/data/tier3_pockets/PIN1_HUMAN_2_44_pep_0.pt'
2026-03-27 18:16:48,586 ERROR [188] PK3CA_HUMAN_481_1066_0: FAILED - [Errno 2] No such file or directory: '/scratch/yd2915/BayesDiff/data/tier3_pockets/PK3CA_HUMAN_481_1066_0.pt'
2026-03-27 18:16:48,587 ERROR [189] PKN1_HUMAN_604_942_0: FAILED - [Errno 2] No such file or directory: '/scratch/yd2915/BayesDiff/data/tier3_pockets/PKN1_HUMAN_604_942_0.pt'
2026-03-27 18:16:48,588 ERROR [190] PLK1_HUMAN_26_342_0: FAILED - [Errno 2] No such file or directory: '/scratch/yd2915/BayesDiff/data/tier3_pockets/PLK1_HUMAN_26_342_0.pt'
2026-03-27 18:16:48,589 ERROR [191] PLMN_HUMAN_101_183_0: FAILED - [Errno 2] No such file or directory: '/scratch/yd2915/BayesDiff/data/tier3_pockets/PLMN_HUMAN_101_183_0.pt'
2026-03-27 18:16:48,589 ERROR [192] PNPH_HUMAN_1_289_0: FAILED - [Errno 2] No such file or directory: '/scratch/yd2915/BayesDiff/data/tier3_pockets/PNPH_HUMAN_1_289_0.pt'
2026-03-27 18:16:48,590 ERROR [193] POLG_HCV1_2420_2991_0: FAILED - [Errno 2] No such file or directory: '/scratch/yd2915/BayesDiff/data/tier3_pockets/POLG_HCV1_2420_2991_0.pt'
2026-03-27 18:16:48,591 ERROR [194] POLG_HCVCO_1023_1209_0: FAILED - [Errno 2] No such file or directory: '/scratch/yd2915/BayesDiff/data/tier3_pockets/POLG_HCVCO_1023_1209_0.pt'
2026-03-27 18:16:48,592 ERROR [195] POLG_HCVJ6_2442_3011_0: FAILED - [Errno 2] No such file or directory: '/scratch/yd2915/BayesDiff/data/tier3_pockets/POLG_HCVJ6_2442_3011_0.pt'
2026-03-27 18:16:48,593 ERROR [196] POL_HTL1A_450_565_0: FAILED - [Errno 2] No such file or directory: '/scratch/yd2915/BayesDiff/data/tier3_pockets/POL_HTL1A_450_565_0.pt'
2026-03-27 18:16:48,594 ERROR [197] POL_HV1B1_826_919_0: FAILED - [Errno 2] No such file or directory: '/scratch/yd2915/BayesDiff/data/tier3_pockets/POL_HV1B1_826_919_0.pt'
2026-03-27 18:16:48,595 ERROR [198] POL_HV1H2_587_814_0: FAILED - [Errno 2] No such file or directory: '/scratch/yd2915/BayesDiff/data/tier3_pockets/POL_HV1H2_587_814_0.pt'
2026-03-27 18:16:48,596 ERROR [199] PP1G_HUMAN_2_314_ligBind_0: FAILED - [Errno 2] No such file or directory: '/scratch/yd2915/BayesDiff/data/tier3_pockets/PP1G_HUMAN_2_314_ligBind_0.pt'
2026-03-27 18:16:48,597 ERROR [200] PPARD_HUMAN_169_441_0: FAILED - [Errno 2] No such file or directory: '/scratch/yd2915/BayesDiff/data/tier3_pockets/PPARD_HUMAN_169_441_0.pt'
2026-03-27 18:16:48,607 ERROR [201] PPDK_CLOSY_511_874_0: FAILED - [Errno 2] No such file or directory: '/scratch/yd2915/BayesDiff/data/tier3_pockets/PPDK_CLOSY_511_874_0.pt'
2026-03-27 18:16:48,608 ERROR [202] PPTA_ECOLI_2_77_0: FAILED - [Errno 2] No such file or directory: '/scratch/yd2915/BayesDiff/data/tier3_pockets/PPTA_ECOLI_2_77_0.pt'
2026-03-27 18:16:48,609 ERROR [203] PRP4B_HUMAN_656_1007_0: FAILED - [Errno 2] No such file or directory: '/scratch/yd2915/BayesDiff/data/tier3_pockets/PRP4B_HUMAN_656_1007_0.pt'
2026-03-27 18:16:48,609 ERROR [204] PTN11_HUMAN_103_220_0: FAILED - [Errno 2] No such file or directory: '/scratch/yd2915/BayesDiff/data/tier3_pockets/PTN11_HUMAN_103_220_0.pt'
2026-03-27 18:16:48,610 ERROR [205] PTPRG_HUMAN_823_1128_0: FAILED - [Errno 2] No such file or directory: '/scratch/yd2915/BayesDiff/data/tier3_pockets/PTPRG_HUMAN_823_1128_0.pt'
2026-03-27 18:16:48,611 ERROR [206] PUR3_ECOLI_1_212_0: FAILED - [Errno 2] No such file or directory: '/scratch/yd2915/BayesDiff/data/tier3_pockets/PUR3_ECOLI_1_212_0.pt'
2026-03-27 18:16:48,611 ERROR [207] PVDQ_PSEAE_217_762_0: FAILED - [Errno 2] No such file or directory: '/scratch/yd2915/BayesDiff/data/tier3_pockets/PVDQ_PSEAE_217_762_0.pt'
2026-03-27 18:16:48,612 ERROR [208] PYL2_ARATH_7_189_0: FAILED - [Errno 2] No such file or directory: '/scratch/yd2915/BayesDiff/data/tier3_pockets/PYL2_ARATH_7_189_0.pt'
2026-03-27 18:16:48,613 ERROR [209] PYRC_ECOLI_2_348_0: FAILED - [Errno 2] No such file or directory: '/scratch/yd2915/BayesDiff/data/tier3_pockets/PYRC_ECOLI_2_348_0.pt'
2026-03-27 18:16:48,614 ERROR [210] QPCTL_HUMAN_53_382_0: FAILED - [Errno 2] No such file or directory: '/scratch/yd2915/BayesDiff/data/tier3_pockets/QPCTL_HUMAN_53_382_0.pt'
2026-03-27 18:16:48,615 ERROR [211] R1AB_CVHSA_3241_3428_0: FAILED - [Errno 2] No such file or directory: '/scratch/yd2915/BayesDiff/data/tier3_pockets/R1AB_CVHSA_3241_3428_0.pt'
2026-03-27 18:16:48,616 ERROR [212] RAMP1_HUMAN_25_116_0: FAILED - [Errno 2] No such file or directory: '/scratch/yd2915/BayesDiff/data/tier3_pockets/RAMP1_HUMAN_25_116_0.pt'
2026-03-27 18:16:48,617 ERROR [213] RBL_ARATH_2_475_0: FAILED - [Errno 2] No such file or directory: '/scratch/yd2915/BayesDiff/data/tier3_pockets/RBL_ARATH_2_475_0.pt'
2026-03-27 18:16:48,618 ERROR [214] RET_HUMAN_702_1013_0: FAILED - [Errno 2] No such file or directory: '/scratch/yd2915/BayesDiff/data/tier3_pockets/RET_HUMAN_702_1013_0.pt'
2026-03-27 18:16:48,619 ERROR [215] RICI_RICCO_36_233_0: FAILED - [Errno 2] No such file or directory: '/scratch/yd2915/BayesDiff/data/tier3_pockets/RICI_RICCO_36_233_0.pt'
2026-03-27 18:16:48,620 ERROR [216] RIPK1_HUMAN_1_294_0: FAILED - [Errno 2] No such file or directory: '/scratch/yd2915/BayesDiff/data/tier3_pockets/RIPK1_HUMAN_1_294_0.pt'
2026-03-27 18:16:48,621 ERROR [217] RNAS1_BOVIN_42_150_0: FAILED - [Errno 2] No such file or directory: '/scratch/yd2915/BayesDiff/data/tier3_pockets/RNAS1_BOVIN_42_150_0.pt'
2026-03-27 18:16:48,622 ERROR [218] ROCO4_DICDI_1009_1292_0: FAILED - [Errno 2] No such file or directory: '/scratch/yd2915/BayesDiff/data/tier3_pockets/ROCO4_DICDI_1009_1292_0.pt'
2026-03-27 18:16:48,624 ERROR [219] RPE65_BOVIN_1_533_0: FAILED - [Errno 2] No such file or directory: '/scratch/yd2915/BayesDiff/data/tier3_pockets/RPE65_BOVIN_1_533_0.pt'
2026-03-27 18:16:48,625 ERROR [220] RXRA_HUMAN_222_461_coactiv_0: FAILED - [Errno 2] No such file or directory: '/scratch/yd2915/BayesDiff/data/tier3_pockets/RXRA_HUMAN_222_461_coactiv_0.pt'
2026-03-27 18:16:48,626 ERROR [221] S14L2_HUMAN_1_275_0: FAILED - [Errno 2] No such file or directory: '/scratch/yd2915/BayesDiff/data/tier3_pockets/S14L2_HUMAN_1_275_0.pt'
2026-03-27 18:16:48,627 ERROR [222] SCM_DROME_173_435_pep_0: FAILED - [Errno 2] No such file or directory: '/scratch/yd2915/BayesDiff/data/tier3_pockets/SCM_DROME_173_435_pep_0.pt'
2026-03-27 18:16:48,628 ERROR [223] SFTPD_HUMAN_257_375_0: FAILED - [Errno 2] No such file or directory: '/scratch/yd2915/BayesDiff/data/tier3_pockets/SFTPD_HUMAN_257_375_0.pt'
2026-03-27 18:16:48,629 ERROR [224] SHBG_HUMAN_34_219_0: FAILED - [Errno 2] No such file or directory: '/scratch/yd2915/BayesDiff/data/tier3_pockets/SHBG_HUMAN_34_219_0.pt'
2026-03-27 18:16:48,630 ERROR [225] SMYD2_HUMAN_2_433_0: FAILED - [Errno 2] No such file or directory: '/scratch/yd2915/BayesDiff/data/tier3_pockets/SMYD2_HUMAN_2_433_0.pt'
2026-03-27 18:16:48,632 ERROR [226] SOS1_HUMAN_563_1048_0: FAILED - [Errno 2] No such file or directory: '/scratch/yd2915/BayesDiff/data/tier3_pockets/SOS1_HUMAN_563_1048_0.pt'
2026-03-27 18:16:48,633 ERROR [227] SRC_HUMAN_145_253_0: FAILED - [Errno 2] No such file or directory: '/scratch/yd2915/BayesDiff/data/tier3_pockets/SRC_HUMAN_145_253_0.pt'
2026-03-27 18:16:48,634 ERROR [228] ST1E1_HUMAN_1_294_0: FAILED - [Errno 2] No such file or directory: '/scratch/yd2915/BayesDiff/data/tier3_pockets/ST1E1_HUMAN_1_294_0.pt'
2026-03-27 18:16:48,635 ERROR [229] STK3_HUMAN_11_312_0: FAILED - [Errno 2] No such file or directory: '/scratch/yd2915/BayesDiff/data/tier3_pockets/STK3_HUMAN_11_312_0.pt'
2026-03-27 18:16:48,636 ERROR [230] SYFA_PSEAE_1_338_0: FAILED - [Errno 2] No such file or directory: '/scratch/yd2915/BayesDiff/data/tier3_pockets/SYFA_PSEAE_1_338_0.pt'
2026-03-27 18:16:48,637 ERROR [231] SYM_BRUSU_1_515_0: FAILED - [Errno 2] No such file or directory: '/scratch/yd2915/BayesDiff/data/tier3_pockets/SYM_BRUSU_1_515_0.pt'
2026-03-27 18:16:48,638 ERROR [232] SYTM_YEAST_24_462_0: FAILED - [Errno 2] No such file or directory: '/scratch/yd2915/BayesDiff/data/tier3_pockets/SYTM_YEAST_24_462_0.pt'
2026-03-27 18:16:48,639 ERROR [233] SYYC_HUMAN_2_360_0: FAILED - [Errno 2] No such file or directory: '/scratch/yd2915/BayesDiff/data/tier3_pockets/SYYC_HUMAN_2_360_0.pt'
2026-03-27 18:16:48,640 ERROR [234] TBB5_HUMAN_1_440_0: FAILED - [Errno 2] No such file or directory: '/scratch/yd2915/BayesDiff/data/tier3_pockets/TBB5_HUMAN_1_440_0.pt'
2026-03-27 18:16:48,641 ERROR [235] TGFR1_HUMAN_199_503_0: FAILED - [Errno 2] No such file or directory: '/scratch/yd2915/BayesDiff/data/tier3_pockets/TGFR1_HUMAN_199_503_0.pt'
2026-03-27 18:16:48,642 ERROR [236] THBG_HUMAN_33_415_0: FAILED - [Errno 2] No such file or directory: '/scratch/yd2915/BayesDiff/data/tier3_pockets/THBG_HUMAN_33_415_0.pt'
2026-03-27 18:16:48,643 ERROR [237] THRB_BOVIN_367_518_0: FAILED - [Errno 2] No such file or directory: '/scratch/yd2915/BayesDiff/data/tier3_pockets/THRB_BOVIN_367_518_0.pt'
2026-03-27 18:16:48,644 ERROR [238] TKT1_YEAST_2_680_0: FAILED - [Errno 2] No such file or directory: '/scratch/yd2915/BayesDiff/data/tier3_pockets/TKT1_YEAST_2_680_0.pt'
2026-03-27 18:16:48,645 ERROR [239] TNIK_HUMAN_3_324_0: FAILED - [Errno 2] No such file or directory: '/scratch/yd2915/BayesDiff/data/tier3_pockets/TNIK_HUMAN_3_324_0.pt'
2026-03-27 18:16:48,647 ERROR [240] TPH1_HUMAN_103_400_0: FAILED - [Errno 2] No such file or directory: '/scratch/yd2915/BayesDiff/data/tier3_pockets/TPH1_HUMAN_103_400_0.pt'
2026-03-27 18:16:48,648 ERROR [241] TPIS_MYCTU_1_261_0: FAILED - [Errno 2] No such file or directory: '/scratch/yd2915/BayesDiff/data/tier3_pockets/TPIS_MYCTU_1_261_0.pt'
2026-03-27 18:16:48,649 ERROR [242] TRMD_HAEIN_2_246_0: FAILED - [Errno 2] No such file or directory: '/scratch/yd2915/BayesDiff/data/tier3_pockets/TRMD_HAEIN_2_246_0.pt'
2026-03-27 18:16:48,650 ERROR [243] TRY1_BOVIN_66_246_0: FAILED - [Errno 2] No such file or directory: '/scratch/yd2915/BayesDiff/data/tier3_pockets/TRY1_BOVIN_66_246_0.pt'
2026-03-27 18:16:48,651 ERROR [244] TTBK1_HUMAN_6_314_0: FAILED - [Errno 2] No such file or directory: '/scratch/yd2915/BayesDiff/data/tier3_pockets/TTBK1_HUMAN_6_314_0.pt'
2026-03-27 18:16:48,652 ERROR [245] TUBOL_MYCTU_1_296_0: FAILED - [Errno 2] No such file or directory: '/scratch/yd2915/BayesDiff/data/tier3_pockets/TUBOL_MYCTU_1_296_0.pt'
2026-03-27 18:16:48,653 ERROR [246] TYRB_PARDE_1_394_0: FAILED - [Errno 2] No such file or directory: '/scratch/yd2915/BayesDiff/data/tier3_pockets/TYRB_PARDE_1_394_0.pt'
2026-03-27 18:16:48,654 ERROR [247] TYSY_HUMAN_25_313_raltitrexed_0: FAILED - [Errno 2] No such file or directory: '/scratch/yd2915/BayesDiff/data/tier3_pockets/TYSY_HUMAN_25_313_raltitrexed_0.pt'
2026-03-27 18:16:48,655 ERROR [248] UBC9_HUMAN_1_158_0: FAILED - [Errno 2] No such file or directory: '/scratch/yd2915/BayesDiff/data/tier3_pockets/UBC9_HUMAN_1_158_0.pt'
2026-03-27 18:16:48,656 ERROR [249] UROK_HUMAN_175_427_0: FAILED - [Errno 2] No such file or directory: '/scratch/yd2915/BayesDiff/data/tier3_pockets/UROK_HUMAN_175_427_0.pt'
2026-03-27 18:16:48,657 ERROR [250] VDR_RAT_116_422_ligBind_0: FAILED - [Errno 2] No such file or directory: '/scratch/yd2915/BayesDiff/data/tier3_pockets/VDR_RAT_116_422_ligBind_0.pt'
2026-03-27 18:16:48,658 ERROR [251] VGP_EBOZM_34_298_0: FAILED - [Errno 2] No such file or directory: '/scratch/yd2915/BayesDiff/data/tier3_pockets/VGP_EBOZM_34_298_0.pt'
2026-03-27 18:16:48,659 ERROR [252] WDR5_HUMAN_21_334_0: FAILED - [Errno 2] No such file or directory: '/scratch/yd2915/BayesDiff/data/tier3_pockets/WDR5_HUMAN_21_334_0.pt'
2026-03-27 18:16:48,660 ERROR [253] XIAP_HUMAN_151_242_0: FAILED - [Errno 2] No such file or directory: '/scratch/yd2915/BayesDiff/data/tier3_pockets/XIAP_HUMAN_151_242_0.pt'
2026-03-27 18:16:48,661 ERROR [254] Y635_MYCTU_1_158_0: FAILED - [Errno 2] No such file or directory: '/scratch/yd2915/BayesDiff/data/tier3_pockets/Y635_MYCTU_1_158_0.pt'
2026-03-27 18:16:48,665 ERROR [255] ZIPA_ECOLI_187_328_0: FAILED - [Errno 2] No such file or directory: '/scratch/yd2915/BayesDiff/data/tier3_pockets/ZIPA_ECOLI_187_328_0.pt'
2026-03-27 18:16:48,665 INFO 
DONE: 4 OK, 251 failed, 2s (0.0 min)
