2026-03-27 17:02:12,228 INFO Loaded 1067 pockets from /scratch/yd2915/BayesDiff/data/tier3_pocket_list.json
2026-03-27 17:02:29,613 INFO Model loaded: hidden_dim=128, num_layers=9, device=cuda
2026-03-27 17:02:31,512 INFO Found 1019 pockets with SDF files
2026-03-27 17:02:31,512 INFO Shard 1/4: processing 255 pockets
2026-03-27 17:02:31,516 ERROR [1] 1433S_HUMAN_1_233_0: FAILED - [Errno 2] No such file or directory: '/scratch/yd2915/BayesDiff/data/tier3_pockets/1433S_HUMAN_1_233_0.pt'
2026-03-27 17:02:31,521 ERROR [2] AADAT_HUMAN_1_425_0: FAILED - [Errno 2] No such file or directory: '/scratch/yd2915/BayesDiff/data/tier3_pockets/AADAT_HUMAN_1_425_0.pt'
2026-03-27 17:02:31,522 ERROR [3] AAUB_ALCFA_30_390_0: FAILED - [Errno 2] No such file or directory: '/scratch/yd2915/BayesDiff/data/tier3_pockets/AAUB_ALCFA_30_390_0.pt'
2026-03-27 17:02:31,524 ERROR [4] ABL2_HUMAN_274_551_0: FAILED - [Errno 2] No such file or directory: '/scratch/yd2915/BayesDiff/data/tier3_pockets/ABL2_HUMAN_274_551_0.pt'
2026-03-27 17:02:32,045 ERROR [10] ADK_HUMAN_15_362_0: FAILED - [Errno 2] No such file or directory: '/scratch/yd2915/BayesDiff/data/tier3_pockets/ADK_HUMAN_15_362_0.pt'
2026-03-27 17:02:32,047 ERROR [11] AGAL_HUMAN_32_429_0: FAILED - [Errno 2] No such file or directory: '/scratch/yd2915/BayesDiff/data/tier3_pockets/AGAL_HUMAN_32_429_0.pt'
2026-03-27 17:02:32,049 ERROR [12] AKT1_HUMAN_137_445_pep_0: FAILED - [Errno 2] No such file or directory: '/scratch/yd2915/BayesDiff/data/tier3_pockets/AKT1_HUMAN_137_445_pep_0.pt'
2026-03-27 17:02:32,050 ERROR [13] ALBU_HUMAN_25_609_diazepamSite_0: FAILED - [Errno 2] No such file or directory: '/scratch/yd2915/BayesDiff/data/tier3_pockets/ALBU_HUMAN_25_609_diazepamSite_0.pt'
2026-03-27 17:02:32,051 ERROR [14] ALDH2_HUMAN_18_517_0: FAILED - [Errno 2] No such file or directory: '/scratch/yd2915/BayesDiff/data/tier3_pockets/ALDH2_HUMAN_18_517_0.pt'
2026-03-27 17:02:32,053 ERROR [15] ALF_MYCTU_1_344_0: FAILED - [Errno 2] No such file or directory: '/scratch/yd2915/BayesDiff/data/tier3_pockets/ALF_MYCTU_1_344_0.pt'
2026-03-27 17:02:32,054 ERROR [16] AMP1_PLAFQ_195_1084_0: FAILED - [Errno 2] No such file or directory: '/scratch/yd2915/BayesDiff/data/tier3_pockets/AMP1_PLAFQ_195_1084_0.pt'
2026-03-27 17:02:32,055 ERROR [17] AMPL_BOVIN_33_518_0: FAILED - [Errno 2] No such file or directory: '/scratch/yd2915/BayesDiff/data/tier3_pockets/AMPL_BOVIN_33_518_0.pt'
2026-03-27 17:02:32,057 ERROR [18] AMYG_ASPNG_25_495_0: FAILED - [Errno 2] No such file or directory: '/scratch/yd2915/BayesDiff/data/tier3_pockets/AMYG_ASPNG_25_495_0.pt'
2026-03-27 17:02:32,059 ERROR [19] ANM5_HUMAN_2_637_0: FAILED - [Errno 2] No such file or directory: '/scratch/yd2915/BayesDiff/data/tier3_pockets/ANM5_HUMAN_2_637_0.pt'
2026-03-27 17:02:32,060 ERROR [20] APOA_HUMAN_4123_4201_0: FAILED - [Errno 2] No such file or directory: '/scratch/yd2915/BayesDiff/data/tier3_pockets/APOA_HUMAN_4123_4201_0.pt'
2026-03-27 17:02:32,061 ERROR [21] AROA_AGRSC_3_453_0: FAILED - [Errno 2] No such file or directory: '/scratch/yd2915/BayesDiff/data/tier3_pockets/AROA_AGRSC_3_453_0.pt'
2026-03-27 17:02:32,063 ERROR [22] AROG_MYCTU_1_462_0: FAILED - [Errno 2] No such file or directory: '/scratch/yd2915/BayesDiff/data/tier3_pockets/AROG_MYCTU_1_462_0.pt'
2026-03-27 17:02:32,064 ERROR [23] AROQ_MYCTU_1_147_0: FAILED - [Errno 2] No such file or directory: '/scratch/yd2915/BayesDiff/data/tier3_pockets/AROQ_MYCTU_1_147_0.pt'
2026-03-27 17:02:32,065 ERROR [24] ATAD2_HUMAN_980_1108_0: FAILED - [Errno 2] No such file or directory: '/scratch/yd2915/BayesDiff/data/tier3_pockets/ATAD2_HUMAN_980_1108_0.pt'
2026-03-27 17:02:32,067 ERROR [25] AURKA_HUMAN_122_397_0: FAILED - [Errno 2] No such file or directory: '/scratch/yd2915/BayesDiff/data/tier3_pockets/AURKA_HUMAN_122_397_0.pt'
2026-03-27 17:02:32,068 ERROR [26] BACE2_HUMAN_76_460_0: FAILED - [Errno 2] No such file or directory: '/scratch/yd2915/BayesDiff/data/tier3_pockets/BACE2_HUMAN_76_460_0.pt'
2026-03-27 17:02:32,069 ERROR [27] BCL2_HUMAN_2_207_0: FAILED - [Errno 2] No such file or directory: '/scratch/yd2915/BayesDiff/data/tier3_pockets/BCL2_HUMAN_2_207_0.pt'
2026-03-27 17:02:32,071 ERROR [28] BGL07_ORYSJ_25_504_0: FAILED - [Errno 2] No such file or directory: '/scratch/yd2915/BayesDiff/data/tier3_pockets/BGL07_ORYSJ_25_504_0.pt'
2026-03-27 17:02:32,072 ERROR [29] BIOA_MYCTU_2_437_0: FAILED - [Errno 2] No such file or directory: '/scratch/yd2915/BayesDiff/data/tier3_pockets/BIOA_MYCTU_2_437_0.pt'
2026-03-27 17:02:32,073 ERROR [30] BLA1_STEMA_22_290_0: FAILED - [Errno 2] No such file or directory: '/scratch/yd2915/BayesDiff/data/tier3_pockets/BLA1_STEMA_22_290_0.pt'
2026-03-27 17:02:32,074 ERROR [31] BLAB_SERMA_18_245_0: FAILED - [Errno 2] No such file or directory: '/scratch/yd2915/BayesDiff/data/tier3_pockets/BLAB_SERMA_18_245_0.pt'
2026-03-27 17:02:32,076 ERROR [32] BMP2K_HUMAN_40_344_0: FAILED - [Errno 2] No such file or directory: '/scratch/yd2915/BayesDiff/data/tier3_pockets/BMP2K_HUMAN_40_344_0.pt'
2026-03-27 17:02:32,077 ERROR [33] BRAF_HUMAN_439_724_0: FAILED - [Errno 2] No such file or directory: '/scratch/yd2915/BayesDiff/data/tier3_pockets/BRAF_HUMAN_439_724_0.pt'
2026-03-27 17:02:32,078 ERROR [34] BRD4_HUMAN_42_168_0: FAILED - [Errno 2] No such file or directory: '/scratch/yd2915/BayesDiff/data/tier3_pockets/BRD4_HUMAN_42_168_0.pt'
2026-03-27 17:02:32,080 ERROR [35] BSD_ASPTE_1_130_0: FAILED - [Errno 2] No such file or directory: '/scratch/yd2915/BayesDiff/data/tier3_pockets/BSD_ASPTE_1_130_0.pt'
2026-03-27 17:02:32,081 ERROR [36] BXB_CLOBO_2_438_0: FAILED - [Errno 2] No such file or directory: '/scratch/yd2915/BayesDiff/data/tier3_pockets/BXB_CLOBO_2_438_0.pt'
2026-03-27 17:02:32,082 ERROR [37] CAH13_HUMAN_1_262_0: FAILED - [Errno 2] No such file or directory: '/scratch/yd2915/BayesDiff/data/tier3_pockets/CAH13_HUMAN_1_262_0.pt'
2026-03-27 17:02:32,083 ERROR [38] CAH7_HUMAN_2_263_0: FAILED - [Errno 2] No such file or directory: '/scratch/yd2915/BayesDiff/data/tier3_pockets/CAH7_HUMAN_2_263_0.pt'
2026-03-27 17:02:32,084 ERROR [39] CARP_CRYPA_90_419_catalytic_0: FAILED - [Errno 2] No such file or directory: '/scratch/yd2915/BayesDiff/data/tier3_pockets/CARP_CRYPA_90_419_catalytic_0.pt'
2026-03-27 17:02:32,085 ERROR [40] CATG_HUMAN_21_248_0: FAILED - [Errno 2] No such file or directory: '/scratch/yd2915/BayesDiff/data/tier3_pockets/CATG_HUMAN_21_248_0.pt'
2026-03-27 17:02:32,086 ERROR [41] CBP2_WHEAT_3_441_0: FAILED - [Errno 2] No such file or directory: '/scratch/yd2915/BayesDiff/data/tier3_pockets/CBP2_WHEAT_3_441_0.pt'
2026-03-27 17:02:32,087 ERROR [42] CBPD_LOPSP_1_380_0: FAILED - [Errno 2] No such file or directory: '/scratch/yd2915/BayesDiff/data/tier3_pockets/CBPD_LOPSP_1_380_0.pt'
2026-03-27 17:02:32,088 ERROR [43] CCR9_HUMAN_23_341_Galpha_0: FAILED - [Errno 2] No such file or directory: '/scratch/yd2915/BayesDiff/data/tier3_pockets/CCR9_HUMAN_23_341_Galpha_0.pt'
2026-03-27 17:02:32,089 ERROR [44] CDC42_HUMAN_1_185_0: FAILED - [Errno 2] No such file or directory: '/scratch/yd2915/BayesDiff/data/tier3_pockets/CDC42_HUMAN_1_185_0.pt'
2026-03-27 17:02:32,090 ERROR [45] CDK5_HUMAN_1_292_0: FAILED - [Errno 2] No such file or directory: '/scratch/yd2915/BayesDiff/data/tier3_pockets/CDK5_HUMAN_1_292_0.pt'
2026-03-27 17:02:32,091 ERROR [46] CFAD_HUMAN_25_253_0: FAILED - [Errno 2] No such file or directory: '/scratch/yd2915/BayesDiff/data/tier3_pockets/CFAD_HUMAN_25_253_0.pt'
2026-03-27 17:02:32,093 ERROR [47] CHIB1_ASPFM_39_433_0: FAILED - [Errno 2] No such file or directory: '/scratch/yd2915/BayesDiff/data/tier3_pockets/CHIB1_ASPFM_39_433_0.pt'
2026-03-27 17:02:32,094 ERROR [48] CHK1_HUMAN_1_283_allosteric_0: FAILED - [Errno 2] No such file or directory: '/scratch/yd2915/BayesDiff/data/tier3_pockets/CHK1_HUMAN_1_283_allosteric_0.pt'
2026-03-27 17:02:32,095 ERROR [49] CHTB_VIBCH_22_124_0: FAILED - [Errno 2] No such file or directory: '/scratch/yd2915/BayesDiff/data/tier3_pockets/CHTB_VIBCH_22_124_0.pt'
2026-03-27 17:02:32,096 ERROR [50] CLK3_HUMAN_275_633_0: FAILED - [Errno 2] No such file or directory: '/scratch/yd2915/BayesDiff/data/tier3_pockets/CLK3_HUMAN_275_633_0.pt'
2026-03-27 17:02:32,097 ERROR [51] COAD_MYCTU_2_157_0: FAILED - [Errno 2] No such file or directory: '/scratch/yd2915/BayesDiff/data/tier3_pockets/COAD_MYCTU_2_157_0.pt'
2026-03-27 17:02:32,098 ERROR [52] COMT_MOUSE_44_264_0: FAILED - [Errno 2] No such file or directory: '/scratch/yd2915/BayesDiff/data/tier3_pockets/COMT_MOUSE_44_264_0.pt'
2026-03-27 17:02:32,101 ERROR [53] CRBN_CHICK_320_432_0: FAILED - [Errno 2] No such file or directory: '/scratch/yd2915/BayesDiff/data/tier3_pockets/CRBN_CHICK_320_432_0.pt'
2026-03-27 17:02:32,102 ERROR [54] CSF1R_HUMAN_539_921_0: FAILED - [Errno 2] No such file or directory: '/scratch/yd2915/BayesDiff/data/tier3_pockets/CSF1R_HUMAN_539_921_0.pt'
2026-03-27 17:02:32,104 ERROR [55] CSN5_HUMAN_10_250_0: FAILED - [Errno 2] No such file or directory: '/scratch/yd2915/BayesDiff/data/tier3_pockets/CSN5_HUMAN_10_250_0.pt'
2026-03-27 17:02:32,105 ERROR [56] D14_ORYSJ_50_318_0: FAILED - [Errno 2] No such file or directory: '/scratch/yd2915/BayesDiff/data/tier3_pockets/D14_ORYSJ_50_318_0.pt'
2026-03-27 17:02:32,106 ERROR [57] DCAM_HUMAN_1_332_0: FAILED - [Errno 2] No such file or directory: '/scratch/yd2915/BayesDiff/data/tier3_pockets/DCAM_HUMAN_1_332_0.pt'
2026-03-27 17:02:32,107 ERROR [58] DDL_STAAC_1_356_0: FAILED - [Errno 2] No such file or directory: '/scratch/yd2915/BayesDiff/data/tier3_pockets/DDL_STAAC_1_356_0.pt'
2026-03-27 17:02:32,108 ERROR [59] DEF1B_ARATH_80_272_pn3_0: FAILED - [Errno 2] No such file or directory: '/scratch/yd2915/BayesDiff/data/tier3_pockets/DEF1B_ARATH_80_272_pn3_0.pt'
2026-03-27 17:02:32,110 ERROR [60] DEF_STAAU_1_183_0: FAILED - [Errno 2] No such file or directory: '/scratch/yd2915/BayesDiff/data/tier3_pockets/DEF_STAAU_1_183_0.pt'
2026-03-27 17:02:32,111 ERROR [61] DFPA_LOLVU_2_314_0: FAILED - [Errno 2] No such file or directory: '/scratch/yd2915/BayesDiff/data/tier3_pockets/DFPA_LOLVU_2_314_0.pt'
2026-03-27 17:02:32,112 ERROR [62] DNAK_ECOLI_388_507_allosteric_0: FAILED - [Errno 2] No such file or directory: '/scratch/yd2915/BayesDiff/data/tier3_pockets/DNAK_ECOLI_388_507_allosteric_0.pt'
2026-03-27 17:02:32,113 ERROR [63] DNLJ_HAEIN_64_324_0: FAILED - [Errno 2] No such file or directory: '/scratch/yd2915/BayesDiff/data/tier3_pockets/DNLJ_HAEIN_64_324_0.pt'
2026-03-27 17:02:32,114 ERROR [64] DPO3B_ECOLI_1_366_0: FAILED - [Errno 2] No such file or directory: '/scratch/yd2915/BayesDiff/data/tier3_pockets/DPO3B_ECOLI_1_366_0.pt'
2026-03-27 17:02:32,116 ERROR [65] DSBA_ECOLI_20_208_0: FAILED - [Errno 2] No such file or directory: '/scratch/yd2915/BayesDiff/data/tier3_pockets/DSBA_ECOLI_20_208_0.pt'
2026-03-27 17:02:32,117 ERROR [66] DXR_MYCTU_1_390_0: FAILED - [Errno 2] No such file or directory: '/scratch/yd2915/BayesDiff/data/tier3_pockets/DXR_MYCTU_1_390_0.pt'
2026-03-27 17:02:32,118 ERROR [67] DYR_ECOLI_1_159_0: FAILED - [Errno 2] No such file or directory: '/scratch/yd2915/BayesDiff/data/tier3_pockets/DYR_ECOLI_1_159_0.pt'
2026-03-27 17:02:32,119 ERROR [68] DYR_STAAU_2_158_0: FAILED - [Errno 2] No such file or directory: '/scratch/yd2915/BayesDiff/data/tier3_pockets/DYR_STAAU_2_158_0.pt'
2026-03-27 17:02:32,120 ERROR [69] EGFR_HUMAN_721_984_0: FAILED - [Errno 2] No such file or directory: '/scratch/yd2915/BayesDiff/data/tier3_pockets/EGFR_HUMAN_721_984_0.pt'
2026-03-27 17:02:32,121 ERROR [70] EHPR_ENTAG_2_129_0: FAILED - [Errno 2] No such file or directory: '/scratch/yd2915/BayesDiff/data/tier3_pockets/EHPR_ENTAG_2_129_0.pt'
2026-03-27 17:02:32,123 ERROR [71] ENAH_HUMAN_1_112_0: FAILED - [Errno 2] No such file or directory: '/scratch/yd2915/BayesDiff/data/tier3_pockets/ENAH_HUMAN_1_112_0.pt'
2026-03-27 17:02:32,124 ERROR [72] ENPP2_HUMAN_40_863_0: FAILED - [Errno 2] No such file or directory: '/scratch/yd2915/BayesDiff/data/tier3_pockets/ENPP2_HUMAN_40_863_0.pt'
2026-03-27 17:02:32,124 ERROR [73] EPHA4_HUMAN_604_894_0: FAILED - [Errno 2] No such file or directory: '/scratch/yd2915/BayesDiff/data/tier3_pockets/EPHA4_HUMAN_604_894_0.pt'
2026-03-27 17:02:32,126 ERROR [74] ERBB2_HUMAN_695_1029_0: FAILED - [Errno 2] No such file or directory: '/scratch/yd2915/BayesDiff/data/tier3_pockets/ERBB2_HUMAN_695_1029_0.pt'
2026-03-27 17:02:32,127 ERROR [75] ERN1_HUMAN_554_974_0: FAILED - [Errno 2] No such file or directory: '/scratch/yd2915/BayesDiff/data/tier3_pockets/ERN1_HUMAN_554_974_0.pt'
2026-03-27 17:02:32,128 ERROR [76] ESR2_HUMAN_260_502_0: FAILED - [Errno 2] No such file or directory: '/scratch/yd2915/BayesDiff/data/tier3_pockets/ESR2_HUMAN_260_502_0.pt'
2026-03-27 17:02:32,129 ERROR [77] F16P1_HUMAN_1_338_0: FAILED - [Errno 2] No such file or directory: '/scratch/yd2915/BayesDiff/data/tier3_pockets/F16P1_HUMAN_1_338_0.pt'
2026-03-27 17:02:32,130 ERROR [78] FA10_HUMAN_126_476_0: FAILED - [Errno 2] No such file or directory: '/scratch/yd2915/BayesDiff/data/tier3_pockets/FA10_HUMAN_126_476_0.pt'
2026-03-27 17:02:32,131 ERROR [79] FAAH1_RAT_32_577_0: FAILED - [Errno 2] No such file or directory: '/scratch/yd2915/BayesDiff/data/tier3_pockets/FAAH1_RAT_32_577_0.pt'
2026-03-27 17:02:32,132 ERROR [80] FABF_ECOLI_1_413_0: FAILED - [Errno 2] No such file or directory: '/scratch/yd2915/BayesDiff/data/tier3_pockets/FABF_ECOLI_1_413_0.pt'
2026-03-27 17:02:32,134 ERROR [81] FABI_STAAR_1_256_0: FAILED - [Errno 2] No such file or directory: '/scratch/yd2915/BayesDiff/data/tier3_pockets/FABI_STAAR_1_256_0.pt'
2026-03-27 17:02:32,134 ERROR [82] FABP6_HUMAN_1_128_0: FAILED - [Errno 2] No such file or directory: '/scratch/yd2915/BayesDiff/data/tier3_pockets/FABP6_HUMAN_1_128_0.pt'
2026-03-27 17:02:32,136 ERROR [83] FAK2_HUMAN_414_692_0: FAILED - [Errno 2] No such file or directory: '/scratch/yd2915/BayesDiff/data/tier3_pockets/FAK2_HUMAN_414_692_0.pt'
2026-03-27 17:02:32,139 ERROR [84] FEUA_BACSU_19_317_0: FAILED - [Errno 2] No such file or directory: '/scratch/yd2915/BayesDiff/data/tier3_pockets/FEUA_BACSU_19_317_0.pt'
2026-03-27 17:02:32,139 ERROR [85] FIMH_ECOLI_21_180_0: FAILED - [Errno 2] No such file or directory: '/scratch/yd2915/BayesDiff/data/tier3_pockets/FIMH_ECOLI_21_180_0.pt'
2026-03-27 17:02:32,141 ERROR [86] FOLB_STAAU_1_121_0: FAILED - [Errno 2] No such file or directory: '/scratch/yd2915/BayesDiff/data/tier3_pockets/FOLB_STAAU_1_121_0.pt'
2026-03-27 17:02:32,142 ERROR [87] FPPS_HUMAN_69_419_catalytic_0: FAILED - [Errno 2] No such file or directory: '/scratch/yd2915/BayesDiff/data/tier3_pockets/FPPS_HUMAN_69_419_catalytic_0.pt'
2026-03-27 17:02:32,143 ERROR [88] FUS_HRSVA_149_517_0: FAILED - [Errno 2] No such file or directory: '/scratch/yd2915/BayesDiff/data/tier3_pockets/FUS_HRSVA_149_517_0.pt'
2026-03-27 17:02:32,144 ERROR [89] GAG_HV1B1_133_278_0: FAILED - [Errno 2] No such file or directory: '/scratch/yd2915/BayesDiff/data/tier3_pockets/GAG_HV1B1_133_278_0.pt'
2026-03-27 17:02:32,145 ERROR [90] GANAB_MOUSE_33_944_0: FAILED - [Errno 2] No such file or directory: '/scratch/yd2915/BayesDiff/data/tier3_pockets/GANAB_MOUSE_33_944_0.pt'
2026-03-27 17:02:32,147 ERROR [91] GID1_ORYSJ_2_354_0: FAILED - [Errno 2] No such file or directory: '/scratch/yd2915/BayesDiff/data/tier3_pockets/GID1_ORYSJ_2_354_0.pt'
2026-03-27 17:02:32,148 ERROR [92] GLMU_ECOLI_331_456_0: FAILED - [Errno 2] No such file or directory: '/scratch/yd2915/BayesDiff/data/tier3_pockets/GLMU_ECOLI_331_456_0.pt'
2026-03-27 17:02:32,149 ERROR [93] GLNB_SYNE7_1_112_0: FAILED - [Errno 2] No such file or directory: '/scratch/yd2915/BayesDiff/data/tier3_pockets/GLNB_SYNE7_1_112_0.pt'
2026-03-27 17:02:32,150 ERROR [94] GPDA_LEIME_1_366_0: FAILED - [Errno 2] No such file or directory: '/scratch/yd2915/BayesDiff/data/tier3_pockets/GPDA_LEIME_1_366_0.pt'
2026-03-27 17:02:32,152 ERROR [95] GRIA4_RAT_413_797_0: FAILED - [Errno 2] No such file or directory: '/scratch/yd2915/BayesDiff/data/tier3_pockets/GRIA4_RAT_413_797_0.pt'
2026-03-27 17:02:32,153 ERROR [96] GRIK3_RAT_426_806_0: FAILED - [Errno 2] No such file or directory: '/scratch/yd2915/BayesDiff/data/tier3_pockets/GRIK3_RAT_426_806_0.pt'
2026-03-27 17:02:32,155 ERROR [97] GRM2_HUMAN_1_493_0: FAILED - [Errno 2] No such file or directory: '/scratch/yd2915/BayesDiff/data/tier3_pockets/GRM2_HUMAN_1_493_0.pt'
2026-03-27 17:02:32,157 ERROR [98] GSK3B_HUMAN_31_387_0: FAILED - [Errno 2] No such file or directory: '/scratch/yd2915/BayesDiff/data/tier3_pockets/GSK3B_HUMAN_31_387_0.pt'
2026-03-27 17:02:32,158 ERROR [99] GUAD_HUMAN_2_454_0: FAILED - [Errno 2] No such file or directory: '/scratch/yd2915/BayesDiff/data/tier3_pockets/GUAD_HUMAN_2_454_0.pt'
2026-03-27 17:02:32,159 ERROR [100] GUX1_HYPJE_18_451_0: FAILED - [Errno 2] No such file or directory: '/scratch/yd2915/BayesDiff/data/tier3_pockets/GUX1_HYPJE_18_451_0.pt'
2026-03-27 17:02:32,161 ERROR [101] GYRB_MYCS2_15_255_0: FAILED - [Errno 2] No such file or directory: '/scratch/yd2915/BayesDiff/data/tier3_pockets/GYRB_MYCS2_15_255_0.pt'
2026-03-27 17:02:32,162 ERROR [102] HDAC2_HUMAN_8_375_0: FAILED - [Errno 2] No such file or directory: '/scratch/yd2915/BayesDiff/data/tier3_pockets/HDAC2_HUMAN_8_375_0.pt'
2026-03-27 17:02:32,163 ERROR [103] HDAH_ALCSD_1_369_0: FAILED - [Errno 2] No such file or directory: '/scratch/yd2915/BayesDiff/data/tier3_pockets/HDAH_ALCSD_1_369_0.pt'
2026-03-27 17:02:32,164 ERROR [104] HEPS_HUMAN_46_417_0: FAILED - [Errno 2] No such file or directory: '/scratch/yd2915/BayesDiff/data/tier3_pockets/HEPS_HUMAN_46_417_0.pt'
2026-03-27 17:02:32,165 ERROR [105] HIF1N_HUMAN_2_349_0: FAILED - [Errno 2] No such file or directory: '/scratch/yd2915/BayesDiff/data/tier3_pockets/HIF1N_HUMAN_2_349_0.pt'
2026-03-27 17:02:32,166 ERROR [106] HNL_HEVBR_1_257_0: FAILED - [Errno 2] No such file or directory: '/scratch/yd2915/BayesDiff/data/tier3_pockets/HNL_HEVBR_1_257_0.pt'
2026-03-27 17:02:32,168 ERROR [107] HPPK_ECOLI_2_159_0: FAILED - [Errno 2] No such file or directory: '/scratch/yd2915/BayesDiff/data/tier3_pockets/HPPK_ECOLI_2_159_0.pt'
2026-03-27 17:02:32,169 ERROR [108] HRR25_YEAST_1_394_0: FAILED - [Errno 2] No such file or directory: '/scratch/yd2915/BayesDiff/data/tier3_pockets/HRR25_YEAST_1_394_0.pt'
2026-03-27 17:02:32,170 ERROR [109] HSAD_MYCTU_3_290_0: FAILED - [Errno 2] No such file or directory: '/scratch/yd2915/BayesDiff/data/tier3_pockets/HSAD_MYCTU_3_290_0.pt'
2026-03-27 17:02:32,171 ERROR [110] HXK2_HUMAN_15_916_regulatory_0: FAILED - [Errno 2] No such file or directory: '/scratch/yd2915/BayesDiff/data/tier3_pockets/HXK2_HUMAN_15_916_regulatory_0.pt'
2026-03-27 17:02:32,173 ERROR [111] IDE_HUMAN_41_1019_0: FAILED - [Errno 2] No such file or directory: '/scratch/yd2915/BayesDiff/data/tier3_pockets/IDE_HUMAN_41_1019_0.pt'
2026-03-27 17:02:32,175 ERROR [112] IL2_HUMAN_20_153_0: FAILED - [Errno 2] No such file or directory: '/scratch/yd2915/BayesDiff/data/tier3_pockets/IL2_HUMAN_20_153_0.pt'
2026-03-27 17:02:32,176 ERROR [113] INSR_HUMAN_1004_1311_0: FAILED - [Errno 2] No such file or directory: '/scratch/yd2915/BayesDiff/data/tier3_pockets/INSR_HUMAN_1004_1311_0.pt'
2026-03-27 17:02:32,177 ERROR [114] ISPD_ARATH_75_302_0: FAILED - [Errno 2] No such file or directory: '/scratch/yd2915/BayesDiff/data/tier3_pockets/ISPD_ARATH_75_302_0.pt'
2026-03-27 17:02:32,178 ERROR [115] ISPH_ECOLI_1_316_0: FAILED - [Errno 2] No such file or directory: '/scratch/yd2915/BayesDiff/data/tier3_pockets/ISPH_ECOLI_1_316_0.pt'
2026-03-27 17:02:32,179 ERROR [116] ITAL_HUMAN_152_333_0: FAILED - [Errno 2] No such file or directory: '/scratch/yd2915/BayesDiff/data/tier3_pockets/ITAL_HUMAN_152_333_0.pt'
2026-03-27 17:02:32,180 ERROR [117] IUNH_CRIFA_2_315_0: FAILED - [Errno 2] No such file or directory: '/scratch/yd2915/BayesDiff/data/tier3_pockets/IUNH_CRIFA_2_315_0.pt'
2026-03-27 17:02:32,181 ERROR [118] KAI2_ARATH_1_270_0: FAILED - [Errno 2] No such file or directory: '/scratch/yd2915/BayesDiff/data/tier3_pockets/KAI2_ARATH_1_270_0.pt'
2026-03-27 17:02:32,183 ERROR [119] KC1E_HUMAN_1_295_0: FAILED - [Errno 2] No such file or directory: '/scratch/yd2915/BayesDiff/data/tier3_pockets/KC1E_HUMAN_1_295_0.pt'
2026-03-27 17:02:32,184 ERROR [120] KDM4C_HUMAN_4_348_0: FAILED - [Errno 2] No such file or directory: '/scratch/yd2915/BayesDiff/data/tier3_pockets/KDM4C_HUMAN_4_348_0.pt'
2026-03-27 17:02:32,185 ERROR [121] KDSA_AQUAE_1_266_0: FAILED - [Errno 2] No such file or directory: '/scratch/yd2915/BayesDiff/data/tier3_pockets/KDSA_AQUAE_1_266_0.pt'
2026-03-27 17:02:32,186 ERROR [122] KIF11_HUMAN_2_368_0: FAILED - [Errno 2] No such file or directory: '/scratch/yd2915/BayesDiff/data/tier3_pockets/KIF11_HUMAN_2_368_0.pt'
2026-03-27 17:02:32,188 ERROR [123] KLK6_HUMAN_22_244_0: FAILED - [Errno 2] No such file or directory: '/scratch/yd2915/BayesDiff/data/tier3_pockets/KLK6_HUMAN_22_244_0.pt'
2026-03-27 17:02:32,189 ERROR [124] KPCI_HUMAN_244_594_0: FAILED - [Errno 2] No such file or directory: '/scratch/yd2915/BayesDiff/data/tier3_pockets/KPCI_HUMAN_244_594_0.pt'
2026-03-27 17:02:32,190 ERROR [125] KPYK_STAAR_1_585_0: FAILED - [Errno 2] No such file or directory: '/scratch/yd2915/BayesDiff/data/tier3_pockets/KPYK_STAAR_1_585_0.pt'
2026-03-27 17:02:32,192 ERROR [126] KSYK_HUMAN_354_635_0: FAILED - [Errno 2] No such file or directory: '/scratch/yd2915/BayesDiff/data/tier3_pockets/KSYK_HUMAN_354_635_0.pt'
2026-03-27 17:02:32,193 ERROR [127] LACB_BOVIN_17_178_0: FAILED - [Errno 2] No such file or directory: '/scratch/yd2915/BayesDiff/data/tier3_pockets/LACB_BOVIN_17_178_0.pt'
2026-03-27 17:02:32,194 ERROR [128] LECA_ARTIN_1_133_0: FAILED - [Errno 2] No such file or directory: '/scratch/yd2915/BayesDiff/data/tier3_pockets/LECA_ARTIN_1_133_0.pt'
2026-03-27 17:02:32,196 ERROR [129] LEG3_HUMAN_111_250_0: FAILED - [Errno 2] No such file or directory: '/scratch/yd2915/BayesDiff/data/tier3_pockets/LEG3_HUMAN_111_250_0.pt'
2026-03-27 17:02:32,197 ERROR [130] LGUL_MOUSE_2_184_0: FAILED - [Errno 2] No such file or directory: '/scratch/yd2915/BayesDiff/data/tier3_pockets/LGUL_MOUSE_2_184_0.pt'
2026-03-27 17:02:32,198 ERROR [131] LPXC_AQUAE_1_272_0: FAILED - [Errno 2] No such file or directory: '/scratch/yd2915/BayesDiff/data/tier3_pockets/LPXC_AQUAE_1_272_0.pt'
2026-03-27 17:02:32,200 ERROR [132] LUCI_PHOPY_1_438_0: FAILED - [Errno 2] No such file or directory: '/scratch/yd2915/BayesDiff/data/tier3_pockets/LUCI_PHOPY_1_438_0.pt'
2026-03-27 17:02:32,201 ERROR [133] LYN_HUMAN_235_512_0: FAILED - [Errno 2] No such file or directory: '/scratch/yd2915/BayesDiff/data/tier3_pockets/LYN_HUMAN_235_512_0.pt'
2026-03-27 17:02:32,202 ERROR [134] M3K14_MOUSE_330_675_0: FAILED - [Errno 2] No such file or directory: '/scratch/yd2915/BayesDiff/data/tier3_pockets/M3K14_MOUSE_330_675_0.pt'
2026-03-27 17:02:32,203 ERROR [135] M3K8_HUMAN_65_395_0: FAILED - [Errno 2] No such file or directory: '/scratch/yd2915/BayesDiff/data/tier3_pockets/M3K8_HUMAN_65_395_0.pt'
2026-03-27 17:02:32,204 ERROR [136] MALE_ECOLI_26_108_0: FAILED - [Errno 2] No such file or directory: '/scratch/yd2915/BayesDiff/data/tier3_pockets/MALE_ECOLI_26_108_0.pt'
2026-03-27 17:02:32,206 ERROR [137] MAP11_HUMAN_79_385_0: FAILED - [Errno 2] No such file or directory: '/scratch/yd2915/BayesDiff/data/tier3_pockets/MAP11_HUMAN_79_385_0.pt'
2026-03-27 17:02:32,207 ERROR [138] MAP2_HUMAN_109_478_0: FAILED - [Errno 2] No such file or directory: '/scratch/yd2915/BayesDiff/data/tier3_pockets/MAP2_HUMAN_109_478_0.pt'
2026-03-27 17:02:32,208 ERROR [139] MARK4_HUMAN_43_370_0: FAILED - [Errno 2] No such file or directory: '/scratch/yd2915/BayesDiff/data/tier3_pockets/MARK4_HUMAN_43_370_0.pt'
2026-03-27 17:02:32,209 ERROR [140] MCL1_HUMAN_171_326_0: FAILED - [Errno 2] No such file or directory: '/scratch/yd2915/BayesDiff/data/tier3_pockets/MCL1_HUMAN_171_326_0.pt'
2026-03-27 17:02:32,210 ERROR [141] MDM2_HUMAN_16_114_0: FAILED - [Errno 2] No such file or directory: '/scratch/yd2915/BayesDiff/data/tier3_pockets/MDM2_HUMAN_16_114_0.pt'
2026-03-27 17:02:32,211 ERROR [142] MELK_HUMAN_2_336_0: FAILED - [Errno 2] No such file or directory: '/scratch/yd2915/BayesDiff/data/tier3_pockets/MELK_HUMAN_2_336_0.pt'
2026-03-27 17:02:32,212 ERROR [143] METC_ECOLI_1_395_0: FAILED - [Errno 2] No such file or directory: '/scratch/yd2915/BayesDiff/data/tier3_pockets/METC_ECOLI_1_395_0.pt'
2026-03-27 17:02:32,213 ERROR [144] MHCKA_DICDI_551_809_0: FAILED - [Errno 2] No such file or directory: '/scratch/yd2915/BayesDiff/data/tier3_pockets/MHCKA_DICDI_551_809_0.pt'
2026-03-27 17:02:32,214 ERROR [145] MK03_HUMAN_13_379_0: FAILED - [Errno 2] No such file or directory: '/scratch/yd2915/BayesDiff/data/tier3_pockets/MK03_HUMAN_13_379_0.pt'
2026-03-27 17:02:32,215 ERROR [146] MK10_HUMAN_39_402_0: FAILED - [Errno 2] No such file or directory: '/scratch/yd2915/BayesDiff/data/tier3_pockets/MK10_HUMAN_39_402_0.pt'
2026-03-27 17:02:32,217 ERROR [147] MLKL_HUMAN_185_471_0: FAILED - [Errno 2] No such file or directory: '/scratch/yd2915/BayesDiff/data/tier3_pockets/MLKL_HUMAN_185_471_0.pt'
2026-03-27 17:02:32,217 ERROR [148] MMP3_HUMAN_101_270_0: FAILED - [Errno 2] No such file or directory: '/scratch/yd2915/BayesDiff/data/tier3_pockets/MMP3_HUMAN_101_270_0.pt'
2026-03-27 17:02:32,218 ERROR [149] MPIP2_HUMAN_386_571_0: FAILED - [Errno 2] No such file or directory: '/scratch/yd2915/BayesDiff/data/tier3_pockets/MPIP2_HUMAN_386_571_0.pt'
2026-03-27 17:02:32,220 ERROR [150] MTAP_HUMAN_1_283_0: FAILED - [Errno 2] No such file or directory: '/scratch/yd2915/BayesDiff/data/tier3_pockets/MTAP_HUMAN_1_283_0.pt'
2026-03-27 17:02:32,220 ERROR [151] MTTA_THEAQ_3_420_0: FAILED - [Errno 2] No such file or directory: '/scratch/yd2915/BayesDiff/data/tier3_pockets/MTTA_THEAQ_3_420_0.pt'
2026-03-27 17:02:32,221 ERROR [152] MURI_HELPJ_1_255_allosteric2_0: FAILED - [Errno 2] No such file or directory: '/scratch/yd2915/BayesDiff/data/tier3_pockets/MURI_HELPJ_1_255_allosteric2_0.pt'
2026-03-27 17:02:32,223 ERROR [153] NAAA_BRASZ_1_425_0: FAILED - [Errno 2] No such file or directory: '/scratch/yd2915/BayesDiff/data/tier3_pockets/NAAA_BRASZ_1_425_0.pt'
2026-03-27 17:02:32,225 ERROR [154] NADK1_LISMO_1_264_0: FAILED - [Errno 2] No such file or directory: '/scratch/yd2915/BayesDiff/data/tier3_pockets/NADK1_LISMO_1_264_0.pt'
2026-03-27 17:02:32,226 ERROR [155] NAGZ_VIBCH_1_330_0: FAILED - [Errno 2] No such file or directory: '/scratch/yd2915/BayesDiff/data/tier3_pockets/NAGZ_VIBCH_1_330_0.pt'
2026-03-27 17:02:32,227 ERROR [156] NANA_HAEIN_1_293_0: FAILED - [Errno 2] No such file or directory: '/scratch/yd2915/BayesDiff/data/tier3_pockets/NANA_HAEIN_1_293_0.pt'
2026-03-27 17:02:32,228 ERROR [157] NCAP_HRSVA_29_252_0: FAILED - [Errno 2] No such file or directory: '/scratch/yd2915/BayesDiff/data/tier3_pockets/NCAP_HRSVA_29_252_0.pt'
2026-03-27 17:02:32,229 ERROR [158] NEUL_RAT_31_704_0: FAILED - [Errno 2] No such file or directory: '/scratch/yd2915/BayesDiff/data/tier3_pockets/NEUL_RAT_31_704_0.pt'
2026-03-27 17:02:32,230 ERROR [159] NMDE2_HUMAN_31_394_0: FAILED - [Errno 2] No such file or directory: '/scratch/yd2915/BayesDiff/data/tier3_pockets/NMDE2_HUMAN_31_394_0.pt'
2026-03-27 17:02:32,231 ERROR [160] NOS2_MOUSE_114_498_0: FAILED - [Errno 2] No such file or directory: '/scratch/yd2915/BayesDiff/data/tier3_pockets/NOS2_MOUSE_114_498_0.pt'
2026-03-27 17:02:32,232 ERROR [161] NR1H4_HUMAN_258_486_0: FAILED - [Errno 2] No such file or directory: '/scratch/yd2915/BayesDiff/data/tier3_pockets/NR1H4_HUMAN_258_486_0.pt'
2026-03-27 17:02:32,233 ERROR [162] NRAM_I67A0_82_469_0: FAILED - [Errno 2] No such file or directory: '/scratch/yd2915/BayesDiff/data/tier3_pockets/NRAM_I67A0_82_469_0.pt'
2026-03-27 17:02:32,234 ERROR [163] NRAM_INBLE_72_466_0: FAILED - [Errno 2] No such file or directory: '/scratch/yd2915/BayesDiff/data/tier3_pockets/NRAM_INBLE_72_466_0.pt'
2026-03-27 17:02:32,235 ERROR [164] NTRK3_HUMAN_526_836_0: FAILED - [Errno 2] No such file or directory: '/scratch/yd2915/BayesDiff/data/tier3_pockets/NTRK3_HUMAN_526_836_0.pt'
2026-03-27 17:02:32,237 ERROR [165] ODP1_ECOLI_2_887_0: FAILED - [Errno 2] No such file or directory: '/scratch/yd2915/BayesDiff/data/tier3_pockets/ODP1_ECOLI_2_887_0.pt'
2026-03-27 17:02:32,238 ERROR [166] OGA_CLOP1_31_623_0: FAILED - [Errno 2] No such file or directory: '/scratch/yd2915/BayesDiff/data/tier3_pockets/OGA_CLOP1_31_623_0.pt'
2026-03-27 17:02:32,239 ERROR [167] OPRM_MOUSE_52_354_0: FAILED - [Errno 2] No such file or directory: '/scratch/yd2915/BayesDiff/data/tier3_pockets/OPRM_MOUSE_52_354_0.pt'
2026-03-27 17:02:32,240 ERROR [168] OTC_HUMAN_34_354_0: FAILED - [Errno 2] No such file or directory: '/scratch/yd2915/BayesDiff/data/tier3_pockets/OTC_HUMAN_34_354_0.pt'
2026-03-27 17:02:32,241 ERROR [169] P2RY1_HUMAN_2_373_alloEH123_0: FAILED - [Errno 2] No such file or directory: '/scratch/yd2915/BayesDiff/data/tier3_pockets/P2RY1_HUMAN_2_373_alloEH123_0.pt'
2026-03-27 17:02:32,243 ERROR [170] PA2A1_NAJAT_28_146_0: FAILED - [Errno 2] No such file or directory: '/scratch/yd2915/BayesDiff/data/tier3_pockets/PA2A1_NAJAT_28_146_0.pt'
2026-03-27 17:02:32,244 ERROR [171] PA2GX_HUMAN_43_165_0: FAILED - [Errno 2] No such file or directory: '/scratch/yd2915/BayesDiff/data/tier3_pockets/PA2GX_HUMAN_43_165_0.pt'
2026-03-27 17:02:32,245 ERROR [172] PAK1_HUMAN_249_545_0: FAILED - [Errno 2] No such file or directory: '/scratch/yd2915/BayesDiff/data/tier3_pockets/PAK1_HUMAN_249_545_0.pt'
2026-03-27 17:02:32,246 ERROR [173] PAR14_HUMAN_1610_1801_0: FAILED - [Errno 2] No such file or directory: '/scratch/yd2915/BayesDiff/data/tier3_pockets/PAR14_HUMAN_1610_1801_0.pt'
2026-03-27 17:02:32,247 ERROR [174] PARP1_CHICK_652_1011_0: FAILED - [Errno 2] No such file or directory: '/scratch/yd2915/BayesDiff/data/tier3_pockets/PARP1_CHICK_652_1011_0.pt'
2026-03-27 17:02:32,248 ERROR [175] PA_I34A1_1_201_0: FAILED - [Errno 2] No such file or directory: '/scratch/yd2915/BayesDiff/data/tier3_pockets/PA_I34A1_1_201_0.pt'
2026-03-27 17:02:32,250 ERROR [176] PCC6_MYCTU_1_473_0: FAILED - [Errno 2] No such file or directory: '/scratch/yd2915/BayesDiff/data/tier3_pockets/PCC6_MYCTU_1_473_0.pt'
2026-03-27 17:02:32,251 ERROR [177] PCXA_PSEPU_2_201_0: FAILED - [Errno 2] No such file or directory: '/scratch/yd2915/BayesDiff/data/tier3_pockets/PCXA_PSEPU_2_201_0.pt'
2026-03-27 17:02:32,252 ERROR [178] PDE10_HUMAN_439_773_0: FAILED - [Errno 2] No such file or directory: '/scratch/yd2915/BayesDiff/data/tier3_pockets/PDE10_HUMAN_439_773_0.pt'
2026-03-27 17:02:32,253 ERROR [179] PDE4A_HUMAN_350_683_0: FAILED - [Errno 2] No such file or directory: '/scratch/yd2915/BayesDiff/data/tier3_pockets/PDE4A_HUMAN_350_683_0.pt'
2026-03-27 17:02:32,254 ERROR [180] PDE6D_HUMAN_1_150_0: FAILED - [Errno 2] No such file or directory: '/scratch/yd2915/BayesDiff/data/tier3_pockets/PDE6D_HUMAN_1_150_0.pt'
2026-03-27 17:02:32,255 ERROR [181] PDK1_HUMAN_36_436_0: FAILED - [Errno 2] No such file or directory: '/scratch/yd2915/BayesDiff/data/tier3_pockets/PDK1_HUMAN_36_436_0.pt'
2026-03-27 17:02:32,256 ERROR [182] PDPK1_HUMAN_408_556_0: FAILED - [Errno 2] No such file or directory: '/scratch/yd2915/BayesDiff/data/tier3_pockets/PDPK1_HUMAN_408_556_0.pt'
2026-03-27 17:02:32,257 ERROR [183] PEPA1_PENJA_1_323_0: FAILED - [Errno 2] No such file or directory: '/scratch/yd2915/BayesDiff/data/tier3_pockets/PEPA1_PENJA_1_323_0.pt'
2026-03-27 17:02:32,259 ERROR [184] PGH2_MOUSE_16_570_0: FAILED - [Errno 2] No such file or directory: '/scratch/yd2915/BayesDiff/data/tier3_pockets/PGH2_MOUSE_16_570_0.pt'
2026-03-27 17:02:32,259 ERROR [185] PHIP_HUMAN_1310_1439_0: FAILED - [Errno 2] No such file or directory: '/scratch/yd2915/BayesDiff/data/tier3_pockets/PHIP_HUMAN_1310_1439_0.pt'
2026-03-27 17:02:32,261 ERROR [186] PHZD2_PSEAE_1_207_0: FAILED - [Errno 2] No such file or directory: '/scratch/yd2915/BayesDiff/data/tier3_pockets/PHZD2_PSEAE_1_207_0.pt'
2026-03-27 17:02:32,261 ERROR [187] PIM2_HUMAN_1_311_ATPsite_0: FAILED - [Errno 2] No such file or directory: '/scratch/yd2915/BayesDiff/data/tier3_pockets/PIM2_HUMAN_1_311_ATPsite_0.pt'
2026-03-27 17:02:32,263 ERROR [188] PK3C3_HUMAN_281_880_0: FAILED - [Errno 2] No such file or directory: '/scratch/yd2915/BayesDiff/data/tier3_pockets/PK3C3_HUMAN_281_880_0.pt'
2026-03-27 17:02:32,264 ERROR [189] PK3CG_HUMAN_143_1102_0: FAILED - [Errno 2] No such file or directory: '/scratch/yd2915/BayesDiff/data/tier3_pockets/PK3CG_HUMAN_143_1102_0.pt'
2026-03-27 17:02:32,265 ERROR [190] PLC_BACCE_32_329_0: FAILED - [Errno 2] No such file or directory: '/scratch/yd2915/BayesDiff/data/tier3_pockets/PLC_BACCE_32_329_0.pt'
2026-03-27 17:02:32,266 ERROR [191] PLM2_PLAFA_124_453_0: FAILED - [Errno 2] No such file or directory: '/scratch/yd2915/BayesDiff/data/tier3_pockets/PLM2_PLAFA_124_453_0.pt'
2026-03-27 17:02:32,267 ERROR [192] PNPH_BOVIN_1_287_0: FAILED - [Errno 2] No such file or directory: '/scratch/yd2915/BayesDiff/data/tier3_pockets/PNPH_BOVIN_1_287_0.pt'
2026-03-27 17:02:32,269 ERROR [193] POLG_DEN3S_2759_3355_0: FAILED - [Errno 2] No such file or directory: '/scratch/yd2915/BayesDiff/data/tier3_pockets/POLG_DEN3S_2759_3355_0.pt'
2026-03-27 17:02:32,270 ERROR [194] POLG_HCVBK_2420_2955_catalytic_0: FAILED - [Errno 2] No such file or directory: '/scratch/yd2915/BayesDiff/data/tier3_pockets/POLG_HCVBK_2420_2955_catalytic_0.pt'
2026-03-27 17:02:32,271 ERROR [195] POLG_HCVJ4_2420_2955_0: FAILED - [Errno 2] No such file or directory: '/scratch/yd2915/BayesDiff/data/tier3_pockets/POLG_HCVJ4_2420_2955_0.pt'
2026-03-27 17:02:32,273 ERROR [196] POL_FOAMV_861_1060_0: FAILED - [Errno 2] No such file or directory: '/scratch/yd2915/BayesDiff/data/tier3_pockets/POL_FOAMV_861_1060_0.pt'
2026-03-27 17:02:32,273 ERROR [197] POL_HV1B1_501_599_0: FAILED - [Errno 2] No such file or directory: '/scratch/yd2915/BayesDiff/data/tier3_pockets/POL_HV1B1_501_599_0.pt'
2026-03-27 17:02:32,274 ERROR [198] POL_HV1H2_489_587_0: FAILED - [Errno 2] No such file or directory: '/scratch/yd2915/BayesDiff/data/tier3_pockets/POL_HV1H2_489_587_0.pt'
2026-03-27 17:02:32,276 ERROR [199] POL_MLVMS_534_676_0: FAILED - [Errno 2] No such file or directory: '/scratch/yd2915/BayesDiff/data/tier3_pockets/POL_MLVMS_534_676_0.pt'
2026-03-27 17:02:32,277 ERROR [200] PPARA_HUMAN_197_468_0: FAILED - [Errno 2] No such file or directory: '/scratch/yd2915/BayesDiff/data/tier3_pockets/PPARA_HUMAN_197_468_0.pt'
2026-03-27 17:02:32,290 ERROR [201] PPCE_HUMAN_1_710_0: FAILED - [Errno 2] No such file or directory: '/scratch/yd2915/BayesDiff/data/tier3_pockets/PPCE_HUMAN_1_710_0.pt'
2026-03-27 17:02:32,291 ERROR [202] PPIF_HUMAN_43_207_0: FAILED - [Errno 2] No such file or directory: '/scratch/yd2915/BayesDiff/data/tier3_pockets/PPIF_HUMAN_43_207_0.pt'
2026-03-27 17:02:32,292 ERROR [203] PRGR_HUMAN_677_933_0: FAILED - [Errno 2] No such file or directory: '/scratch/yd2915/BayesDiff/data/tier3_pockets/PRGR_HUMAN_677_933_0.pt'
2026-03-27 17:02:32,293 ERROR [204] PTK6_HUMAN_183_446_0: FAILED - [Errno 2] No such file or directory: '/scratch/yd2915/BayesDiff/data/tier3_pockets/PTK6_HUMAN_183_446_0.pt'
2026-03-27 17:02:32,294 ERROR [205] PTPRB_HUMAN_1666_1972_0: FAILED - [Errno 2] No such file or directory: '/scratch/yd2915/BayesDiff/data/tier3_pockets/PTPRB_HUMAN_1666_1972_0.pt'
2026-03-27 17:02:32,295 ERROR [206] PUR2_HUMAN_807_1010_0: FAILED - [Errno 2] No such file or directory: '/scratch/yd2915/BayesDiff/data/tier3_pockets/PUR2_HUMAN_807_1010_0.pt'
2026-03-27 17:02:32,296 ERROR [207] PURA_ECOLI_2_432_0: FAILED - [Errno 2] No such file or directory: '/scratch/yd2915/BayesDiff/data/tier3_pockets/PURA_ECOLI_2_432_0.pt'
2026-03-27 17:02:32,298 ERROR [208] PYL1_ARATH_22_211_0: FAILED - [Errno 2] No such file or directory: '/scratch/yd2915/BayesDiff/data/tier3_pockets/PYL1_ARATH_22_211_0.pt'
2026-03-27 17:02:32,299 ERROR [209] PYRB_ECOLI_2_311_0: FAILED - [Errno 2] No such file or directory: '/scratch/yd2915/BayesDiff/data/tier3_pockets/PYRB_ECOLI_2_311_0.pt'
2026-03-27 17:02:32,300 ERROR [210] QACR_STAAU_1_188_0: FAILED - [Errno 2] No such file or directory: '/scratch/yd2915/BayesDiff/data/tier3_pockets/QACR_STAAU_1_188_0.pt'
2026-03-27 17:02:32,301 ERROR [211] R1AB_CVHSA_1539_1855_0: FAILED - [Errno 2] No such file or directory: '/scratch/yd2915/BayesDiff/data/tier3_pockets/R1AB_CVHSA_1539_1855_0.pt'
2026-03-27 17:02:32,302 ERROR [212] RADA_PYRFU_107_349_0: FAILED - [Errno 2] No such file or directory: '/scratch/yd2915/BayesDiff/data/tier3_pockets/RADA_PYRFU_107_349_0.pt'
2026-03-27 17:02:32,303 ERROR [213] RASK_HUMAN_1_168_0: FAILED - [Errno 2] No such file or directory: '/scratch/yd2915/BayesDiff/data/tier3_pockets/RASK_HUMAN_1_168_0.pt'
2026-03-27 17:02:32,305 ERROR [214] RET4_HUMAN_18_199_0: FAILED - [Errno 2] No such file or directory: '/scratch/yd2915/BayesDiff/data/tier3_pockets/RET4_HUMAN_18_199_0.pt'
2026-03-27 17:02:32,306 ERROR [215] RHG09_HUMAN_318_440_0: FAILED - [Errno 2] No such file or directory: '/scratch/yd2915/BayesDiff/data/tier3_pockets/RHG09_HUMAN_318_440_0.pt'
2026-03-27 17:02:32,307 ERROR [216] RIP1_MOMCH_24_270_0: FAILED - [Errno 2] No such file or directory: '/scratch/yd2915/BayesDiff/data/tier3_pockets/RIP1_MOMCH_24_270_0.pt'
2026-03-27 17:02:32,308 ERROR [217] RK_BOVIN_30_535_0: FAILED - [Errno 2] No such file or directory: '/scratch/yd2915/BayesDiff/data/tier3_pockets/RK_BOVIN_30_535_0.pt'
2026-03-27 17:02:32,309 ERROR [218] ROCK2_HUMAN_21_417_0: FAILED - [Errno 2] No such file or directory: '/scratch/yd2915/BayesDiff/data/tier3_pockets/ROCK2_HUMAN_21_417_0.pt'
2026-03-27 17:02:32,311 ERROR [219] ROS1_HUMAN_1932_2232_0: FAILED - [Errno 2] No such file or directory: '/scratch/yd2915/BayesDiff/data/tier3_pockets/ROS1_HUMAN_1932_2232_0.pt'
2026-03-27 17:02:32,312 ERROR [220] RPOB_THET8_2_394_0: FAILED - [Errno 2] No such file or directory: '/scratch/yd2915/BayesDiff/data/tier3_pockets/RPOB_THET8_2_394_0.pt'
2026-03-27 17:02:32,313 ERROR [221] S10A7_HUMAN_2_96_0: FAILED - [Errno 2] No such file or directory: '/scratch/yd2915/BayesDiff/data/tier3_pockets/S10A7_HUMAN_2_96_0.pt'
2026-03-27 17:02:32,314 ERROR [222] SCAF_HHV8P_4_196_0: FAILED - [Errno 2] No such file or directory: '/scratch/yd2915/BayesDiff/data/tier3_pockets/SCAF_HHV8P_4_196_0.pt'
2026-03-27 17:02:32,315 ERROR [223] SETD7_HUMAN_340_366_pep_0: FAILED - [Errno 2] No such file or directory: '/scratch/yd2915/BayesDiff/data/tier3_pockets/SETD7_HUMAN_340_366_pep_0.pt'
2026-03-27 17:02:32,317 ERROR [224] SGMR1_HUMAN_1_223_0: FAILED - [Errno 2] No such file or directory: '/scratch/yd2915/BayesDiff/data/tier3_pockets/SGMR1_HUMAN_1_223_0.pt'
2026-03-27 17:02:32,318 ERROR [225] SIR3_HUMAN_117_398_0: FAILED - [Errno 2] No such file or directory: '/scratch/yd2915/BayesDiff/data/tier3_pockets/SIR3_HUMAN_117_398_0.pt'
2026-03-27 17:02:32,319 ERROR [226] SORT_HUMAN_78_760_0: FAILED - [Errno 2] No such file or directory: '/scratch/yd2915/BayesDiff/data/tier3_pockets/SORT_HUMAN_78_760_0.pt'
2026-03-27 17:02:32,320 ERROR [227] SQHC_ALIAD_1_631_0: FAILED - [Errno 2] No such file or directory: '/scratch/yd2915/BayesDiff/data/tier3_pockets/SQHC_ALIAD_1_631_0.pt'
2026-03-27 17:02:32,321 ERROR [228] ST1A1_HUMAN_1_295_0: FAILED - [Errno 2] No such file or directory: '/scratch/yd2915/BayesDiff/data/tier3_pockets/ST1A1_HUMAN_1_295_0.pt'
2026-03-27 17:02:32,322 ERROR [229] STK24_HUMAN_14_314_0: FAILED - [Errno 2] No such file or directory: '/scratch/yd2915/BayesDiff/data/tier3_pockets/STK24_HUMAN_14_314_0.pt'
2026-03-27 17:02:32,323 ERROR [230] SUIS_HUMAN_61_931_0: FAILED - [Errno 2] No such file or directory: '/scratch/yd2915/BayesDiff/data/tier3_pockets/SUIS_HUMAN_61_931_0.pt'
2026-03-27 17:02:32,324 ERROR [231] SYK_HUMAN_69_581_0: FAILED - [Errno 2] No such file or directory: '/scratch/yd2915/BayesDiff/data/tier3_pockets/SYK_HUMAN_69_581_0.pt'
2026-03-27 17:02:32,325 ERROR [232] SYTC_HUMAN_320_723_0: FAILED - [Errno 2] No such file or directory: '/scratch/yd2915/BayesDiff/data/tier3_pockets/SYTC_HUMAN_320_723_0.pt'
2026-03-27 17:02:32,326 ERROR [233] SYW_GEOSE_1_327_0: FAILED - [Errno 2] No such file or directory: '/scratch/yd2915/BayesDiff/data/tier3_pockets/SYW_GEOSE_1_327_0.pt'
2026-03-27 17:02:32,327 ERROR [234] TAF1_HUMAN_1498_1636_0: FAILED - [Errno 2] No such file or directory: '/scratch/yd2915/BayesDiff/data/tier3_pockets/TAF1_HUMAN_1498_1636_0.pt'
2026-03-27 17:02:32,328 ERROR [235] TETR4_ECOLX_2_209_0: FAILED - [Errno 2] No such file or directory: '/scratch/yd2915/BayesDiff/data/tier3_pockets/TETR4_ECOLX_2_209_0.pt'
2026-03-27 17:02:32,329 ERROR [236] THA_HUMAN_148_375_0: FAILED - [Errno 2] No such file or directory: '/scratch/yd2915/BayesDiff/data/tier3_pockets/THA_HUMAN_148_375_0.pt'
2026-03-27 17:02:32,330 ERROR [237] THIT_LACLM_1_182_0: FAILED - [Errno 2] No such file or directory: '/scratch/yd2915/BayesDiff/data/tier3_pockets/THIT_LACLM_1_182_0.pt'
2026-03-27 17:02:32,331 ERROR [238] TIF1A_HUMAN_891_1007_inhibitor_0: FAILED - [Errno 2] No such file or directory: '/scratch/yd2915/BayesDiff/data/tier3_pockets/TIF1A_HUMAN_891_1007_inhibitor_0.pt'
2026-03-27 17:02:32,332 ERROR [239] TNI3K_HUMAN_410_730_0: FAILED - [Errno 2] No such file or directory: '/scratch/yd2915/BayesDiff/data/tier3_pockets/TNI3K_HUMAN_410_730_0.pt'
2026-03-27 17:02:32,334 ERROR [240] TPA_HUMAN_302_562_0: FAILED - [Errno 2] No such file or directory: '/scratch/yd2915/BayesDiff/data/tier3_pockets/TPA_HUMAN_302_562_0.pt'
2026-03-27 17:02:32,334 ERROR [241] TPIS_LEIME_1_251_0: FAILED - [Errno 2] No such file or directory: '/scratch/yd2915/BayesDiff/data/tier3_pockets/TPIS_LEIME_1_251_0.pt'
2026-03-27 17:02:32,336 ERROR [242] TRI5_FUSSP_1_374_0: FAILED - [Errno 2] No such file or directory: '/scratch/yd2915/BayesDiff/data/tier3_pockets/TRI5_FUSSP_1_374_0.pt'
2026-03-27 17:02:32,337 ERROR [243] TRPD_MYCTU_9_370_0: FAILED - [Errno 2] No such file or directory: '/scratch/yd2915/BayesDiff/data/tier3_pockets/TRPD_MYCTU_9_370_0.pt'
2026-03-27 17:02:32,338 ERROR [244] TRYB1_HUMAN_31_275_0: FAILED - [Errno 2] No such file or directory: '/scratch/yd2915/BayesDiff/data/tier3_pockets/TRYB1_HUMAN_31_275_0.pt'
2026-03-27 17:02:32,339 ERROR [245] TTK_HUMAN_516_808_0: FAILED - [Errno 2] No such file or directory: '/scratch/yd2915/BayesDiff/data/tier3_pockets/TTK_HUMAN_516_808_0.pt'
2026-03-27 17:02:32,340 ERROR [246] TYK2_MOUSE_877_1170_0: FAILED - [Errno 2] No such file or directory: '/scratch/yd2915/BayesDiff/data/tier3_pockets/TYK2_MOUSE_877_1170_0.pt'
2026-03-27 17:02:32,341 ERROR [247] TYSY_HUMAN_25_313_pep_0: FAILED - [Errno 2] No such file or directory: '/scratch/yd2915/BayesDiff/data/tier3_pockets/TYSY_HUMAN_25_313_pep_0.pt'
2026-03-27 17:02:32,342 ERROR [248] UB2R1_HUMAN_6_184_0: FAILED - [Errno 2] No such file or directory: '/scratch/yd2915/BayesDiff/data/tier3_pockets/UB2R1_HUMAN_6_184_0.pt'
2026-03-27 17:02:32,344 ERROR [249] UPPS_ECOLI_1_253_0: FAILED - [Errno 2] No such file or directory: '/scratch/yd2915/BayesDiff/data/tier3_pockets/UPPS_ECOLI_1_253_0.pt'
2026-03-27 17:02:32,345 ERROR [250] VDR_HUMAN_119_426_0: FAILED - [Errno 2] No such file or directory: '/scratch/yd2915/BayesDiff/data/tier3_pockets/VDR_HUMAN_119_426_0.pt'
2026-03-27 17:02:32,346 ERROR [251] VGFR2_HUMAN_808_1171_0: FAILED - [Errno 2] No such file or directory: '/scratch/yd2915/BayesDiff/data/tier3_pockets/VGFR2_HUMAN_808_1171_0.pt'
2026-03-27 17:02:32,347 ERROR [252] VP35_EBOZM_212_340_0: FAILED - [Errno 2] No such file or directory: '/scratch/yd2915/BayesDiff/data/tier3_pockets/VP35_EBOZM_212_340_0.pt'
2026-03-27 17:02:32,348 ERROR [253] XGPT_ECOLI_1_152_0: FAILED - [Errno 2] No such file or directory: '/scratch/yd2915/BayesDiff/data/tier3_pockets/XGPT_ECOLI_1_152_0.pt'
2026-03-27 17:02:32,349 ERROR [254] XYNA_THEAU_27_329_0: FAILED - [Errno 2] No such file or directory: '/scratch/yd2915/BayesDiff/data/tier3_pockets/XYNA_THEAU_27_329_0.pt'
2026-03-27 17:02:32,350 ERROR [255] YOPH_YERPS_188_468_0: FAILED - [Errno 2] No such file or directory: '/scratch/yd2915/BayesDiff/data/tier3_pockets/YOPH_YERPS_188_468_0.pt'
2026-03-27 17:02:32,350 INFO 
DONE: 5 OK, 250 failed, 1s (0.0 min)
