2026-03-27 18:16:43,316 INFO Loaded 1067 pockets from /scratch/yd2915/BayesDiff/data/tier3_pocket_list.json
2026-03-27 18:17:04,957 INFO Model loaded: hidden_dim=128, num_layers=9, device=cuda
2026-03-27 18:17:06,943 INFO Found 1019 pockets with SDF files
2026-03-27 18:17:06,943 INFO Shard 3/4: processing 254 pockets
2026-03-27 18:17:06,945 ERROR [1] 8ODP_HUMAN_42_197_0: FAILED - [Errno 2] No such file or directory: '/scratch/yd2915/BayesDiff/data/tier3_pockets/8ODP_HUMAN_42_197_0.pt'
2026-03-27 18:17:06,947 ERROR [2] AAPK1_HUMAN_14_295_0: FAILED - [Errno 2] No such file or directory: '/scratch/yd2915/BayesDiff/data/tier3_pockets/AAPK1_HUMAN_14_295_0.pt'
2026-03-27 18:17:06,948 ERROR [3] ABL1_HUMAN_228_509_allosteric_0: FAILED - [Errno 2] No such file or directory: '/scratch/yd2915/BayesDiff/data/tier3_pockets/ABL1_HUMAN_228_509_allosteric_0.pt'
2026-03-27 18:17:06,949 ERROR [4] ACACB_HUMAN_1692_2449_0: FAILED - [Errno 2] No such file or directory: '/scratch/yd2915/BayesDiff/data/tier3_pockets/ACACB_HUMAN_1692_2449_0.pt'
2026-03-27 18:17:07,544 ERROR [9] ADCY2_RAT_870_1082_0: FAILED - [Errno 2] No such file or directory: '/scratch/yd2915/BayesDiff/data/tier3_pockets/ADCY2_RAT_870_1082_0.pt'
2026-03-27 18:17:07,545 ERROR [10] ADRB2_HUMAN_26_357_TM_0: FAILED - [Errno 2] No such file or directory: '/scratch/yd2915/BayesDiff/data/tier3_pockets/ADRB2_HUMAN_26_357_TM_0.pt'
2026-03-27 18:17:07,546 ERROR [11] AGTR1_HUMAN_14_317_0: FAILED - [Errno 2] No such file or directory: '/scratch/yd2915/BayesDiff/data/tier3_pockets/AGTR1_HUMAN_14_317_0.pt'
2026-03-27 18:17:07,547 ERROR [12] AKT2_HUMAN_145_478_pep_0: FAILED - [Errno 2] No such file or directory: '/scratch/yd2915/BayesDiff/data/tier3_pockets/AKT2_HUMAN_145_478_pep_0.pt'
2026-03-27 18:17:07,550 ERROR [13] ALBU_HUMAN_25_609_naproxenSite_0: FAILED - [Errno 2] No such file or directory: '/scratch/yd2915/BayesDiff/data/tier3_pockets/ALBU_HUMAN_25_609_naproxenSite_0.pt'
2026-03-27 18:17:07,551 ERROR [14] ALF_ECOLI_1_359_0: FAILED - [Errno 2] No such file or directory: '/scratch/yd2915/BayesDiff/data/tier3_pockets/ALF_ECOLI_1_359_0.pt'
2026-03-27 18:17:07,552 ERROR [15] ALK_HUMAN_1090_1410_0: FAILED - [Errno 2] No such file or directory: '/scratch/yd2915/BayesDiff/data/tier3_pockets/ALK_HUMAN_1090_1410_0.pt'
2026-03-27 18:17:07,559 ERROR [16] AMPC_ECOLI_20_377_0: FAILED - [Errno 2] No such file or directory: '/scratch/yd2915/BayesDiff/data/tier3_pockets/AMPC_ECOLI_20_377_0.pt'
2026-03-27 18:17:07,561 ERROR [17] AMPN_PIG_63_963_0: FAILED - [Errno 2] No such file or directory: '/scratch/yd2915/BayesDiff/data/tier3_pockets/AMPN_PIG_63_963_0.pt'
2026-03-27 18:17:07,563 ERROR [18] ANDR_HUMAN_666_919_ligBind_0: FAILED - [Errno 2] No such file or directory: '/scratch/yd2915/BayesDiff/data/tier3_pockets/ANDR_HUMAN_666_919_ligBind_0.pt'
2026-03-27 18:17:07,565 ERROR [19] AOC3_HUMAN_30_763_0: FAILED - [Errno 2] No such file or directory: '/scratch/yd2915/BayesDiff/data/tier3_pockets/AOC3_HUMAN_30_763_0.pt'
2026-03-27 18:17:07,568 ERROR [20] ARGI1_HUMAN_1_322_0: FAILED - [Errno 2] No such file or directory: '/scratch/yd2915/BayesDiff/data/tier3_pockets/ARGI1_HUMAN_1_322_0.pt'
2026-03-27 18:17:07,571 ERROR [21] AROD_SALTY_1_252_0: FAILED - [Errno 2] No such file or directory: '/scratch/yd2915/BayesDiff/data/tier3_pockets/AROD_SALTY_1_252_0.pt'
2026-03-27 18:17:07,572 ERROR [22] AROK_MYCTU_1_176_0: FAILED - [Errno 2] No such file or directory: '/scratch/yd2915/BayesDiff/data/tier3_pockets/AROK_MYCTU_1_176_0.pt'
2026-03-27 18:17:07,574 ERROR [23] AT1A1_RAT_28_1023_0: FAILED - [Errno 2] No such file or directory: '/scratch/yd2915/BayesDiff/data/tier3_pockets/AT1A1_RAT_28_1023_0.pt'
2026-03-27 18:17:07,575 ERROR [24] ATS5_HUMAN_262_480_0: FAILED - [Errno 2] No such file or directory: '/scratch/yd2915/BayesDiff/data/tier3_pockets/ATS5_HUMAN_262_480_0.pt'
2026-03-27 18:17:07,579 ERROR [25] B2CL1_HUMAN_1_207_0: FAILED - [Errno 2] No such file or directory: '/scratch/yd2915/BayesDiff/data/tier3_pockets/B2CL1_HUMAN_1_207_0.pt'
2026-03-27 18:17:07,580 ERROR [26] BCAT2_HUMAN_28_392_0: FAILED - [Errno 2] No such file or directory: '/scratch/yd2915/BayesDiff/data/tier3_pockets/BCAT2_HUMAN_28_392_0.pt'
2026-03-27 18:17:07,582 ERROR [27] BGAL_SULSO_1_489_0: FAILED - [Errno 2] No such file or directory: '/scratch/yd2915/BayesDiff/data/tier3_pockets/BGAL_SULSO_1_489_0.pt'
2026-03-27 18:17:07,583 ERROR [28] BGLA_THEMA_1_446_0: FAILED - [Errno 2] No such file or directory: '/scratch/yd2915/BayesDiff/data/tier3_pockets/BGLA_THEMA_1_446_0.pt'
2026-03-27 18:17:07,585 ERROR [29] BIRC7_HUMAN_62_175_pep_0: FAILED - [Errno 2] No such file or directory: '/scratch/yd2915/BayesDiff/data/tier3_pockets/BIRC7_HUMAN_62_175_pep_0.pt'
2026-03-27 18:17:07,586 ERROR [30] BLAB_AERHY_28_254_0: FAILED - [Errno 2] No such file or directory: '/scratch/yd2915/BayesDiff/data/tier3_pockets/BLAB_AERHY_28_254_0.pt'
2026-03-27 18:17:07,587 ERROR [31] BLAT_ECOLX_23_286_0: FAILED - [Errno 2] No such file or directory: '/scratch/yd2915/BayesDiff/data/tier3_pockets/BLAT_ECOLX_23_286_0.pt'
2026-03-27 18:17:07,588 ERROR [32] BODG_HUMAN_1_387_0: FAILED - [Errno 2] No such file or directory: '/scratch/yd2915/BayesDiff/data/tier3_pockets/BODG_HUMAN_1_387_0.pt'
2026-03-27 18:17:07,590 ERROR [33] BRD2_HUMAN_69_198_0: FAILED - [Errno 2] No such file or directory: '/scratch/yd2915/BayesDiff/data/tier3_pockets/BRD2_HUMAN_69_198_0.pt'
2026-03-27 18:17:07,591 ERROR [34] BRDT_HUMAN_19_137_0: FAILED - [Errno 2] No such file or directory: '/scratch/yd2915/BayesDiff/data/tier3_pockets/BRDT_HUMAN_19_137_0.pt'
2026-03-27 18:17:07,593 ERROR [35] BTK_HUMAN_387_659_0: FAILED - [Errno 2] No such file or directory: '/scratch/yd2915/BayesDiff/data/tier3_pockets/BTK_HUMAN_387_659_0.pt'
2026-03-27 18:17:07,594 ERROR [36] BZNB_PSEFL_1_563_0: FAILED - [Errno 2] No such file or directory: '/scratch/yd2915/BayesDiff/data/tier3_pockets/BZNB_PSEFL_1_563_0.pt'
2026-03-27 18:17:07,596 ERROR [37] CAH2_HUMAN_2_260_0: FAILED - [Errno 2] No such file or directory: '/scratch/yd2915/BayesDiff/data/tier3_pockets/CAH2_HUMAN_2_260_0.pt'
2026-03-27 18:17:07,596 ERROR [38] CALRL_HUMAN_23_133_ECD_0: FAILED - [Errno 2] No such file or directory: '/scratch/yd2915/BayesDiff/data/tier3_pockets/CALRL_HUMAN_23_133_ECD_0.pt'
2026-03-27 18:17:07,598 ERROR [39] CATA_RHOOP_2_270_0: FAILED - [Errno 2] No such file or directory: '/scratch/yd2915/BayesDiff/data/tier3_pockets/CATA_RHOOP_2_270_0.pt'
2026-03-27 18:17:07,598 ERROR [40] CATL1_HUMAN_114_333_0: FAILED - [Errno 2] No such file or directory: '/scratch/yd2915/BayesDiff/data/tier3_pockets/CATL1_HUMAN_114_333_0.pt'
2026-03-27 18:17:07,600 ERROR [41] CBPB1_PIG_192_416_0: FAILED - [Errno 2] No such file or directory: '/scratch/yd2915/BayesDiff/data/tier3_pockets/CBPB1_PIG_192_416_0.pt'
2026-03-27 18:17:07,601 ERROR [42] CBX7_HUMAN_6_65_0: FAILED - [Errno 2] No such file or directory: '/scratch/yd2915/BayesDiff/data/tier3_pockets/CBX7_HUMAN_6_65_0.pt'
2026-03-27 18:17:07,602 ERROR [43] CD44_MOUSE_21_171_0: FAILED - [Errno 2] No such file or directory: '/scratch/yd2915/BayesDiff/data/tier3_pockets/CD44_MOUSE_21_171_0.pt'
2026-03-27 18:17:07,603 ERROR [44] CDD_ECOLI_1_294_0: FAILED - [Errno 2] No such file or directory: '/scratch/yd2915/BayesDiff/data/tier3_pockets/CDD_ECOLI_1_294_0.pt'
2026-03-27 18:17:07,604 ERROR [45] CDK8_HUMAN_1_364_0: FAILED - [Errno 2] No such file or directory: '/scratch/yd2915/BayesDiff/data/tier3_pockets/CDK8_HUMAN_1_364_0.pt'
2026-03-27 18:17:07,605 ERROR [46] CHIA1_ASPFM_28_337_0: FAILED - [Errno 2] No such file or directory: '/scratch/yd2915/BayesDiff/data/tier3_pockets/CHIA1_ASPFM_28_337_0.pt'
2026-03-27 18:17:07,606 ERROR [47] CHIT_YEAST_22_315_0: FAILED - [Errno 2] No such file or directory: '/scratch/yd2915/BayesDiff/data/tier3_pockets/CHIT_YEAST_22_315_0.pt'
2026-03-27 18:17:07,607 ERROR [48] CHKA_HUMAN_60_457_catalytic_0: FAILED - [Errno 2] No such file or directory: '/scratch/yd2915/BayesDiff/data/tier3_pockets/CHKA_HUMAN_60_457_catalytic_0.pt'
2026-03-27 18:17:07,608 ERROR [49] CLH1_HUMAN_1_362_0: FAILED - [Errno 2] No such file or directory: '/scratch/yd2915/BayesDiff/data/tier3_pockets/CLH1_HUMAN_1_362_0.pt'
2026-03-27 18:17:07,608 ERROR [50] CNO6L_HUMAN_158_555_0: FAILED - [Errno 2] No such file or directory: '/scratch/yd2915/BayesDiff/data/tier3_pockets/CNO6L_HUMAN_158_555_0.pt'
2026-03-27 18:17:07,609 ERROR [51] COAW_STAA8_1_267_0: FAILED - [Errno 2] No such file or directory: '/scratch/yd2915/BayesDiff/data/tier3_pockets/COAW_STAA8_1_267_0.pt'
2026-03-27 18:17:07,610 ERROR [52] CPNS1_HUMAN_93_267_0: FAILED - [Errno 2] No such file or directory: '/scratch/yd2915/BayesDiff/data/tier3_pockets/CPNS1_HUMAN_93_267_0.pt'
2026-03-27 18:17:07,611 ERROR [53] CRP_HUMAN_19_224_0: FAILED - [Errno 2] No such file or directory: '/scratch/yd2915/BayesDiff/data/tier3_pockets/CRP_HUMAN_19_224_0.pt'
2026-03-27 18:17:07,615 ERROR [54] CSK21_HUMAN_1_335_beta_0: FAILED - [Errno 2] No such file or directory: '/scratch/yd2915/BayesDiff/data/tier3_pockets/CSK21_HUMAN_1_335_beta_0.pt'
2026-03-27 18:17:07,616 ERROR [55] CXCR4_HUMAN_1_319_TM_0: FAILED - [Errno 2] No such file or directory: '/scratch/yd2915/BayesDiff/data/tier3_pockets/CXCR4_HUMAN_1_319_TM_0.pt'
2026-03-27 18:17:07,617 ERROR [56] DAPK1_HUMAN_1_289_0: FAILED - [Errno 2] No such file or directory: '/scratch/yd2915/BayesDiff/data/tier3_pockets/DAPK1_HUMAN_1_289_0.pt'
2026-03-27 18:17:07,618 ERROR [57] DCPS_HUMAN_37_337_0: FAILED - [Errno 2] No such file or directory: '/scratch/yd2915/BayesDiff/data/tier3_pockets/DCPS_HUMAN_37_337_0.pt'
2026-03-27 18:17:07,619 ERROR [58] DEF1A_ARATH_78_268_0: FAILED - [Errno 2] No such file or directory: '/scratch/yd2915/BayesDiff/data/tier3_pockets/DEF1A_ARATH_78_268_0.pt'
2026-03-27 18:17:07,620 ERROR [59] DEFM_HUMAN_62_243_0: FAILED - [Errno 2] No such file or directory: '/scratch/yd2915/BayesDiff/data/tier3_pockets/DEFM_HUMAN_62_243_0.pt'
2026-03-27 18:17:07,623 ERROR [60] DEF_STRPN_1_203_0: FAILED - [Errno 2] No such file or directory: '/scratch/yd2915/BayesDiff/data/tier3_pockets/DEF_STRPN_1_203_0.pt'
2026-03-27 18:17:07,624 ERROR [61] DHB1_HUMAN_2_290_0: FAILED - [Errno 2] No such file or directory: '/scratch/yd2915/BayesDiff/data/tier3_pockets/DHB1_HUMAN_2_290_0.pt'
2026-03-27 18:17:07,625 ERROR [62] DNLJ_ECOLI_1_586_0: FAILED - [Errno 2] No such file or directory: '/scratch/yd2915/BayesDiff/data/tier3_pockets/DNLJ_ECOLI_1_586_0.pt'
2026-03-27 18:17:07,626 ERROR [63] DNPH1_RAT_9_152_0: FAILED - [Errno 2] No such file or directory: '/scratch/yd2915/BayesDiff/data/tier3_pockets/DNPH1_RAT_9_152_0.pt'
2026-03-27 18:17:07,627 ERROR [64] DPP4_PIG_39_766_0: FAILED - [Errno 2] No such file or directory: '/scratch/yd2915/BayesDiff/data/tier3_pockets/DPP4_PIG_39_766_0.pt'
2026-03-27 18:17:07,628 ERROR [65] DUT_HUMAN_98_252_0: FAILED - [Errno 2] No such file or directory: '/scratch/yd2915/BayesDiff/data/tier3_pockets/DUT_HUMAN_98_252_0.pt'
2026-03-27 18:17:07,632 ERROR [66] DYR1A_HUMAN_124_488_ATP_0: FAILED - [Errno 2] No such file or directory: '/scratch/yd2915/BayesDiff/data/tier3_pockets/DYR1A_HUMAN_124_488_ATP_0.pt'
2026-03-27 18:17:07,633 ERROR [67] DYR_MYCTU_4_161_0: FAILED - [Errno 2] No such file or directory: '/scratch/yd2915/BayesDiff/data/tier3_pockets/DYR_MYCTU_4_161_0.pt'
2026-03-27 18:17:07,634 ERROR [68] EBDG_AMYOR_1_906_0: FAILED - [Errno 2] No such file or directory: '/scratch/yd2915/BayesDiff/data/tier3_pockets/EBDG_AMYOR_1_906_0.pt'
2026-03-27 18:17:07,635 ERROR [69] EGTD_MYCS2_1_321_0: FAILED - [Errno 2] No such file or directory: '/scratch/yd2915/BayesDiff/data/tier3_pockets/EGTD_MYCS2_1_321_0.pt'
2026-03-27 18:17:07,636 ERROR [70] ELIC_DICCH_5_319_0: FAILED - [Errno 2] No such file or directory: '/scratch/yd2915/BayesDiff/data/tier3_pockets/ELIC_DICCH_5_319_0.pt'
2026-03-27 18:17:07,637 ERROR [71] ENOG_HUMAN_2_434_0: FAILED - [Errno 2] No such file or directory: '/scratch/yd2915/BayesDiff/data/tier3_pockets/ENOG_HUMAN_2_434_0.pt'
2026-03-27 18:17:07,638 ERROR [72] EPHA2_HUMAN_594_903_ATPsite_0: FAILED - [Errno 2] No such file or directory: '/scratch/yd2915/BayesDiff/data/tier3_pockets/EPHA2_HUMAN_594_903_ATPsite_0.pt'
2026-03-27 18:17:07,640 ERROR [73] EPHB_MYCTO_1_356_0: FAILED - [Errno 2] No such file or directory: '/scratch/yd2915/BayesDiff/data/tier3_pockets/EPHB_MYCTO_1_356_0.pt'
2026-03-27 18:17:07,640 ERROR [74] ERBB4_HUMAN_695_999_0: FAILED - [Errno 2] No such file or directory: '/scratch/yd2915/BayesDiff/data/tier3_pockets/ERBB4_HUMAN_695_999_0.pt'
2026-03-27 18:17:07,641 ERROR [75] ERR3_HUMAN_228_458_0: FAILED - [Errno 2] No such file or directory: '/scratch/yd2915/BayesDiff/data/tier3_pockets/ERR3_HUMAN_228_458_0.pt'
2026-03-27 18:17:07,643 ERROR [76] ETHR_MYCTU_1_216_0: FAILED - [Errno 2] No such file or directory: '/scratch/yd2915/BayesDiff/data/tier3_pockets/ETHR_MYCTU_1_216_0.pt'
2026-03-27 18:17:07,644 ERROR [77] F16P1_PIG_2_337_allosteric_0: FAILED - [Errno 2] No such file or directory: '/scratch/yd2915/BayesDiff/data/tier3_pockets/F16P1_PIG_2_337_allosteric_0.pt'
2026-03-27 18:17:07,645 ERROR [78] FA7_HUMAN_149_466_0: FAILED - [Errno 2] No such file or directory: '/scratch/yd2915/BayesDiff/data/tier3_pockets/FA7_HUMAN_149_466_0.pt'
2026-03-27 18:17:07,646 ERROR [79] FABA_PSEAE_1_171_0: FAILED - [Errno 2] No such file or directory: '/scratch/yd2915/BayesDiff/data/tier3_pockets/FABA_PSEAE_1_171_0.pt'
2026-03-27 18:17:07,647 ERROR [80] FABH_ECOLI_1_317_0: FAILED - [Errno 2] No such file or directory: '/scratch/yd2915/BayesDiff/data/tier3_pockets/FABH_ECOLI_1_317_0.pt'
2026-03-27 18:17:07,648 ERROR [81] FABP4_MOUSE_2_132_0: FAILED - [Errno 2] No such file or directory: '/scratch/yd2915/BayesDiff/data/tier3_pockets/FABP4_MOUSE_2_132_0.pt'
2026-03-27 18:17:07,648 ERROR [82] FABZ_HELPY_1_159_0: FAILED - [Errno 2] No such file or directory: '/scratch/yd2915/BayesDiff/data/tier3_pockets/FABZ_HELPY_1_159_0.pt'
2026-03-27 18:17:07,649 ERROR [83] FDFT_HUMAN_32_370_0: FAILED - [Errno 2] No such file or directory: '/scratch/yd2915/BayesDiff/data/tier3_pockets/FDFT_HUMAN_32_370_0.pt'
2026-03-27 18:17:07,650 ERROR [84] FGFR2_HUMAN_455_769_0: FAILED - [Errno 2] No such file or directory: '/scratch/yd2915/BayesDiff/data/tier3_pockets/FGFR2_HUMAN_455_769_0.pt'
2026-03-27 18:17:07,651 ERROR [85] FKBP5_HUMAN_11_140_0: FAILED - [Errno 2] No such file or directory: '/scratch/yd2915/BayesDiff/data/tier3_pockets/FKBP5_HUMAN_11_140_0.pt'
2026-03-27 18:17:07,652 ERROR [86] FOLR2_HUMAN_22_228_0: FAILED - [Errno 2] No such file or directory: '/scratch/yd2915/BayesDiff/data/tier3_pockets/FOLR2_HUMAN_22_228_0.pt'
2026-03-27 18:17:07,654 ERROR [87] FTSI_PSEAE_42_579_0: FAILED - [Errno 2] No such file or directory: '/scratch/yd2915/BayesDiff/data/tier3_pockets/FTSI_PSEAE_42_579_0.pt'
2026-03-27 18:17:07,655 ERROR [88] G3PG_LEIME_2_360_0: FAILED - [Errno 2] No such file or directory: '/scratch/yd2915/BayesDiff/data/tier3_pockets/G3PG_LEIME_2_360_0.pt'
2026-03-27 18:17:07,656 ERROR [89] GAK_HUMAN_12_350_0: FAILED - [Errno 2] No such file or directory: '/scratch/yd2915/BayesDiff/data/tier3_pockets/GAK_HUMAN_12_350_0.pt'
2026-03-27 18:17:07,657 ERROR [90] GCR_HUMAN_507_777_0: FAILED - [Errno 2] No such file or directory: '/scratch/yd2915/BayesDiff/data/tier3_pockets/GCR_HUMAN_507_777_0.pt'
2026-03-27 18:17:07,658 ERROR [91] GLGE1_STRCO_2_673_0: FAILED - [Errno 2] No such file or directory: '/scratch/yd2915/BayesDiff/data/tier3_pockets/GLGE1_STRCO_2_673_0.pt'
2026-03-27 18:17:07,659 ERROR [92] GLMU_STRPN_2_459_0: FAILED - [Errno 2] No such file or directory: '/scratch/yd2915/BayesDiff/data/tier3_pockets/GLMU_STRPN_2_459_0.pt'
2026-03-27 18:17:07,660 ERROR [93] GLR_HUMAN_126_430_alloEH567_0: FAILED - [Errno 2] No such file or directory: '/scratch/yd2915/BayesDiff/data/tier3_pockets/GLR_HUMAN_126_430_alloEH567_0.pt'
2026-03-27 18:17:07,661 ERROR [94] GRB2_HUMAN_55_157_0: FAILED - [Errno 2] No such file or directory: '/scratch/yd2915/BayesDiff/data/tier3_pockets/GRB2_HUMAN_55_157_0.pt'
2026-03-27 18:17:07,662 ERROR [95] GRIK1_HUMAN_444_820_0: FAILED - [Errno 2] No such file or directory: '/scratch/yd2915/BayesDiff/data/tier3_pockets/GRIK1_HUMAN_444_820_0.pt'
2026-03-27 18:17:07,663 ERROR [96] GRK5_HUMAN_1_590_0: FAILED - [Errno 2] No such file or directory: '/scratch/yd2915/BayesDiff/data/tier3_pockets/GRK5_HUMAN_1_590_0.pt'
2026-03-27 18:17:07,664 ERROR [97] GRM5_HUMAN_568_835_0: FAILED - [Errno 2] No such file or directory: '/scratch/yd2915/BayesDiff/data/tier3_pockets/GRM5_HUMAN_568_835_0.pt'
2026-03-27 18:17:07,665 ERROR [98] GSTM1_RAT_2_218_0: FAILED - [Errno 2] No such file or directory: '/scratch/yd2915/BayesDiff/data/tier3_pockets/GSTM1_RAT_2_218_0.pt'
2026-03-27 18:17:07,666 ERROR [99] GUN5_SALAG_27_330_0: FAILED - [Errno 2] No such file or directory: '/scratch/yd2915/BayesDiff/data/tier3_pockets/GUN5_SALAG_27_330_0.pt'
2026-03-27 18:17:07,667 ERROR [100] GYRB_ECOLI_7_220_0: FAILED - [Errno 2] No such file or directory: '/scratch/yd2915/BayesDiff/data/tier3_pockets/GYRB_ECOLI_7_220_0.pt'
2026-03-27 18:17:07,668 ERROR [101] HASP_HUMAN_462_798_0: FAILED - [Errno 2] No such file or directory: '/scratch/yd2915/BayesDiff/data/tier3_pockets/HASP_HUMAN_462_798_0.pt'
2026-03-27 18:17:07,669 ERROR [102] HDAC7_HUMAN_481_903_0: FAILED - [Errno 2] No such file or directory: '/scratch/yd2915/BayesDiff/data/tier3_pockets/HDAC7_HUMAN_481_903_0.pt'
2026-03-27 18:17:07,670 ERROR [103] HEMA_I68A4_54_345_0: FAILED - [Errno 2] No such file or directory: '/scratch/yd2915/BayesDiff/data/tier3_pockets/HEMA_I68A4_54_345_0.pt'
2026-03-27 18:17:07,671 ERROR [104] HGXR_PLAFG_2_231_0: FAILED - [Errno 2] No such file or directory: '/scratch/yd2915/BayesDiff/data/tier3_pockets/HGXR_PLAFG_2_231_0.pt'
2026-03-27 18:17:07,672 ERROR [105] HMDH_HUMAN_434_880_0: FAILED - [Errno 2] No such file or directory: '/scratch/yd2915/BayesDiff/data/tier3_pockets/HMDH_HUMAN_434_880_0.pt'
2026-03-27 18:17:07,673 ERROR [106] HPGDS_HUMAN_1_199_0: FAILED - [Errno 2] No such file or directory: '/scratch/yd2915/BayesDiff/data/tier3_pockets/HPGDS_HUMAN_1_199_0.pt'
2026-03-27 18:17:07,674 ERROR [107] HPRT_HUMAN_2_218_0: FAILED - [Errno 2] No such file or directory: '/scratch/yd2915/BayesDiff/data/tier3_pockets/HPRT_HUMAN_2_218_0.pt'
2026-03-27 18:17:07,675 ERROR [108] HS90A_HUMAN_7_233_0: FAILED - [Errno 2] No such file or directory: '/scratch/yd2915/BayesDiff/data/tier3_pockets/HS90A_HUMAN_7_233_0.pt'
2026-03-27 18:17:07,676 ERROR [109] HSP82_YEAST_2_217_0: FAILED - [Errno 2] No such file or directory: '/scratch/yd2915/BayesDiff/data/tier3_pockets/HSP82_YEAST_2_217_0.pt'
2026-03-27 18:17:07,677 ERROR [110] HYES_MOUSE_1_554_0: FAILED - [Errno 2] No such file or directory: '/scratch/yd2915/BayesDiff/data/tier3_pockets/HYES_MOUSE_1_554_0.pt'
2026-03-27 18:17:07,678 ERROR [111] IF4E_HUMAN_28_217_0: FAILED - [Errno 2] No such file or directory: '/scratch/yd2915/BayesDiff/data/tier3_pockets/IF4E_HUMAN_28_217_0.pt'
2026-03-27 18:17:07,679 ERROR [112] IMDH_CRYPV_1_400_0: FAILED - [Errno 2] No such file or directory: '/scratch/yd2915/BayesDiff/data/tier3_pockets/IMDH_CRYPV_1_400_0.pt'
2026-03-27 18:17:07,680 ERROR [113] IRAK4_HUMAN_158_460_0: FAILED - [Errno 2] No such file or directory: '/scratch/yd2915/BayesDiff/data/tier3_pockets/IRAK4_HUMAN_158_460_0.pt'
2026-03-27 18:17:07,681 ERROR [114] ISPF_BURP1_1_162_0: FAILED - [Errno 2] No such file or directory: '/scratch/yd2915/BayesDiff/data/tier3_pockets/ISPF_BURP1_1_162_0.pt'
2026-03-27 18:17:07,682 ERROR [115] ISPT_STRPN_4_252_0: FAILED - [Errno 2] No such file or directory: '/scratch/yd2915/BayesDiff/data/tier3_pockets/ISPT_STRPN_4_252_0.pt'
2026-03-27 18:17:07,683 ERROR [116] ITK_HUMAN_353_620_0: FAILED - [Errno 2] No such file or directory: '/scratch/yd2915/BayesDiff/data/tier3_pockets/ITK_HUMAN_353_620_0.pt'
2026-03-27 18:17:07,684 ERROR [117] JAK2_HUMAN_834_1132_0: FAILED - [Errno 2] No such file or directory: '/scratch/yd2915/BayesDiff/data/tier3_pockets/JAK2_HUMAN_834_1132_0.pt'
2026-03-27 18:17:07,685 ERROR [118] KAT2B_HUMAN_715_831_0: FAILED - [Errno 2] No such file or directory: '/scratch/yd2915/BayesDiff/data/tier3_pockets/KAT2B_HUMAN_715_831_0.pt'
2026-03-27 18:17:07,686 ERROR [119] KDM1A_HUMAN_272_846_0: FAILED - [Errno 2] No such file or directory: '/scratch/yd2915/BayesDiff/data/tier3_pockets/KDM1A_HUMAN_272_846_0.pt'
2026-03-27 18:17:07,687 ERROR [120] KDM5B_HUMAN_360_770_0: FAILED - [Errno 2] No such file or directory: '/scratch/yd2915/BayesDiff/data/tier3_pockets/KDM5B_HUMAN_360_770_0.pt'
2026-03-27 18:17:07,688 ERROR [121] KES1_YEAST_29_434_0: FAILED - [Errno 2] No such file or directory: '/scratch/yd2915/BayesDiff/data/tier3_pockets/KES1_YEAST_29_434_0.pt'
2026-03-27 18:17:07,689 ERROR [122] KIT_HUMAN_550_935_0: FAILED - [Errno 2] No such file or directory: '/scratch/yd2915/BayesDiff/data/tier3_pockets/KIT_HUMAN_550_935_0.pt'
2026-03-27 18:17:07,690 ERROR [123] KPCA_HUMAN_319_672_0: FAILED - [Errno 2] No such file or directory: '/scratch/yd2915/BayesDiff/data/tier3_pockets/KPCA_HUMAN_319_672_0.pt'
2026-03-27 18:17:07,691 ERROR [124] KPCT_HUMAN_367_706_0: FAILED - [Errno 2] No such file or directory: '/scratch/yd2915/BayesDiff/data/tier3_pockets/KPCT_HUMAN_367_706_0.pt'
2026-03-27 18:17:07,692 ERROR [125] KS6A3_HUMAN_41_357_0: FAILED - [Errno 2] No such file or directory: '/scratch/yd2915/BayesDiff/data/tier3_pockets/KS6A3_HUMAN_41_357_0.pt'
2026-03-27 18:17:07,693 ERROR [126] KTHY_PSEAE_1_210_0: FAILED - [Errno 2] No such file or directory: '/scratch/yd2915/BayesDiff/data/tier3_pockets/KTHY_PSEAE_1_210_0.pt'
2026-03-27 18:17:07,694 ERROR [127] LCK_HUMAN_227_506_0: FAILED - [Errno 2] No such file or directory: '/scratch/yd2915/BayesDiff/data/tier3_pockets/LCK_HUMAN_227_506_0.pt'
2026-03-27 18:17:07,695 ERROR [128] LEF_BACAN_296_704_pep_0: FAILED - [Errno 2] No such file or directory: '/scratch/yd2915/BayesDiff/data/tier3_pockets/LEF_BACAN_296_704_pep_0.pt'
2026-03-27 18:17:07,696 ERROR [129] LEG7_HUMAN_2_136_0: FAILED - [Errno 2] No such file or directory: '/scratch/yd2915/BayesDiff/data/tier3_pockets/LEG7_HUMAN_2_136_0.pt'
2026-03-27 18:17:07,697 ERROR [130] LKHA4_HUMAN_1_611_0: FAILED - [Errno 2] No such file or directory: '/scratch/yd2915/BayesDiff/data/tier3_pockets/LKHA4_HUMAN_1_611_0.pt'
2026-03-27 18:17:07,698 ERROR [131] LPXC_PSEAE_1_299_0: FAILED - [Errno 2] No such file or directory: '/scratch/yd2915/BayesDiff/data/tier3_pockets/LPXC_PSEAE_1_299_0.pt'
2026-03-27 18:17:07,699 ERROR [132] LUXS_BACSU_1_157_0: FAILED - [Errno 2] No such file or directory: '/scratch/yd2915/BayesDiff/data/tier3_pockets/LUXS_BACSU_1_157_0.pt'
2026-03-27 18:17:07,700 ERROR [133] M3K12_HUMAN_113_402_0: FAILED - [Errno 2] No such file or directory: '/scratch/yd2915/BayesDiff/data/tier3_pockets/M3K12_HUMAN_113_402_0.pt'
2026-03-27 18:17:07,701 ERROR [134] M3K5_HUMAN_664_941_0: FAILED - [Errno 2] No such file or directory: '/scratch/yd2915/BayesDiff/data/tier3_pockets/M3K5_HUMAN_664_941_0.pt'
2026-03-27 18:17:07,702 ERROR [135] M4K4_HUMAN_3_324_0: FAILED - [Errno 2] No such file or directory: '/scratch/yd2915/BayesDiff/data/tier3_pockets/M4K4_HUMAN_3_324_0.pt'
2026-03-27 18:17:07,703 ERROR [136] MAN2_DROME_76_1108_0: FAILED - [Errno 2] No such file or directory: '/scratch/yd2915/BayesDiff/data/tier3_pockets/MAN2_DROME_76_1108_0.pt'
2026-03-27 18:17:07,704 ERROR [137] MAP1_ECOLI_2_264_0: FAILED - [Errno 2] No such file or directory: '/scratch/yd2915/BayesDiff/data/tier3_pockets/MAP1_ECOLI_2_264_0.pt'
2026-03-27 18:17:07,705 ERROR [138] MAPK3_HUMAN_33_349_0: FAILED - [Errno 2] No such file or directory: '/scratch/yd2915/BayesDiff/data/tier3_pockets/MAPK3_HUMAN_33_349_0.pt'
2026-03-27 18:17:07,706 ERROR [139] MBTI_MYCTU_1_450_0: FAILED - [Errno 2] No such file or directory: '/scratch/yd2915/BayesDiff/data/tier3_pockets/MBTI_MYCTU_1_450_0.pt'
2026-03-27 18:17:07,707 ERROR [140] MDFA_ECOLI_9_400_0: FAILED - [Errno 2] No such file or directory: '/scratch/yd2915/BayesDiff/data/tier3_pockets/MDFA_ECOLI_9_400_0.pt'
2026-03-27 18:17:07,710 ERROR [141] MDM4_HUMAN_20_111_0: FAILED - [Errno 2] No such file or directory: '/scratch/yd2915/BayesDiff/data/tier3_pockets/MDM4_HUMAN_20_111_0.pt'
2026-03-27 18:17:07,713 ERROR [142] MENH_ECOLI_1_252_0: FAILED - [Errno 2] No such file or directory: '/scratch/yd2915/BayesDiff/data/tier3_pockets/MENH_ECOLI_1_252_0.pt'
2026-03-27 18:17:07,715 ERROR [143] MGA_HUMAN_87_955_0: FAILED - [Errno 2] No such file or directory: '/scratch/yd2915/BayesDiff/data/tier3_pockets/MGA_HUMAN_87_955_0.pt'
2026-03-27 18:17:07,716 ERROR [144] MIF_MOUSE_2_115_0: FAILED - [Errno 2] No such file or directory: '/scratch/yd2915/BayesDiff/data/tier3_pockets/MIF_MOUSE_2_115_0.pt'
2026-03-27 18:17:07,717 ERROR [145] MK08_HUMAN_2_364_ATPsite_0: FAILED - [Errno 2] No such file or directory: '/scratch/yd2915/BayesDiff/data/tier3_pockets/MK08_HUMAN_2_364_ATPsite_0.pt'
2026-03-27 18:17:07,718 ERROR [146] MK13_HUMAN_1_352_0: FAILED - [Errno 2] No such file or directory: '/scratch/yd2915/BayesDiff/data/tier3_pockets/MK13_HUMAN_1_352_0.pt'
2026-03-27 18:17:07,719 ERROR [147] MMP13_HUMAN_104_271_0: FAILED - [Errno 2] No such file or directory: '/scratch/yd2915/BayesDiff/data/tier3_pockets/MMP13_HUMAN_104_271_0.pt'
2026-03-27 18:17:07,720 ERROR [148] MMP8_HUMAN_101_262_0: FAILED - [Errno 2] No such file or directory: '/scratch/yd2915/BayesDiff/data/tier3_pockets/MMP8_HUMAN_101_262_0.pt'
2026-03-27 18:17:07,721 ERROR [149] MQMTN_HELPY_2_231_0: FAILED - [Errno 2] No such file or directory: '/scratch/yd2915/BayesDiff/data/tier3_pockets/MQMTN_HELPY_2_231_0.pt'
2026-03-27 18:17:07,722 ERROR [150] MTNN_ECOLI_1_232_0: FAILED - [Errno 2] No such file or directory: '/scratch/yd2915/BayesDiff/data/tier3_pockets/MTNN_ECOLI_1_232_0.pt'
2026-03-27 18:17:07,723 ERROR [151] MURA_ECOLI_1_419_catalytic_0: FAILED - [Errno 2] No such file or directory: '/scratch/yd2915/BayesDiff/data/tier3_pockets/MURA_ECOLI_1_419_catalytic_0.pt'
2026-03-27 18:17:07,724 ERROR [152] MYRA_SINAL_2_501_0: FAILED - [Errno 2] No such file or directory: '/scratch/yd2915/BayesDiff/data/tier3_pockets/MYRA_SINAL_2_501_0.pt'
2026-03-27 18:17:07,725 ERROR [153] NADC_YEAST_2_295_0: FAILED - [Errno 2] No such file or directory: '/scratch/yd2915/BayesDiff/data/tier3_pockets/NADC_YEAST_2_295_0.pt'
2026-03-27 18:17:07,726 ERROR [154] NAGA_ECOLI_1_382_0: FAILED - [Errno 2] No such file or directory: '/scratch/yd2915/BayesDiff/data/tier3_pockets/NAGA_ECOLI_1_382_0.pt'
2026-03-27 18:17:07,727 ERROR [155] NAMPT_HUMAN_1_490_0: FAILED - [Errno 2] No such file or directory: '/scratch/yd2915/BayesDiff/data/tier3_pockets/NAMPT_HUMAN_1_490_0.pt'
2026-03-27 18:17:07,730 ERROR [156] NANH_MICVI_46_407_0: FAILED - [Errno 2] No such file or directory: '/scratch/yd2915/BayesDiff/data/tier3_pockets/NANH_MICVI_46_407_0.pt'
2026-03-27 18:17:07,731 ERROR [157] NEK2_HUMAN_1_273_0: FAILED - [Errno 2] No such file or directory: '/scratch/yd2915/BayesDiff/data/tier3_pockets/NEK2_HUMAN_1_273_0.pt'
2026-03-27 18:17:07,732 ERROR [158] NGAL_HUMAN_15_198_0: FAILED - [Errno 2] No such file or directory: '/scratch/yd2915/BayesDiff/data/tier3_pockets/NGAL_HUMAN_15_198_0.pt'
2026-03-27 18:17:07,733 ERROR [159] NMDZ1_XENLA_21_390_0: FAILED - [Errno 2] No such file or directory: '/scratch/yd2915/BayesDiff/data/tier3_pockets/NMDZ1_XENLA_21_390_0.pt'
2026-03-27 18:17:07,734 ERROR [160] NR1H2_HUMAN_213_460_0: FAILED - [Errno 2] No such file or directory: '/scratch/yd2915/BayesDiff/data/tier3_pockets/NR1H2_HUMAN_213_460_0.pt'
2026-03-27 18:17:07,735 ERROR [161] NR1I3_MOUSE_114_358_0: FAILED - [Errno 2] No such file or directory: '/scratch/yd2915/BayesDiff/data/tier3_pockets/NR1I3_MOUSE_114_358_0.pt'
2026-03-27 18:17:07,735 ERROR [162] NRAM_I96A0_83_468_0: FAILED - [Errno 2] No such file or directory: '/scratch/yd2915/BayesDiff/data/tier3_pockets/NRAM_I96A0_83_468_0.pt'
2026-03-27 18:17:07,737 ERROR [163] NTRK1_HUMAN_487_794_0: FAILED - [Errno 2] No such file or directory: '/scratch/yd2915/BayesDiff/data/tier3_pockets/NTRK1_HUMAN_487_794_0.pt'
2026-03-27 18:17:07,738 ERROR [164] OBP_PIG_2_157_0: FAILED - [Errno 2] No such file or directory: '/scratch/yd2915/BayesDiff/data/tier3_pockets/OBP_PIG_2_157_0.pt'
2026-03-27 18:17:07,739 ERROR [165] ODPB_HUMAN_31_359_0: FAILED - [Errno 2] No such file or directory: '/scratch/yd2915/BayesDiff/data/tier3_pockets/ODPB_HUMAN_31_359_0.pt'
2026-03-27 18:17:07,740 ERROR [166] OL4AG_CELJU_17_816_0: FAILED - [Errno 2] No such file or directory: '/scratch/yd2915/BayesDiff/data/tier3_pockets/OL4AG_CELJU_17_816_0.pt'
2026-03-27 18:17:07,741 ERROR [167] OPUCC_BACSU_1_303_0: FAILED - [Errno 2] No such file or directory: '/scratch/yd2915/BayesDiff/data/tier3_pockets/OPUCC_BACSU_1_303_0.pt'
2026-03-27 18:17:07,742 ERROR [168] P2RX3_HUMAN_4_364_0: FAILED - [Errno 2] No such file or directory: '/scratch/yd2915/BayesDiff/data/tier3_pockets/P2RX3_HUMAN_4_364_0.pt'
2026-03-27 18:17:07,742 ERROR [169] P53_HUMAN_94_306_0: FAILED - [Errno 2] No such file or directory: '/scratch/yd2915/BayesDiff/data/tier3_pockets/P53_HUMAN_94_306_0.pt'
2026-03-27 18:17:07,743 ERROR [170] PA2B8_DABRR_1_121_0: FAILED - [Errno 2] No such file or directory: '/scratch/yd2915/BayesDiff/data/tier3_pockets/PA2B8_DABRR_1_121_0.pt'
2026-03-27 18:17:07,744 ERROR [171] PADI4_HUMAN_1_663_0: FAILED - [Errno 2] No such file or directory: '/scratch/yd2915/BayesDiff/data/tier3_pockets/PADI4_HUMAN_1_663_0.pt'
2026-03-27 18:17:07,745 ERROR [172] PANC_MYCTU_1_301_0: FAILED - [Errno 2] No such file or directory: '/scratch/yd2915/BayesDiff/data/tier3_pockets/PANC_MYCTU_1_301_0.pt'
2026-03-27 18:17:07,746 ERROR [173] PARE_STRPN_1_226_0: FAILED - [Errno 2] No such file or directory: '/scratch/yd2915/BayesDiff/data/tier3_pockets/PARE_STRPN_1_226_0.pt'
2026-03-27 18:17:07,747 ERROR [174] PARP2_HUMAN_230_581_0: FAILED - [Errno 2] No such file or directory: '/scratch/yd2915/BayesDiff/data/tier3_pockets/PARP2_HUMAN_230_581_0.pt'
2026-03-27 18:17:07,748 ERROR [175] PB2_I34A1_318_483_0: FAILED - [Errno 2] No such file or directory: '/scratch/yd2915/BayesDiff/data/tier3_pockets/PB2_I34A1_318_483_0.pt'
2026-03-27 18:17:07,748 ERROR [176] PCPR_SPHCR_85_307_0: FAILED - [Errno 2] No such file or directory: '/scratch/yd2915/BayesDiff/data/tier3_pockets/PCPR_SPHCR_85_307_0.pt'
2026-03-27 18:17:07,749 ERROR [177] PCXB_PSEPU_2_239_0: FAILED - [Errno 2] No such file or directory: '/scratch/yd2915/BayesDiff/data/tier3_pockets/PCXB_PSEPU_2_239_0.pt'
2026-03-27 18:17:07,750 ERROR [178] PDE1B_HUMAN_145_506_0: FAILED - [Errno 2] No such file or directory: '/scratch/yd2915/BayesDiff/data/tier3_pockets/PDE1B_HUMAN_145_506_0.pt'
2026-03-27 18:17:07,751 ERROR [179] PDE4D_HUMAN_383_715_0: FAILED - [Errno 2] No such file or directory: '/scratch/yd2915/BayesDiff/data/tier3_pockets/PDE4D_HUMAN_383_715_0.pt'
2026-03-27 18:17:07,752 ERROR [180] PDE8A_HUMAN_482_819_0: FAILED - [Errno 2] No such file or directory: '/scratch/yd2915/BayesDiff/data/tier3_pockets/PDE8A_HUMAN_482_819_0.pt'
2026-03-27 18:17:07,753 ERROR [181] PDK4_HUMAN_18_411_0: FAILED - [Errno 2] No such file or directory: '/scratch/yd2915/BayesDiff/data/tier3_pockets/PDK4_HUMAN_18_411_0.pt'
2026-03-27 18:17:07,753 ERROR [182] PDPK1_HUMAN_53_359_PIFsite_0: FAILED - [Errno 2] No such file or directory: '/scratch/yd2915/BayesDiff/data/tier3_pockets/PDPK1_HUMAN_53_359_PIFsite_0.pt'
2026-03-27 18:17:07,754 ERROR [183] PEPQ_ALTSX_1_438_0: FAILED - [Errno 2] No such file or directory: '/scratch/yd2915/BayesDiff/data/tier3_pockets/PEPQ_ALTSX_1_438_0.pt'
2026-03-27 18:17:07,755 ERROR [184] PGMB_LACLA_1_221_0: FAILED - [Errno 2] No such file or directory: '/scratch/yd2915/BayesDiff/data/tier3_pockets/PGMB_LACLA_1_221_0.pt'
2026-03-27 18:17:07,756 ERROR [185] PHP_SULSO_1_314_0: FAILED - [Errno 2] No such file or directory: '/scratch/yd2915/BayesDiff/data/tier3_pockets/PHP_SULSO_1_314_0.pt'
2026-03-27 18:17:07,757 ERROR [186] PI4KB_HUMAN_122_799_0: FAILED - [Errno 2] No such file or directory: '/scratch/yd2915/BayesDiff/data/tier3_pockets/PI4KB_HUMAN_122_799_0.pt'
2026-03-27 18:17:07,758 ERROR [187] PIN1_HUMAN_44_163_0: FAILED - [Errno 2] No such file or directory: '/scratch/yd2915/BayesDiff/data/tier3_pockets/PIN1_HUMAN_44_163_0.pt'
2026-03-27 18:17:07,759 ERROR [188] PK3CB_MOUSE_113_1064_0: FAILED - [Errno 2] No such file or directory: '/scratch/yd2915/BayesDiff/data/tier3_pockets/PK3CB_MOUSE_113_1064_0.pt'
2026-03-27 18:17:07,760 ERROR [189] PKNB_MYCTU_2_279_0: FAILED - [Errno 2] No such file or directory: '/scratch/yd2915/BayesDiff/data/tier3_pockets/PKNB_MYCTU_2_279_0.pt'
2026-03-27 18:17:07,761 ERROR [190] PLK1_HUMAN_368_599_0: FAILED - [Errno 2] No such file or directory: '/scratch/yd2915/BayesDiff/data/tier3_pockets/PLK1_HUMAN_368_599_0.pt'
2026-03-27 18:17:07,762 ERROR [191] PMGT1_HUMAN_94_250_0: FAILED - [Errno 2] No such file or directory: '/scratch/yd2915/BayesDiff/data/tier3_pockets/PMGT1_HUMAN_94_250_0.pt'
2026-03-27 18:17:07,763 ERROR [192] POLG_DEN2P_2490_2754_0: FAILED - [Errno 2] No such file or directory: '/scratch/yd2915/BayesDiff/data/tier3_pockets/POLG_DEN2P_2490_2754_0.pt'
2026-03-27 18:17:07,764 ERROR [193] POLG_HCVBK_1209_1655_0: FAILED - [Errno 2] No such file or directory: '/scratch/yd2915/BayesDiff/data/tier3_pockets/POLG_HCVBK_1209_1655_0.pt'
2026-03-27 18:17:07,765 ERROR [194] POLG_HCVCO_2420_2955_0: FAILED - [Errno 2] No such file or directory: '/scratch/yd2915/BayesDiff/data/tier3_pockets/POLG_HCVCO_2420_2955_0.pt'
2026-03-27 18:17:07,767 ERROR [195] POLG_HCVJA_1019_1209_0: FAILED - [Errno 2] No such file or directory: '/scratch/yd2915/BayesDiff/data/tier3_pockets/POLG_HCVJA_1019_1209_0.pt'
2026-03-27 18:17:07,768 ERROR [196] POL_HV1B1_1211_1371_allosteric2_0: FAILED - [Errno 2] No such file or directory: '/scratch/yd2915/BayesDiff/data/tier3_pockets/POL_HV1B1_1211_1371_allosteric2_0.pt'
2026-03-27 18:17:07,769 ERROR [197] POL_HV1H2_1019_1145_0: FAILED - [Errno 2] No such file or directory: '/scratch/yd2915/BayesDiff/data/tier3_pockets/POL_HV1H2_1019_1145_0.pt'
2026-03-27 18:17:07,770 ERROR [198] POL_HV1Z2_490_588_0: FAILED - [Errno 2] No such file or directory: '/scratch/yd2915/BayesDiff/data/tier3_pockets/POL_HV1Z2_490_588_0.pt'
2026-03-27 18:17:07,771 ERROR [199] PPAC_HUMAN_2_158_0: FAILED - [Errno 2] No such file or directory: '/scratch/yd2915/BayesDiff/data/tier3_pockets/PPAC_HUMAN_2_158_0.pt'
2026-03-27 18:17:07,772 ERROR [200] PPARG_HUMAN_229_505_0: FAILED - [Errno 2] No such file or directory: '/scratch/yd2915/BayesDiff/data/tier3_pockets/PPARG_HUMAN_229_505_0.pt'
2026-03-27 18:17:07,788 ERROR [201] PPHA_VARSP_1_290_0: FAILED - [Errno 2] No such file or directory: '/scratch/yd2915/BayesDiff/data/tier3_pockets/PPHA_VARSP_1_290_0.pt'
2026-03-27 18:17:07,789 ERROR [202] PQSE_PSEAE_1_301_0: FAILED - [Errno 2] No such file or directory: '/scratch/yd2915/BayesDiff/data/tier3_pockets/PQSE_PSEAE_1_301_0.pt'
2026-03-27 18:17:07,791 ERROR [203] PRSS8_HUMAN_51_303_0: FAILED - [Errno 2] No such file or directory: '/scratch/yd2915/BayesDiff/data/tier3_pockets/PRSS8_HUMAN_51_303_0.pt'
2026-03-27 18:17:07,791 ERROR [204] PTN1_HUMAN_1_307_pep_0: FAILED - [Errno 2] No such file or directory: '/scratch/yd2915/BayesDiff/data/tier3_pockets/PTN1_HUMAN_1_307_pep_0.pt'
2026-03-27 18:17:07,793 ERROR [205] PTP_PORGI_37_732_0: FAILED - [Errno 2] No such file or directory: '/scratch/yd2915/BayesDiff/data/tier3_pockets/PTP_PORGI_37_732_0.pt'
2026-03-27 18:17:07,795 ERROR [206] PUR9_CHICK_1_593_IMPCH_0: FAILED - [Errno 2] No such file or directory: '/scratch/yd2915/BayesDiff/data/tier3_pockets/PUR9_CHICK_1_593_IMPCH_0.pt'
2026-03-27 18:17:07,796 ERROR [207] PVDQ_PSEAE_26_217_0: FAILED - [Errno 2] No such file or directory: '/scratch/yd2915/BayesDiff/data/tier3_pockets/PVDQ_PSEAE_26_217_0.pt'
2026-03-27 18:17:07,799 ERROR [208] PYL3_ARATH_18_208_0: FAILED - [Errno 2] No such file or directory: '/scratch/yd2915/BayesDiff/data/tier3_pockets/PYL3_ARATH_18_208_0.pt'
2026-03-27 18:17:07,801 ERROR [209] PYRF_METTH_1_228_0: FAILED - [Errno 2] No such file or directory: '/scratch/yd2915/BayesDiff/data/tier3_pockets/PYRF_METTH_1_228_0.pt'
2026-03-27 18:17:07,802 ERROR [210] QPCT_HUMAN_33_361_0: FAILED - [Errno 2] No such file or directory: '/scratch/yd2915/BayesDiff/data/tier3_pockets/QPCT_HUMAN_33_361_0.pt'
2026-03-27 18:17:07,803 ERROR [211] RABP1_MOUSE_2_137_0: FAILED - [Errno 2] No such file or directory: '/scratch/yd2915/BayesDiff/data/tier3_pockets/RABP1_MOUSE_2_137_0.pt'
2026-03-27 18:17:07,804 ERROR [212] RARA_HUMAN_173_420_0: FAILED - [Errno 2] No such file or directory: '/scratch/yd2915/BayesDiff/data/tier3_pockets/RARA_HUMAN_173_420_0.pt'
2026-03-27 18:17:07,805 ERROR [213] RENI_HUMAN_69_406_0: FAILED - [Errno 2] No such file or directory: '/scratch/yd2915/BayesDiff/data/tier3_pockets/RENI_HUMAN_69_406_0.pt'
2026-03-27 18:17:07,806 ERROR [214] RFA1_HUMAN_2_120_0: FAILED - [Errno 2] No such file or directory: '/scratch/yd2915/BayesDiff/data/tier3_pockets/RFA1_HUMAN_2_120_0.pt'
2026-03-27 18:17:07,808 ERROR [215] RIHB_ECOLI_2_313_0: FAILED - [Errno 2] No such file or directory: '/scratch/yd2915/BayesDiff/data/tier3_pockets/RIHB_ECOLI_2_313_0.pt'
2026-03-27 18:17:07,809 ERROR [216] RIPK2_HUMAN_2_309_0: FAILED - [Errno 2] No such file or directory: '/scratch/yd2915/BayesDiff/data/tier3_pockets/RIPK2_HUMAN_2_309_0.pt'
2026-03-27 18:17:07,810 ERROR [217] RNAS2_HUMAN_27_161_0: FAILED - [Errno 2] No such file or directory: '/scratch/yd2915/BayesDiff/data/tier3_pockets/RNAS2_HUMAN_27_161_0.pt'
2026-03-27 18:17:07,811 ERROR [218] RORB_RAT_214_465_ligBind_0: FAILED - [Errno 2] No such file or directory: '/scratch/yd2915/BayesDiff/data/tier3_pockets/RORB_RAT_214_465_ligBind_0.pt'
2026-03-27 18:17:07,812 ERROR [219] RPIA_THET2_1_227_0: FAILED - [Errno 2] No such file or directory: '/scratch/yd2915/BayesDiff/data/tier3_pockets/RPIA_THET2_1_227_0.pt'
2026-03-27 18:17:07,812 ERROR [220] RXRA_HUMAN_222_461_ligBind_0: FAILED - [Errno 2] No such file or directory: '/scratch/yd2915/BayesDiff/data/tier3_pockets/RXRA_HUMAN_222_461_ligBind_0.pt'
2026-03-27 18:17:07,813 ERROR [221] SAMP_HUMAN_20_223_0: FAILED - [Errno 2] No such file or directory: '/scratch/yd2915/BayesDiff/data/tier3_pockets/SAMP_HUMAN_20_223_0.pt'
2026-03-27 18:17:07,814 ERROR [222] SCYD_MAGO7_7_172_0: FAILED - [Errno 2] No such file or directory: '/scratch/yd2915/BayesDiff/data/tier3_pockets/SCYD_MAGO7_7_172_0.pt'
2026-03-27 18:17:07,815 ERROR [223] SG1_RAUSE_1_532_0: FAILED - [Errno 2] No such file or directory: '/scratch/yd2915/BayesDiff/data/tier3_pockets/SG1_RAUSE_1_532_0.pt'
2026-03-27 18:17:07,818 ERROR [224] SIAP_HAEIN_24_329_0: FAILED - [Errno 2] No such file or directory: '/scratch/yd2915/BayesDiff/data/tier3_pockets/SIAP_HAEIN_24_329_0.pt'
2026-03-27 18:17:07,819 ERROR [225] SMYD3_HUMAN_1_428_0: FAILED - [Errno 2] No such file or directory: '/scratch/yd2915/BayesDiff/data/tier3_pockets/SMYD3_HUMAN_1_428_0.pt'
2026-03-27 18:17:07,820 ERROR [226] SPEB_STRP1_146_398_0: FAILED - [Errno 2] No such file or directory: '/scratch/yd2915/BayesDiff/data/tier3_pockets/SPEB_STRP1_146_398_0.pt'
2026-03-27 18:17:07,821 ERROR [227] SRC_HUMAN_253_536_0: FAILED - [Errno 2] No such file or directory: '/scratch/yd2915/BayesDiff/data/tier3_pockets/SRC_HUMAN_253_536_0.pt'
2026-03-27 18:17:07,823 ERROR [228] STING_HUMAN_146_341_0: FAILED - [Errno 2] No such file or directory: '/scratch/yd2915/BayesDiff/data/tier3_pockets/STING_HUMAN_146_341_0.pt'
2026-03-27 18:17:07,824 ERROR [229] STRH_STRPN_179_625_0: FAILED - [Errno 2] No such file or directory: '/scratch/yd2915/BayesDiff/data/tier3_pockets/STRH_STRPN_179_625_0.pt'
2026-03-27 18:17:07,825 ERROR [230] SYFA_THET8_85_350_0: FAILED - [Errno 2] No such file or directory: '/scratch/yd2915/BayesDiff/data/tier3_pockets/SYFA_THET8_85_350_0.pt'
2026-03-27 18:17:07,826 ERROR [231] SYP_METTH_2_472_0: FAILED - [Errno 2] No such file or directory: '/scratch/yd2915/BayesDiff/data/tier3_pockets/SYP_METTH_2_472_0.pt'
2026-03-27 18:17:07,827 ERROR [232] SYT_ECOLI_239_642_0: FAILED - [Errno 2] No such file or directory: '/scratch/yd2915/BayesDiff/data/tier3_pockets/SYT_ECOLI_239_642_0.pt'
2026-03-27 18:17:07,828 ERROR [233] SYY_STAAE_1_420_0: FAILED - [Errno 2] No such file or directory: '/scratch/yd2915/BayesDiff/data/tier3_pockets/SYY_STAAE_1_420_0.pt'
2026-03-27 18:17:07,829 ERROR [234] TEAA_HALED_26_341_0: FAILED - [Errno 2] No such file or directory: '/scratch/yd2915/BayesDiff/data/tier3_pockets/TEAA_HALED_26_341_0.pt'
2026-03-27 18:17:07,833 ERROR [235] TGFR2_HUMAN_236_549_0: FAILED - [Errno 2] No such file or directory: '/scratch/yd2915/BayesDiff/data/tier3_pockets/TGFR2_HUMAN_236_549_0.pt'
2026-03-27 18:17:07,835 ERROR [236] THB_HUMAN_205_461_ligBind_0: FAILED - [Errno 2] No such file or directory: '/scratch/yd2915/BayesDiff/data/tier3_pockets/THB_HUMAN_205_461_ligBind_0.pt'
2026-03-27 18:17:07,836 ERROR [237] THRB_HUMAN_364_622_inhibitor_0: FAILED - [Errno 2] No such file or directory: '/scratch/yd2915/BayesDiff/data/tier3_pockets/THRB_HUMAN_364_622_inhibitor_0.pt'
2026-03-27 18:17:07,838 ERROR [238] TLR8_HUMAN_26_831_0: FAILED - [Errno 2] No such file or directory: '/scratch/yd2915/BayesDiff/data/tier3_pockets/TLR8_HUMAN_26_831_0.pt'
2026-03-27 18:17:07,839 ERROR [239] TNKS1_HUMAN_1099_1319_0: FAILED - [Errno 2] No such file or directory: '/scratch/yd2915/BayesDiff/data/tier3_pockets/TNKS1_HUMAN_1099_1319_0.pt'
2026-03-27 18:17:07,840 ERROR [240] TPIS_CHICK_2_248_0: FAILED - [Errno 2] No such file or directory: '/scratch/yd2915/BayesDiff/data/tier3_pockets/TPIS_CHICK_2_248_0.pt'
2026-03-27 18:17:07,841 ERROR [241] TPIS_YEAST_2_248_0: FAILED - [Errno 2] No such file or directory: '/scratch/yd2915/BayesDiff/data/tier3_pockets/TPIS_YEAST_2_248_0.pt'
2026-03-27 18:17:07,842 ERROR [242] TRPA_SALTY_1_268_0: FAILED - [Errno 2] No such file or directory: '/scratch/yd2915/BayesDiff/data/tier3_pockets/TRPA_SALTY_1_268_0.pt'
2026-03-27 18:17:07,843 ERROR [243] TRY2_RAT_22_246_0: FAILED - [Errno 2] No such file or directory: '/scratch/yd2915/BayesDiff/data/tier3_pockets/TRY2_RAT_22_246_0.pt'
2026-03-27 18:17:07,844 ERROR [244] TTGR_PSEPT_1_210_0: FAILED - [Errno 2] No such file or directory: '/scratch/yd2915/BayesDiff/data/tier3_pockets/TTGR_PSEPT_1_210_0.pt'
2026-03-27 18:17:07,845 ERROR [245] TYK2_HUMAN_564_879_0: FAILED - [Errno 2] No such file or directory: '/scratch/yd2915/BayesDiff/data/tier3_pockets/TYK2_HUMAN_564_879_0.pt'
2026-03-27 18:17:07,846 ERROR [246] TYRO3_HUMAN_494_810_0: FAILED - [Errno 2] No such file or directory: '/scratch/yd2915/BayesDiff/data/tier3_pockets/TYRO3_HUMAN_494_810_0.pt'
2026-03-27 18:17:07,847 ERROR [247] TYSY_LACCA_1_316_0: FAILED - [Errno 2] No such file or directory: '/scratch/yd2915/BayesDiff/data/tier3_pockets/TYSY_LACCA_1_316_0.pt'
2026-03-27 18:17:07,849 ERROR [248] ULIL_METAC_61_322_0: FAILED - [Errno 2] No such file or directory: '/scratch/yd2915/BayesDiff/data/tier3_pockets/ULIL_METAC_61_322_0.pt'
2026-03-27 18:17:07,850 ERROR [249] VAOX_PENSI_1_560_0: FAILED - [Errno 2] No such file or directory: '/scratch/yd2915/BayesDiff/data/tier3_pockets/VAOX_PENSI_1_560_0.pt'
2026-03-27 18:17:07,851 ERROR [250] VE2_HPV11_2_203_0: FAILED - [Errno 2] No such file or directory: '/scratch/yd2915/BayesDiff/data/tier3_pockets/VE2_HPV11_2_203_0.pt'
2026-03-27 18:17:07,852 ERROR [251] VIP2_HUMAN_39_366_0: FAILED - [Errno 2] No such file or directory: '/scratch/yd2915/BayesDiff/data/tier3_pockets/VIP2_HUMAN_39_366_0.pt'
2026-03-27 18:17:07,853 ERROR [252] WEE1_HUMAN_288_575_0: FAILED - [Errno 2] No such file or directory: '/scratch/yd2915/BayesDiff/data/tier3_pockets/WEE1_HUMAN_288_575_0.pt'
2026-03-27 18:17:07,855 ERROR [253] XIAP_HUMAN_242_355_0: FAILED - [Errno 2] No such file or directory: '/scratch/yd2915/BayesDiff/data/tier3_pockets/XIAP_HUMAN_242_355_0.pt'
2026-03-27 18:17:07,856 ERROR [254] YC53L_SYNY3_1_233_0: FAILED - [Errno 2] No such file or directory: '/scratch/yd2915/BayesDiff/data/tier3_pockets/YC53L_SYNY3_1_233_0.pt'
2026-03-27 18:17:07,856 INFO 
DONE: 4 OK, 250 failed, 1s (0.0 min)
