2026-03-27 17:02:18,691 INFO Loaded 1067 pockets from /scratch/yd2915/BayesDiff/data/tier3_pocket_list.json
2026-03-27 17:02:43,405 INFO Model loaded: hidden_dim=128, num_layers=9, device=cuda
2026-03-27 17:02:45,344 INFO Found 1019 pockets with SDF files
2026-03-27 17:02:45,344 INFO Shard 0/4: processing 255 pockets
2026-03-27 17:02:45,348 ERROR [1] 1433B_HUMAN_1_240_pep_0: FAILED - [Errno 2] No such file or directory: '/scratch/yd2915/BayesDiff/data/tier3_pockets/1433B_HUMAN_1_240_pep_0.pt'
2026-03-27 17:02:45,350 ERROR [2] AA2AR_HUMAN_1_315_TM_0: FAILED - [Errno 2] No such file or directory: '/scratch/yd2915/BayesDiff/data/tier3_pockets/AA2AR_HUMAN_1_315_TM_0.pt'
2026-03-27 17:02:45,356 ERROR [3] AAUA_ALCFA_57_182_0: FAILED - [Errno 2] No such file or directory: '/scratch/yd2915/BayesDiff/data/tier3_pockets/AAUA_ALCFA_57_182_0.pt'
2026-03-27 17:02:45,358 ERROR [4] ABL1_HUMAN_228_509_pep_0: FAILED - [Errno 2] No such file or directory: '/scratch/yd2915/BayesDiff/data/tier3_pockets/ABL1_HUMAN_228_509_pep_0.pt'
2026-03-27 17:02:45,359 ERROR [5] ACAC_YEAST_1477_2229_ACoA_0: FAILED - [Errno 2] No such file or directory: '/scratch/yd2915/BayesDiff/data/tier3_pockets/ACAC_YEAST_1477_2229_ACoA_0.pt'
2026-03-27 17:02:46,962 ERROR [10] ADCYA_HUMAN_1_469_0: FAILED - [Errno 2] No such file or directory: '/scratch/yd2915/BayesDiff/data/tier3_pockets/ADCYA_HUMAN_1_469_0.pt'
2026-03-27 17:02:46,963 ERROR [11] AGAA_GEOSE_1_729_0: FAILED - [Errno 2] No such file or directory: '/scratch/yd2915/BayesDiff/data/tier3_pockets/AGAA_GEOSE_1_729_0.pt'
2026-03-27 17:02:46,966 ERROR [12] AHLLA_BACTK_1_250_0: FAILED - [Errno 2] No such file or directory: '/scratch/yd2915/BayesDiff/data/tier3_pockets/AHLLA_BACTK_1_250_0.pt'
2026-03-27 17:02:46,967 ERROR [13] ALBU_HORSE_25_607_0: FAILED - [Errno 2] No such file or directory: '/scratch/yd2915/BayesDiff/data/tier3_pockets/ALBU_HORSE_25_607_0.pt'
2026-03-27 17:02:46,968 ERROR [14] ALBU_HUMAN_25_609_warfarinSite_0: FAILED - [Errno 2] No such file or directory: '/scratch/yd2915/BayesDiff/data/tier3_pockets/ALBU_HUMAN_25_609_warfarinSite_0.pt'
2026-03-27 17:02:46,969 ERROR [15] ALF_HELPY_1_307_0: FAILED - [Errno 2] No such file or directory: '/scratch/yd2915/BayesDiff/data/tier3_pockets/ALF_HELPY_1_307_0.pt'
2026-03-27 17:02:46,970 ERROR [16] AMDA_BORBO_1_240_0: FAILED - [Errno 2] No such file or directory: '/scratch/yd2915/BayesDiff/data/tier3_pockets/AMDA_BORBO_1_240_0.pt'
2026-03-27 17:02:46,972 ERROR [17] AMPE_HUMAN_76_957_0: FAILED - [Errno 2] No such file or directory: '/scratch/yd2915/BayesDiff/data/tier3_pockets/AMPE_HUMAN_76_957_0.pt'
2026-03-27 17:02:46,973 ERROR [18] AMPX_VIBPR_107_400_0: FAILED - [Errno 2] No such file or directory: '/scratch/yd2915/BayesDiff/data/tier3_pockets/AMPX_VIBPR_107_400_0.pt'
2026-03-27 17:02:46,975 ERROR [19] ANM3_HUMAN_209_531_0: FAILED - [Errno 2] No such file or directory: '/scratch/yd2915/BayesDiff/data/tier3_pockets/ANM3_HUMAN_209_531_0.pt'
2026-03-27 17:02:46,976 ERROR [20] APAH_MYCRA_1_341_0: FAILED - [Errno 2] No such file or directory: '/scratch/yd2915/BayesDiff/data/tier3_pockets/APAH_MYCRA_1_341_0.pt'
2026-03-27 17:02:46,977 ERROR [21] ARGI1_RAT_4_321_0: FAILED - [Errno 2] No such file or directory: '/scratch/yd2915/BayesDiff/data/tier3_pockets/ARGI1_RAT_4_321_0.pt'
2026-03-27 17:02:46,980 ERROR [22] AROG_ECOLI_1_350_0: FAILED - [Errno 2] No such file or directory: '/scratch/yd2915/BayesDiff/data/tier3_pockets/AROG_ECOLI_1_350_0.pt'
2026-03-27 17:02:46,981 ERROR [23] AROQ_HELPY_1_167_0: FAILED - [Errno 2] No such file or directory: '/scratch/yd2915/BayesDiff/data/tier3_pockets/AROQ_HELPY_1_167_0.pt'
2026-03-27 17:02:46,982 ERROR [24] AT2A1_BOVIN_1_993_0: FAILED - [Errno 2] No such file or directory: '/scratch/yd2915/BayesDiff/data/tier3_pockets/AT2A1_BOVIN_1_993_0.pt'
2026-03-27 17:02:46,983 ERROR [25] AUKBA_XENLA_78_360_0: FAILED - [Errno 2] No such file or directory: '/scratch/yd2915/BayesDiff/data/tier3_pockets/AUKBA_XENLA_78_360_0.pt'
2026-03-27 17:02:46,985 ERROR [26] BACE1_HUMAN_49_451_0: FAILED - [Errno 2] No such file or directory: '/scratch/yd2915/BayesDiff/data/tier3_pockets/BACE1_HUMAN_49_451_0.pt'
2026-03-27 17:02:46,986 ERROR [27] BCKD_RAT_31_412_0: FAILED - [Errno 2] No such file or directory: '/scratch/yd2915/BayesDiff/data/tier3_pockets/BCKD_RAT_31_412_0.pt'
2026-03-27 17:02:46,988 ERROR [28] BGAT_HUMAN_63_353_0: FAILED - [Errno 2] No such file or directory: '/scratch/yd2915/BayesDiff/data/tier3_pockets/BGAT_HUMAN_63_353_0.pt'
2026-03-27 17:02:46,988 ERROR [29] BHMT1_HUMAN_1_406_0: FAILED - [Errno 2] No such file or directory: '/scratch/yd2915/BayesDiff/data/tier3_pockets/BHMT1_HUMAN_1_406_0.pt'
2026-03-27 17:02:46,990 ERROR [30] BLA1_KLEPN_19_286_tazobactam2_0: FAILED - [Errno 2] No such file or directory: '/scratch/yd2915/BayesDiff/data/tier3_pockets/BLA1_KLEPN_19_286_tazobactam2_0.pt'
2026-03-27 17:02:46,992 ERROR [31] BLAB_BACFG_18_249_0: FAILED - [Errno 2] No such file or directory: '/scratch/yd2915/BayesDiff/data/tier3_pockets/BLAB_BACFG_18_249_0.pt'
2026-03-27 17:02:46,993 ERROR [32] BLO10_PSEAI_20_266_0: FAILED - [Errno 2] No such file or directory: '/scratch/yd2915/BayesDiff/data/tier3_pockets/BLO10_PSEAI_20_266_0.pt'
2026-03-27 17:02:46,994 ERROR [33] BPHC_PARXL_2_298_0: FAILED - [Errno 2] No such file or directory: '/scratch/yd2915/BayesDiff/data/tier3_pockets/BPHC_PARXL_2_298_0.pt'
2026-03-27 17:02:46,995 ERROR [34] BRD4_HUMAN_346_458_0: FAILED - [Errno 2] No such file or directory: '/scratch/yd2915/BayesDiff/data/tier3_pockets/BRD4_HUMAN_346_458_0.pt'
2026-03-27 17:02:46,996 ERROR [35] BRPF1_HUMAN_625_740_0: FAILED - [Errno 2] No such file or directory: '/scratch/yd2915/BayesDiff/data/tier3_pockets/BRPF1_HUMAN_625_740_0.pt'
2026-03-27 17:02:46,997 ERROR [36] BXA1_CLOBO_2_425_0: FAILED - [Errno 2] No such file or directory: '/scratch/yd2915/BayesDiff/data/tier3_pockets/BXA1_CLOBO_2_425_0.pt'
2026-03-27 17:02:46,998 ERROR [37] CAH12_HUMAN_29_291_0: FAILED - [Errno 2] No such file or directory: '/scratch/yd2915/BayesDiff/data/tier3_pockets/CAH12_HUMAN_29_291_0.pt'
2026-03-27 17:02:47,000 ERROR [38] CAH4_HUMAN_19_284_0: FAILED - [Errno 2] No such file or directory: '/scratch/yd2915/BayesDiff/data/tier3_pockets/CAH4_HUMAN_19_284_0.pt'
2026-03-27 17:02:47,000 ERROR [39] CARM1_HUMAN_130_485_0: FAILED - [Errno 2] No such file or directory: '/scratch/yd2915/BayesDiff/data/tier3_pockets/CARM1_HUMAN_130_485_0.pt'
2026-03-27 17:02:47,002 ERROR [40] CATD_HUMAN_63_411_0: FAILED - [Errno 2] No such file or directory: '/scratch/yd2915/BayesDiff/data/tier3_pockets/CATD_HUMAN_63_411_0.pt'
2026-03-27 17:02:47,003 ERROR [41] CATS_HUMAN_114_331_0: FAILED - [Errno 2] No such file or directory: '/scratch/yd2915/BayesDiff/data/tier3_pockets/CATS_HUMAN_114_331_0.pt'
2026-03-27 17:02:47,004 ERROR [42] CBPB2_HUMAN_115_423_0: FAILED - [Errno 2] No such file or directory: '/scratch/yd2915/BayesDiff/data/tier3_pockets/CBPB2_HUMAN_115_423_0.pt'
2026-03-27 17:02:47,006 ERROR [43] CCR2_HUMAN_37_313_Galpha_0: FAILED - [Errno 2] No such file or directory: '/scratch/yd2915/BayesDiff/data/tier3_pockets/CCR2_HUMAN_37_313_Galpha_0.pt'
2026-03-27 17:02:47,007 ERROR [44] CDC2H_PLAFK_1_288_0: FAILED - [Errno 2] No such file or directory: '/scratch/yd2915/BayesDiff/data/tier3_pockets/CDC2H_PLAFK_1_288_0.pt'
2026-03-27 17:02:47,009 ERROR [45] CDK2_HUMAN_1_298_0: FAILED - [Errno 2] No such file or directory: '/scratch/yd2915/BayesDiff/data/tier3_pockets/CDK2_HUMAN_1_298_0.pt'
2026-03-27 17:02:47,010 ERROR [46] CDK9_HUMAN_1_331_0: FAILED - [Errno 2] No such file or directory: '/scratch/yd2915/BayesDiff/data/tier3_pockets/CDK9_HUMAN_1_331_0.pt'
2026-03-27 17:02:47,011 ERROR [47] CHIA_HUMAN_20_404_0: FAILED - [Errno 2] No such file or directory: '/scratch/yd2915/BayesDiff/data/tier3_pockets/CHIA_HUMAN_20_404_0.pt'
2026-03-27 17:02:47,012 ERROR [48] CHK1_HUMAN_1_283_ATPsite_0: FAILED - [Errno 2] No such file or directory: '/scratch/yd2915/BayesDiff/data/tier3_pockets/CHK1_HUMAN_1_283_ATPsite_0.pt'
2026-03-27 17:02:47,014 ERROR [49] CHLE_HUMAN_29_558_0: FAILED - [Errno 2] No such file or directory: '/scratch/yd2915/BayesDiff/data/tier3_pockets/CHLE_HUMAN_29_558_0.pt'
2026-03-27 17:02:47,015 ERROR [50] CLK1_HUMAN_147_484_0: FAILED - [Errno 2] No such file or directory: '/scratch/yd2915/BayesDiff/data/tier3_pockets/CLK1_HUMAN_147_484_0.pt'
2026-03-27 17:02:47,016 ERROR [51] COAA_MYCTU_1_312_0: FAILED - [Errno 2] No such file or directory: '/scratch/yd2915/BayesDiff/data/tier3_pockets/COAA_MYCTU_1_312_0.pt'
2026-03-27 17:02:47,017 ERROR [52] COMT_HUMAN_51_267_0: FAILED - [Errno 2] No such file or directory: '/scratch/yd2915/BayesDiff/data/tier3_pockets/COMT_HUMAN_51_267_0.pt'
2026-03-27 17:02:47,018 ERROR [53] CRAX_BACCE_241_471_0: FAILED - [Errno 2] No such file or directory: '/scratch/yd2915/BayesDiff/data/tier3_pockets/CRAX_BACCE_241_471_0.pt'
2026-03-27 17:02:47,019 ERROR [54] CRTM_STAAU_1_287_0: FAILED - [Errno 2] No such file or directory: '/scratch/yd2915/BayesDiff/data/tier3_pockets/CRTM_STAAU_1_287_0.pt'
2026-03-27 17:02:47,020 ERROR [55] CSK2A_MAIZE_1_331_0: FAILED - [Errno 2] No such file or directory: '/scratch/yd2915/BayesDiff/data/tier3_pockets/CSK2A_MAIZE_1_331_0.pt'
2026-03-27 17:02:47,021 ERROR [56] CYSP_TRYCR_123_337_0: FAILED - [Errno 2] No such file or directory: '/scratch/yd2915/BayesDiff/data/tier3_pockets/CYSP_TRYCR_123_337_0.pt'
2026-03-27 17:02:47,022 ERROR [57] DAPK3_HUMAN_7_287_0: FAILED - [Errno 2] No such file or directory: '/scratch/yd2915/BayesDiff/data/tier3_pockets/DAPK3_HUMAN_7_287_0.pt'
2026-03-27 17:02:47,024 ERROR [58] DDAH1_HUMAN_2_285_0: FAILED - [Errno 2] No such file or directory: '/scratch/yd2915/BayesDiff/data/tier3_pockets/DDAH1_HUMAN_2_285_0.pt'
2026-03-27 17:02:47,024 ERROR [59] DEF1B_ARATH_80_272_actinonin_0: FAILED - [Errno 2] No such file or directory: '/scratch/yd2915/BayesDiff/data/tier3_pockets/DEF1B_ARATH_80_272_actinonin_0.pt'
2026-03-27 17:02:47,026 ERROR [60] DEF_ECOLI_2_168_0: FAILED - [Errno 2] No such file or directory: '/scratch/yd2915/BayesDiff/data/tier3_pockets/DEF_ECOLI_2_168_0.pt'
2026-03-27 17:02:47,026 ERROR [61] DEOD_ECOLI_2_238_0: FAILED - [Errno 2] No such file or directory: '/scratch/yd2915/BayesDiff/data/tier3_pockets/DEOD_ECOLI_2_238_0.pt'
2026-03-27 17:02:47,027 ERROR [62] DHDH_MACFA_1_334_0: FAILED - [Errno 2] No such file or directory: '/scratch/yd2915/BayesDiff/data/tier3_pockets/DHDH_MACFA_1_334_0.pt'
2026-03-27 17:02:47,028 ERROR [63] DNLJ_ENTFA_1_325_0: FAILED - [Errno 2] No such file or directory: '/scratch/yd2915/BayesDiff/data/tier3_pockets/DNLJ_ENTFA_1_325_0.pt'
2026-03-27 17:02:47,029 ERROR [64] DOT1L_HUMAN_1_334_0: FAILED - [Errno 2] No such file or directory: '/scratch/yd2915/BayesDiff/data/tier3_pockets/DOT1L_HUMAN_1_334_0.pt'
2026-03-27 17:02:47,030 ERROR [65] DPP4_RAT_38_767_0: FAILED - [Errno 2] No such file or directory: '/scratch/yd2915/BayesDiff/data/tier3_pockets/DPP4_RAT_38_767_0.pt'
2026-03-27 17:02:47,031 ERROR [66] DXR_ECOLI_1_398_0: FAILED - [Errno 2] No such file or directory: '/scratch/yd2915/BayesDiff/data/tier3_pockets/DXR_ECOLI_1_398_0.pt'
2026-03-27 17:02:47,032 ERROR [67] DYRK2_HUMAN_145_550_0: FAILED - [Errno 2] No such file or directory: '/scratch/yd2915/BayesDiff/data/tier3_pockets/DYRK2_HUMAN_145_550_0.pt'
2026-03-27 17:02:47,033 ERROR [68] DYR_PNECA_1_206_0: FAILED - [Errno 2] No such file or directory: '/scratch/yd2915/BayesDiff/data/tier3_pockets/DYR_PNECA_1_206_0.pt'
2026-03-27 17:02:47,034 ERROR [69] ECHA6_MYCTU_2_243_0: FAILED - [Errno 2] No such file or directory: '/scratch/yd2915/BayesDiff/data/tier3_pockets/ECHA6_MYCTU_2_243_0.pt'
2026-03-27 17:02:47,035 ERROR [70] EHMT2_HUMAN_914_1191_0: FAILED - [Errno 2] No such file or directory: '/scratch/yd2915/BayesDiff/data/tier3_pockets/EHMT2_HUMAN_914_1191_0.pt'
2026-03-27 17:02:47,037 ERROR [71] ELNE_HUMAN_30_247_0: FAILED - [Errno 2] No such file or directory: '/scratch/yd2915/BayesDiff/data/tier3_pockets/ELNE_HUMAN_30_247_0.pt'
2026-03-27 17:02:47,038 ERROR [72] ENPL_HUMAN_69_337_0: FAILED - [Errno 2] No such file or directory: '/scratch/yd2915/BayesDiff/data/tier3_pockets/ENPL_HUMAN_69_337_0.pt'
2026-03-27 17:02:47,039 ERROR [73] EPHA3_HUMAN_604_947_ATP_0: FAILED - [Errno 2] No such file or directory: '/scratch/yd2915/BayesDiff/data/tier3_pockets/EPHA3_HUMAN_604_947_ATP_0.pt'
2026-03-27 17:02:47,040 ERROR [74] EPMA_ECOLI_2_325_0: FAILED - [Errno 2] No such file or directory: '/scratch/yd2915/BayesDiff/data/tier3_pockets/EPMA_ECOLI_2_325_0.pt'
2026-03-27 17:02:47,041 ERROR [75] ERG7_HUMAN_1_732_0: FAILED - [Errno 2] No such file or directory: '/scratch/yd2915/BayesDiff/data/tier3_pockets/ERG7_HUMAN_1_732_0.pt'
2026-03-27 17:02:47,042 ERROR [76] ESR1_HUMAN_300_553_0: FAILED - [Errno 2] No such file or directory: '/scratch/yd2915/BayesDiff/data/tier3_pockets/ESR1_HUMAN_300_553_0.pt'
2026-03-27 17:02:47,043 ERROR [77] EX1_ECOLI_1_475_pep1_0: FAILED - [Errno 2] No such file or directory: '/scratch/yd2915/BayesDiff/data/tier3_pockets/EX1_ECOLI_1_475_pep1_0.pt'
2026-03-27 17:02:47,044 ERROR [78] F263_HUMAN_1_449_0: FAILED - [Errno 2] No such file or directory: '/scratch/yd2915/BayesDiff/data/tier3_pockets/F263_HUMAN_1_449_0.pt'
2026-03-27 17:02:47,045 ERROR [79] FAAA_MOUSE_1_419_0: FAILED - [Errno 2] No such file or directory: '/scratch/yd2915/BayesDiff/data/tier3_pockets/FAAA_MOUSE_1_419_0.pt'
2026-03-27 17:02:47,046 ERROR [80] FABB_ECOLI_1_406_0: FAILED - [Errno 2] No such file or directory: '/scratch/yd2915/BayesDiff/data/tier3_pockets/FABB_ECOLI_1_406_0.pt'
2026-03-27 17:02:47,047 ERROR [81] FABH_ENTFA_2_321_0: FAILED - [Errno 2] No such file or directory: '/scratch/yd2915/BayesDiff/data/tier3_pockets/FABH_ENTFA_2_321_0.pt'
2026-03-27 17:02:47,048 ERROR [82] FABP5_HUMAN_2_135_0: FAILED - [Errno 2] No such file or directory: '/scratch/yd2915/BayesDiff/data/tier3_pockets/FABP5_HUMAN_2_135_0.pt'
2026-03-27 17:02:47,049 ERROR [83] FAK1_HUMAN_409_687_0: FAILED - [Errno 2] No such file or directory: '/scratch/yd2915/BayesDiff/data/tier3_pockets/FAK1_HUMAN_409_687_0.pt'
2026-03-27 17:02:47,050 ERROR [84] FEN1_HUMAN_2_337_0: FAILED - [Errno 2] No such file or directory: '/scratch/yd2915/BayesDiff/data/tier3_pockets/FEN1_HUMAN_2_337_0.pt'
2026-03-27 17:02:47,051 ERROR [85] FGFR4_HUMAN_444_753_0: FAILED - [Errno 2] No such file or directory: '/scratch/yd2915/BayesDiff/data/tier3_pockets/FGFR4_HUMAN_444_753_0.pt'
2026-03-27 17:02:47,052 ERROR [86] FNTB_HUMAN_8_432_0: FAILED - [Errno 2] No such file or directory: '/scratch/yd2915/BayesDiff/data/tier3_pockets/FNTB_HUMAN_8_432_0.pt'
2026-03-27 17:02:47,053 ERROR [87] FPPS_HUMAN_69_419_allosteric_0: FAILED - [Errno 2] No such file or directory: '/scratch/yd2915/BayesDiff/data/tier3_pockets/FPPS_HUMAN_69_419_allosteric_0.pt'
2026-03-27 17:02:47,054 ERROR [88] FUMC_MYCTU_2_473_0: FAILED - [Errno 2] No such file or directory: '/scratch/yd2915/BayesDiff/data/tier3_pockets/FUMC_MYCTU_2_473_0.pt'
2026-03-27 17:02:47,055 ERROR [89] G6PI_HUMAN_1_558_0: FAILED - [Errno 2] No such file or directory: '/scratch/yd2915/BayesDiff/data/tier3_pockets/G6PI_HUMAN_1_558_0.pt'
2026-03-27 17:02:47,056 ERROR [90] GALC_MOUSE_40_684_0: FAILED - [Errno 2] No such file or directory: '/scratch/yd2915/BayesDiff/data/tier3_pockets/GALC_MOUSE_40_684_0.pt'
2026-03-27 17:02:47,057 ERROR [91] GGPPS_YEAST_1_335_0: FAILED - [Errno 2] No such file or directory: '/scratch/yd2915/BayesDiff/data/tier3_pockets/GGPPS_YEAST_1_335_0.pt'
2026-03-27 17:02:47,058 ERROR [92] GLIC_GLOVI_43_235_0: FAILED - [Errno 2] No such file or directory: '/scratch/yd2915/BayesDiff/data/tier3_pockets/GLIC_GLOVI_43_235_0.pt'
2026-03-27 17:02:47,059 ERROR [93] GLN1B_MYCTU_1_478_0: FAILED - [Errno 2] No such file or directory: '/scratch/yd2915/BayesDiff/data/tier3_pockets/GLN1B_MYCTU_1_478_0.pt'
2026-03-27 17:02:47,063 ERROR [94] GLSK_HUMAN_219_537_0: FAILED - [Errno 2] No such file or directory: '/scratch/yd2915/BayesDiff/data/tier3_pockets/GLSK_HUMAN_219_537_0.pt'
2026-03-27 17:02:47,064 ERROR [95] GRIA2_HUMAN_410_796_0: FAILED - [Errno 2] No such file or directory: '/scratch/yd2915/BayesDiff/data/tier3_pockets/GRIA2_HUMAN_410_796_0.pt'
2026-03-27 17:02:47,065 ERROR [96] GRIK2_HUMAN_426_807_0: FAILED - [Errno 2] No such file or directory: '/scratch/yd2915/BayesDiff/data/tier3_pockets/GRIK2_HUMAN_426_807_0.pt'
2026-03-27 17:02:47,066 ERROR [97] GRK6_HUMAN_2_576_0: FAILED - [Errno 2] No such file or directory: '/scratch/yd2915/BayesDiff/data/tier3_pockets/GRK6_HUMAN_2_576_0.pt'
2026-03-27 17:02:47,067 ERROR [98] GSA_SYNE7_4_433_0: FAILED - [Errno 2] No such file or directory: '/scratch/yd2915/BayesDiff/data/tier3_pockets/GSA_SYNE7_4_433_0.pt'
2026-03-27 17:02:47,068 ERROR [99] GSTP1_HUMAN_2_210_0: FAILED - [Errno 2] No such file or directory: '/scratch/yd2915/BayesDiff/data/tier3_pockets/GSTP1_HUMAN_2_210_0.pt'
2026-03-27 17:02:47,069 ERROR [100] GUNH_CLOTH_24_294_0: FAILED - [Errno 2] No such file or directory: '/scratch/yd2915/BayesDiff/data/tier3_pockets/GUNH_CLOTH_24_294_0.pt'
2026-03-27 17:02:47,070 ERROR [101] GYRB_ENTFA_18_224_0: FAILED - [Errno 2] No such file or directory: '/scratch/yd2915/BayesDiff/data/tier3_pockets/GYRB_ENTFA_18_224_0.pt'
2026-03-27 17:02:47,071 ERROR [102] HCK_HUMAN_246_526_0: FAILED - [Errno 2] No such file or directory: '/scratch/yd2915/BayesDiff/data/tier3_pockets/HCK_HUMAN_246_526_0.pt'
2026-03-27 17:02:47,072 ERROR [103] HDAC8_HUMAN_1_377_0: FAILED - [Errno 2] No such file or directory: '/scratch/yd2915/BayesDiff/data/tier3_pockets/HDAC8_HUMAN_1_377_0.pt'
2026-03-27 17:02:47,073 ERROR [104] HEMH_BACSU_2_310_0: FAILED - [Errno 2] No such file or directory: '/scratch/yd2915/BayesDiff/data/tier3_pockets/HEMH_BACSU_2_310_0.pt'
2026-03-27 17:02:47,074 ERROR [105] HGXR_TOXGO_2_230_0: FAILED - [Errno 2] No such file or directory: '/scratch/yd2915/BayesDiff/data/tier3_pockets/HGXR_TOXGO_2_230_0.pt'
2026-03-27 17:02:47,075 ERROR [106] HMR1_HUMAN_22_292_0: FAILED - [Errno 2] No such file or directory: '/scratch/yd2915/BayesDiff/data/tier3_pockets/HMR1_HUMAN_22_292_0.pt'
2026-03-27 17:02:47,076 ERROR [107] HPPD_ARATH_7_445_0: FAILED - [Errno 2] No such file or directory: '/scratch/yd2915/BayesDiff/data/tier3_pockets/HPPD_ARATH_7_445_0.pt'
2026-03-27 17:02:47,077 ERROR [108] HPRT_TRYBB_1_210_0: FAILED - [Errno 2] No such file or directory: '/scratch/yd2915/BayesDiff/data/tier3_pockets/HPRT_TRYBB_1_210_0.pt'
2026-03-27 17:02:47,078 ERROR [109] HS90B_HUMAN_7_228_0: FAILED - [Errno 2] No such file or directory: '/scratch/yd2915/BayesDiff/data/tier3_pockets/HS90B_HUMAN_7_228_0.pt'
2026-03-27 17:02:47,079 ERROR [110] HXK2_HUMAN_15_916_catalytic_0: FAILED - [Errno 2] No such file or directory: '/scratch/yd2915/BayesDiff/data/tier3_pockets/HXK2_HUMAN_15_916_catalytic_0.pt'
2026-03-27 17:02:47,080 ERROR [111] HYSA_STRPN_286_1008_0: FAILED - [Errno 2] No such file or directory: '/scratch/yd2915/BayesDiff/data/tier3_pockets/HYSA_STRPN_286_1008_0.pt'
2026-03-27 17:02:47,081 ERROR [112] IGF1R_HUMAN_981_1287_ATP_0: FAILED - [Errno 2] No such file or directory: '/scratch/yd2915/BayesDiff/data/tier3_pockets/IGF1R_HUMAN_981_1287_ATP_0.pt'
2026-03-27 17:02:47,082 ERROR [113] IMDH_TRIFO_2_503_0: FAILED - [Errno 2] No such file or directory: '/scratch/yd2915/BayesDiff/data/tier3_pockets/IMDH_TRIFO_2_503_0.pt'
2026-03-27 17:02:47,083 ERROR [114] IRE1_YEAST_644_1115_0: FAILED - [Errno 2] No such file or directory: '/scratch/yd2915/BayesDiff/data/tier3_pockets/IRE1_YEAST_644_1115_0.pt'
2026-03-27 17:02:47,083 ERROR [115] ISPG_THET8_1_406_0: FAILED - [Errno 2] No such file or directory: '/scratch/yd2915/BayesDiff/data/tier3_pockets/ISPG_THET8_1_406_0.pt'
2026-03-27 17:02:47,084 ERROR [116] ITA2B_HUMAN_32_486_0: FAILED - [Errno 2] No such file or directory: '/scratch/yd2915/BayesDiff/data/tier3_pockets/ITA2B_HUMAN_32_486_0.pt'
2026-03-27 17:02:47,085 ERROR [117] ITPR1_MOUSE_224_603_0: FAILED - [Errno 2] No such file or directory: '/scratch/yd2915/BayesDiff/data/tier3_pockets/ITPR1_MOUSE_224_603_0.pt'
2026-03-27 17:02:47,086 ERROR [118] JAK3_HUMAN_811_1111_0: FAILED - [Errno 2] No such file or directory: '/scratch/yd2915/BayesDiff/data/tier3_pockets/JAK3_HUMAN_811_1111_0.pt'
2026-03-27 17:02:47,086 ERROR [119] KC1D_HUMAN_1_302_0: FAILED - [Errno 2] No such file or directory: '/scratch/yd2915/BayesDiff/data/tier3_pockets/KC1D_HUMAN_1_302_0.pt'
2026-03-27 17:02:47,087 ERROR [120] KDM4A_HUMAN_1_358_0: FAILED - [Errno 2] No such file or directory: '/scratch/yd2915/BayesDiff/data/tier3_pockets/KDM4A_HUMAN_1_358_0.pt'
2026-03-27 17:02:47,088 ERROR [121] KDM6B_HUMAN_1175_1505_0: FAILED - [Errno 2] No such file or directory: '/scratch/yd2915/BayesDiff/data/tier3_pockets/KDM6B_HUMAN_1175_1505_0.pt'
2026-03-27 17:02:47,089 ERROR [122] KHK_HUMAN_3_298_0: FAILED - [Errno 2] No such file or directory: '/scratch/yd2915/BayesDiff/data/tier3_pockets/KHK_HUMAN_3_298_0.pt'
2026-03-27 17:02:47,090 ERROR [123] KKCC2_HUMAN_159_449_0: FAILED - [Errno 2] No such file or directory: '/scratch/yd2915/BayesDiff/data/tier3_pockets/KKCC2_HUMAN_159_449_0.pt'
2026-03-27 17:02:47,091 ERROR [124] KPCB_HUMAN_321_668_0: FAILED - [Errno 2] No such file or directory: '/scratch/yd2915/BayesDiff/data/tier3_pockets/KPCB_HUMAN_321_668_0.pt'
2026-03-27 17:02:47,093 ERROR [125] KPYK_LEIME_1_499_0: FAILED - [Errno 2] No such file or directory: '/scratch/yd2915/BayesDiff/data/tier3_pockets/KPYK_LEIME_1_499_0.pt'
2026-03-27 17:02:47,097 ERROR [126] KS6B1_HUMAN_76_373_0: FAILED - [Errno 2] No such file or directory: '/scratch/yd2915/BayesDiff/data/tier3_pockets/KS6B1_HUMAN_76_373_0.pt'
2026-03-27 17:02:47,098 ERROR [127] KTHY_STAAM_1_205_0: FAILED - [Errno 2] No such file or directory: '/scratch/yd2915/BayesDiff/data/tier3_pockets/KTHY_STAAM_1_205_0.pt'
2026-03-27 17:02:47,099 ERROR [128] LDHA_HUMAN_2_332_0: FAILED - [Errno 2] No such file or directory: '/scratch/yd2915/BayesDiff/data/tier3_pockets/LDHA_HUMAN_2_332_0.pt'
2026-03-27 17:02:47,099 ERROR [129] LEG1_HUMAN_2_135_0: FAILED - [Errno 2] No such file or directory: '/scratch/yd2915/BayesDiff/data/tier3_pockets/LEG1_HUMAN_2_135_0.pt'
2026-03-27 17:02:47,100 ERROR [130] LGUL_HUMAN_2_184_0: FAILED - [Errno 2] No such file or directory: '/scratch/yd2915/BayesDiff/data/tier3_pockets/LGUL_HUMAN_2_184_0.pt'
2026-03-27 17:02:47,101 ERROR [131] LMBL1_HUMAN_198_526_0: FAILED - [Errno 2] No such file or directory: '/scratch/yd2915/BayesDiff/data/tier3_pockets/LMBL1_HUMAN_198_526_0.pt'
2026-03-27 17:02:47,102 ERROR [132] LT_POVJC_261_628_0: FAILED - [Errno 2] No such file or directory: '/scratch/yd2915/BayesDiff/data/tier3_pockets/LT_POVJC_261_628_0.pt'
2026-03-27 17:02:47,103 ERROR [133] LV1A_MOUSE_21_117_pep_0: FAILED - [Errno 2] No such file or directory: '/scratch/yd2915/BayesDiff/data/tier3_pockets/LV1A_MOUSE_21_117_pep_0.pt'
2026-03-27 17:02:47,103 ERROR [134] M3K14_HUMAN_321_678_0: FAILED - [Errno 2] No such file or directory: '/scratch/yd2915/BayesDiff/data/tier3_pockets/M3K14_HUMAN_321_678_0.pt'
2026-03-27 17:02:47,104 ERROR [135] M3K7_HUMAN_27_330_0: FAILED - [Errno 2] No such file or directory: '/scratch/yd2915/BayesDiff/data/tier3_pockets/M3K7_HUMAN_27_330_0.pt'
2026-03-27 17:02:47,105 ERROR [136] MA1B1_HUMAN_242_698_0: FAILED - [Errno 2] No such file or directory: '/scratch/yd2915/BayesDiff/data/tier3_pockets/MA1B1_HUMAN_242_698_0.pt'
2026-03-27 17:02:47,106 ERROR [137] MANR_PSEPU_1_359_0: FAILED - [Errno 2] No such file or directory: '/scratch/yd2915/BayesDiff/data/tier3_pockets/MANR_PSEPU_1_359_0.pt'
2026-03-27 17:02:47,107 ERROR [138] MAP1_STAAM_1_252_0: FAILED - [Errno 2] No such file or directory: '/scratch/yd2915/BayesDiff/data/tier3_pockets/MAP1_STAAM_1_252_0.pt'
2026-03-27 17:02:47,108 ERROR [139] MARK2_HUMAN_37_364_0: FAILED - [Errno 2] No such file or directory: '/scratch/yd2915/BayesDiff/data/tier3_pockets/MARK2_HUMAN_37_364_0.pt'
2026-03-27 17:02:47,108 ERROR [140] MCE_VACCW_1_302_0: FAILED - [Errno 2] No such file or directory: '/scratch/yd2915/BayesDiff/data/tier3_pockets/MCE_VACCW_1_302_0.pt'
2026-03-27 17:02:47,109 ERROR [141] MDLC_PSEPU_1_528_0: FAILED - [Errno 2] No such file or directory: '/scratch/yd2915/BayesDiff/data/tier3_pockets/MDLC_PSEPU_1_528_0.pt'
2026-03-27 17:02:47,110 ERROR [142] MDR1A_MOUSE_1_1276_0: FAILED - [Errno 2] No such file or directory: '/scratch/yd2915/BayesDiff/data/tier3_pockets/MDR1A_MOUSE_1_1276_0.pt'
2026-03-27 17:02:47,111 ERROR [143] MERTK_HUMAN_570_864_0: FAILED - [Errno 2] No such file or directory: '/scratch/yd2915/BayesDiff/data/tier3_pockets/MERTK_HUMAN_570_864_0.pt'
2026-03-27 17:02:47,112 ERROR [144] MGSA_ECOLI_1_152_0: FAILED - [Errno 2] No such file or directory: '/scratch/yd2915/BayesDiff/data/tier3_pockets/MGSA_ECOLI_1_152_0.pt'
2026-03-27 17:02:47,113 ERROR [145] MK01_HUMAN_8_360_0: FAILED - [Errno 2] No such file or directory: '/scratch/yd2915/BayesDiff/data/tier3_pockets/MK01_HUMAN_8_360_0.pt'
2026-03-27 17:02:47,113 ERROR [146] MK09_HUMAN_4_363_0: FAILED - [Errno 2] No such file or directory: '/scratch/yd2915/BayesDiff/data/tier3_pockets/MK09_HUMAN_4_363_0.pt'
2026-03-27 17:02:47,114 ERROR [147] MK14_HUMAN_1_360_0: FAILED - [Errno 2] No such file or directory: '/scratch/yd2915/BayesDiff/data/tier3_pockets/MK14_HUMAN_1_360_0.pt'
2026-03-27 17:02:47,115 ERROR [148] MMP1_HUMAN_102_267_0: FAILED - [Errno 2] No such file or directory: '/scratch/yd2915/BayesDiff/data/tier3_pockets/MMP1_HUMAN_102_267_0.pt'
2026-03-27 17:02:47,116 ERROR [149] MP2K1_HUMAN_61_390_0: FAILED - [Errno 2] No such file or directory: '/scratch/yd2915/BayesDiff/data/tier3_pockets/MP2K1_HUMAN_61_390_0.pt'
2026-03-27 17:02:47,117 ERROR [150] MRCKB_HUMAN_2_416_0: FAILED - [Errno 2] No such file or directory: '/scratch/yd2915/BayesDiff/data/tier3_pockets/MRCKB_HUMAN_2_416_0.pt'
2026-03-27 17:02:47,118 ERROR [151] MTNN_VIBCH_1_231_0: FAILED - [Errno 2] No such file or directory: '/scratch/yd2915/BayesDiff/data/tier3_pockets/MTNN_VIBCH_1_231_0.pt'
2026-03-27 17:02:47,119 ERROR [152] MURD_ECOLI_2_438_0: FAILED - [Errno 2] No such file or directory: '/scratch/yd2915/BayesDiff/data/tier3_pockets/MURD_ECOLI_2_438_0.pt'
2026-03-27 17:02:47,120 ERROR [153] MYS2_DICDI_1_694_ATP_0: FAILED - [Errno 2] No such file or directory: '/scratch/yd2915/BayesDiff/data/tier3_pockets/MYS2_DICDI_1_694_ATP_0.pt'
2026-03-27 17:02:47,122 ERROR [154] NADD_BACAC_1_189_0: FAILED - [Errno 2] No such file or directory: '/scratch/yd2915/BayesDiff/data/tier3_pockets/NADD_BACAC_1_189_0.pt'
2026-03-27 17:02:47,122 ERROR [155] NAGZ_SALTY_1_341_0: FAILED - [Errno 2] No such file or directory: '/scratch/yd2915/BayesDiff/data/tier3_pockets/NAGZ_SALTY_1_341_0.pt'
2026-03-27 17:02:47,123 ERROR [156] NANA_ECOLI_1_297_0: FAILED - [Errno 2] No such file or directory: '/scratch/yd2915/BayesDiff/data/tier3_pockets/NANA_ECOLI_1_297_0.pt'
2026-03-27 17:02:47,124 ERROR [157] NANH_SALTY_2_382_0: FAILED - [Errno 2] No such file or directory: '/scratch/yd2915/BayesDiff/data/tier3_pockets/NANH_SALTY_2_382_0.pt'
2026-03-27 17:02:47,125 ERROR [158] NEP_HUMAN_54_750_0: FAILED - [Errno 2] No such file or directory: '/scratch/yd2915/BayesDiff/data/tier3_pockets/NEP_HUMAN_54_750_0.pt'
2026-03-27 17:02:47,126 ERROR [159] NIKA_ECOLI_23_524_0: FAILED - [Errno 2] No such file or directory: '/scratch/yd2915/BayesDiff/data/tier3_pockets/NIKA_ECOLI_23_524_0.pt'
2026-03-27 17:02:47,127 ERROR [160] NOCT_AGRFC_25_283_0: FAILED - [Errno 2] No such file or directory: '/scratch/yd2915/BayesDiff/data/tier3_pockets/NOCT_AGRFC_25_283_0.pt'
2026-03-27 17:02:47,128 ERROR [161] NR1H3_HUMAN_189_447_ligBind_0: FAILED - [Errno 2] No such file or directory: '/scratch/yd2915/BayesDiff/data/tier3_pockets/NR1H3_HUMAN_189_447_ligBind_0.pt'
2026-03-27 17:02:47,128 ERROR [162] NRAM_I63A3_81_470_0: FAILED - [Errno 2] No such file or directory: '/scratch/yd2915/BayesDiff/data/tier3_pockets/NRAM_I63A3_81_470_0.pt'
2026-03-27 17:02:47,129 ERROR [163] NRAM_INBBE_71_465_0: FAILED - [Errno 2] No such file or directory: '/scratch/yd2915/BayesDiff/data/tier3_pockets/NRAM_INBBE_71_465_0.pt'
2026-03-27 17:02:47,130 ERROR [164] NTRK2_HUMAN_526_822_0: FAILED - [Errno 2] No such file or directory: '/scratch/yd2915/BayesDiff/data/tier3_pockets/NTRK2_HUMAN_526_822_0.pt'
2026-03-27 17:02:47,131 ERROR [165] ODBA_HUMAN_46_445_0: FAILED - [Errno 2] No such file or directory: '/scratch/yd2915/BayesDiff/data/tier3_pockets/ODBA_HUMAN_46_445_0.pt'
2026-03-27 17:02:47,132 ERROR [166] OGA_BACTN_18_737_0: FAILED - [Errno 2] No such file or directory: '/scratch/yd2915/BayesDiff/data/tier3_pockets/OGA_BACTN_18_737_0.pt'
2026-03-27 17:02:47,133 ERROR [167] OPRK_HUMAN_55_347_TM_0: FAILED - [Errno 2] No such file or directory: '/scratch/yd2915/BayesDiff/data/tier3_pockets/OPRK_HUMAN_55_347_TM_0.pt'
2026-03-27 17:02:47,133 ERROR [168] OTC1_ECOLI_2_334_0: FAILED - [Errno 2] No such file or directory: '/scratch/yd2915/BayesDiff/data/tier3_pockets/OTC1_ECOLI_2_334_0.pt'
2026-03-27 17:02:47,134 ERROR [169] P2RY1_HUMAN_2_373_TM_0: FAILED - [Errno 2] No such file or directory: '/scratch/yd2915/BayesDiff/data/tier3_pockets/P2RY1_HUMAN_2_373_TM_0.pt'
2026-03-27 17:02:47,135 ERROR [170] PA1L_PSEAE_2_122_0: FAILED - [Errno 2] No such file or directory: '/scratch/yd2915/BayesDiff/data/tier3_pockets/PA1L_PSEAE_2_122_0.pt'
2026-03-27 17:02:47,136 ERROR [171] PA2GA_HUMAN_21_144_0: FAILED - [Errno 2] No such file or directory: '/scratch/yd2915/BayesDiff/data/tier3_pockets/PA2GA_HUMAN_21_144_0.pt'
2026-03-27 17:02:47,137 ERROR [172] PAFA_HUMAN_46_428_0: FAILED - [Errno 2] No such file or directory: '/scratch/yd2915/BayesDiff/data/tier3_pockets/PAFA_HUMAN_46_428_0.pt'
2026-03-27 17:02:47,138 ERROR [173] PAPD_ECOLX_22_239_0: FAILED - [Errno 2] No such file or directory: '/scratch/yd2915/BayesDiff/data/tier3_pockets/PAPD_ECOLX_22_239_0.pt'
2026-03-27 17:02:47,138 ERROR [174] PARG_HUMAN_446_970_0: FAILED - [Errno 2] No such file or directory: '/scratch/yd2915/BayesDiff/data/tier3_pockets/PARG_HUMAN_446_970_0.pt'
2026-03-27 17:02:47,139 ERROR [175] PARP3_HUMAN_176_532_0: FAILED - [Errno 2] No such file or directory: '/scratch/yd2915/BayesDiff/data/tier3_pockets/PARP3_HUMAN_176_532_0.pt'
2026-03-27 17:02:47,140 ERROR [176] PB2_INBLE_319_484_0: FAILED - [Errno 2] No such file or directory: '/scratch/yd2915/BayesDiff/data/tier3_pockets/PB2_INBLE_319_484_0.pt'
2026-03-27 17:02:47,141 ERROR [177] PCXA_ACIAD_1_209_0: FAILED - [Errno 2] No such file or directory: '/scratch/yd2915/BayesDiff/data/tier3_pockets/PCXA_ACIAD_1_209_0.pt'
2026-03-27 17:02:47,142 ERROR [178] PDC_ZYMMO_1_568_0: FAILED - [Errno 2] No such file or directory: '/scratch/yd2915/BayesDiff/data/tier3_pockets/PDC_ZYMMO_1_568_0.pt'
2026-03-27 17:02:47,142 ERROR [179] PDE2A_HUMAN_577_919_0: FAILED - [Errno 2] No such file or directory: '/scratch/yd2915/BayesDiff/data/tier3_pockets/PDE2A_HUMAN_577_919_0.pt'
2026-03-27 17:02:47,143 ERROR [180] PDE5A_HUMAN_533_861_0: FAILED - [Errno 2] No such file or directory: '/scratch/yd2915/BayesDiff/data/tier3_pockets/PDE5A_HUMAN_533_861_0.pt'
2026-03-27 17:02:47,144 ERROR [181] PDE9A_HUMAN_242_566_0: FAILED - [Errno 2] No such file or directory: '/scratch/yd2915/BayesDiff/data/tier3_pockets/PDE9A_HUMAN_242_566_0.pt'
2026-03-27 17:02:47,145 ERROR [182] PDLA_RHILO_1_268_0: FAILED - [Errno 2] No such file or directory: '/scratch/yd2915/BayesDiff/data/tier3_pockets/PDLA_RHILO_1_268_0.pt'
2026-03-27 17:02:47,145 ERROR [183] PDXK_HUMAN_1_312_0: FAILED - [Errno 2] No such file or directory: '/scratch/yd2915/BayesDiff/data/tier3_pockets/PDXK_HUMAN_1_312_0.pt'
2026-03-27 17:02:47,146 ERROR [184] PGES2_MACFA_88_377_0: FAILED - [Errno 2] No such file or directory: '/scratch/yd2915/BayesDiff/data/tier3_pockets/PGES2_MACFA_88_377_0.pt'
2026-03-27 17:02:47,147 ERROR [185] PGTB2_MOUSE_9_339_0: FAILED - [Errno 2] No such file or directory: '/scratch/yd2915/BayesDiff/data/tier3_pockets/PGTB2_MOUSE_9_339_0.pt'
2026-03-27 17:02:47,148 ERROR [186] PHYA_ASPNG_25_467_0: FAILED - [Errno 2] No such file or directory: '/scratch/yd2915/BayesDiff/data/tier3_pockets/PHYA_ASPNG_25_467_0.pt'
2026-03-27 17:02:47,149 ERROR [187] PIM1_HUMAN_121_402_0: FAILED - [Errno 2] No such file or directory: '/scratch/yd2915/BayesDiff/data/tier3_pockets/PIM1_HUMAN_121_402_0.pt'
2026-03-27 17:02:47,150 ERROR [188] PIR_HUMAN_2_290_0: FAILED - [Errno 2] No such file or directory: '/scratch/yd2915/BayesDiff/data/tier3_pockets/PIR_HUMAN_2_290_0.pt'
2026-03-27 17:02:47,151 ERROR [189] PK3CD_HUMAN_106_1043_0: FAILED - [Errno 2] No such file or directory: '/scratch/yd2915/BayesDiff/data/tier3_pockets/PK3CD_HUMAN_106_1043_0.pt'
2026-03-27 17:02:47,152 ERROR [190] PKNG_MYCTU_74_405_0: FAILED - [Errno 2] No such file or directory: '/scratch/yd2915/BayesDiff/data/tier3_pockets/PKNG_MYCTU_74_405_0.pt'
2026-03-27 17:02:47,152 ERROR [191] PLK2_HUMAN_63_360_0: FAILED - [Errno 2] No such file or directory: '/scratch/yd2915/BayesDiff/data/tier3_pockets/PLK2_HUMAN_63_360_0.pt'
2026-03-27 17:02:47,153 ERROR [192] PNMT_HUMAN_1_282_0: FAILED - [Errno 2] No such file or directory: '/scratch/yd2915/BayesDiff/data/tier3_pockets/PNMT_HUMAN_1_282_0.pt'
2026-03-27 17:02:47,154 ERROR [193] POLG_DEN3I_2490_2759_0: FAILED - [Errno 2] No such file or directory: '/scratch/yd2915/BayesDiff/data/tier3_pockets/POLG_DEN3I_2490_2759_0.pt'
2026-03-27 17:02:47,155 ERROR [194] POLG_HCVBK_2420_2955_allosteric_0: FAILED - [Errno 2] No such file or directory: '/scratch/yd2915/BayesDiff/data/tier3_pockets/POLG_HCVBK_2420_2955_allosteric_0.pt'
2026-03-27 17:02:47,156 ERROR [195] POLG_HCVH_1507_1655_0: FAILED - [Errno 2] No such file or directory: '/scratch/yd2915/BayesDiff/data/tier3_pockets/POLG_HCVH_1507_1655_0.pt'
2026-03-27 17:02:47,156 ERROR [196] POL_FIVPE_40_154_0: FAILED - [Errno 2] No such file or directory: '/scratch/yd2915/BayesDiff/data/tier3_pockets/POL_FIVPE_40_154_0.pt'
2026-03-27 17:02:47,157 ERROR [197] POL_HV1B1_1211_1371_allosteric_0: FAILED - [Errno 2] No such file or directory: '/scratch/yd2915/BayesDiff/data/tier3_pockets/POL_HV1B1_1211_1371_allosteric_0.pt'
2026-03-27 17:02:47,158 ERROR [198] POL_HV1H2_1199_1359_0: FAILED - [Errno 2] No such file or directory: '/scratch/yd2915/BayesDiff/data/tier3_pockets/POL_HV1H2_1199_1359_0.pt'
2026-03-27 17:02:47,159 ERROR [199] POL_HV2RO_514_612_0: FAILED - [Errno 2] No such file or directory: '/scratch/yd2915/BayesDiff/data/tier3_pockets/POL_HV2RO_514_612_0.pt'
2026-03-27 17:02:47,160 ERROR [200] PPAF_PHAVU_32_459_0: FAILED - [Errno 2] No such file or directory: '/scratch/yd2915/BayesDiff/data/tier3_pockets/PPAF_PHAVU_32_459_0.pt'
2026-03-27 17:02:47,174 ERROR [201] PPB_ECOLI_91_147_pep_0: FAILED - [Errno 2] No such file or directory: '/scratch/yd2915/BayesDiff/data/tier3_pockets/PPB_ECOLI_91_147_pep_0.pt'
2026-03-27 17:02:47,175 ERROR [202] PPIA_HUMAN_1_165_0: FAILED - [Errno 2] No such file or directory: '/scratch/yd2915/BayesDiff/data/tier3_pockets/PPIA_HUMAN_1_165_0.pt'
2026-03-27 17:02:47,176 ERROR [203] PRDX5_HUMAN_53_214_0: FAILED - [Errno 2] No such file or directory: '/scratch/yd2915/BayesDiff/data/tier3_pockets/PRDX5_HUMAN_53_214_0.pt'
2026-03-27 17:02:47,177 ERROR [204] PTGES_HUMAN_3_152_0: FAILED - [Errno 2] No such file or directory: '/scratch/yd2915/BayesDiff/data/tier3_pockets/PTGES_HUMAN_3_152_0.pt'
2026-03-27 17:02:47,177 ERROR [205] PTN22_HUMAN_1_298_0: FAILED - [Errno 2] No such file or directory: '/scratch/yd2915/BayesDiff/data/tier3_pockets/PTN22_HUMAN_1_298_0.pt'
2026-03-27 17:02:47,178 ERROR [206] PUNA_MYCTU_1_268_0: FAILED - [Errno 2] No such file or directory: '/scratch/yd2915/BayesDiff/data/tier3_pockets/PUNA_MYCTU_1_268_0.pt'
2026-03-27 17:02:47,179 ERROR [207] PUR9_HUMAN_1_592_0: FAILED - [Errno 2] No such file or directory: '/scratch/yd2915/BayesDiff/data/tier3_pockets/PUR9_HUMAN_1_592_0.pt'
2026-03-27 17:02:47,180 ERROR [208] PYGM_HUMAN_3_842_allosteric_0: FAILED - [Errno 2] No such file or directory: '/scratch/yd2915/BayesDiff/data/tier3_pockets/PYGM_HUMAN_3_842_allosteric_0.pt'
2026-03-27 17:02:47,181 ERROR [209] PYR1_HUMAN_1914_2225_0: FAILED - [Errno 2] No such file or directory: '/scratch/yd2915/BayesDiff/data/tier3_pockets/PYR1_HUMAN_1914_2225_0.pt'
2026-03-27 17:02:47,182 ERROR [210] PYRF_YEAST_1_267_0: FAILED - [Errno 2] No such file or directory: '/scratch/yd2915/BayesDiff/data/tier3_pockets/PYRF_YEAST_1_267_0.pt'
2026-03-27 17:02:47,183 ERROR [211] R1AB_BCHK4_3292_3597_0: FAILED - [Errno 2] No such file or directory: '/scratch/yd2915/BayesDiff/data/tier3_pockets/R1AB_BCHK4_3292_3597_0.pt'
2026-03-27 17:02:47,184 ERROR [212] RABP2_HUMAN_2_138_0: FAILED - [Errno 2] No such file or directory: '/scratch/yd2915/BayesDiff/data/tier3_pockets/RABP2_HUMAN_2_138_0.pt'
2026-03-27 17:02:47,185 ERROR [213] RARG_HUMAN_178_421_0: FAILED - [Errno 2] No such file or directory: '/scratch/yd2915/BayesDiff/data/tier3_pockets/RARG_HUMAN_178_421_0.pt'
2026-03-27 17:02:47,186 ERROR [214] RET1_HUMAN_1_135_0: FAILED - [Errno 2] No such file or directory: '/scratch/yd2915/BayesDiff/data/tier3_pockets/RET1_HUMAN_1_135_0.pt'
2026-03-27 17:02:47,187 ERROR [215] RG1_RAUSE_1_513_0: FAILED - [Errno 2] No such file or directory: '/scratch/yd2915/BayesDiff/data/tier3_pockets/RG1_RAUSE_1_513_0.pt'
2026-03-27 17:02:47,188 ERROR [216] RIO1_ARCFU_1_258_0: FAILED - [Errno 2] No such file or directory: '/scratch/yd2915/BayesDiff/data/tier3_pockets/RIO1_ARCFU_1_258_0.pt'
2026-03-27 17:02:47,189 ERROR [217] RIPT_TRIKI_24_270_AMP_0: FAILED - [Errno 2] No such file or directory: '/scratch/yd2915/BayesDiff/data/tier3_pockets/RIPT_TRIKI_24_270_AMP_0.pt'
2026-03-27 17:02:47,190 ERROR [218] ROCK1_HUMAN_5_414_0: FAILED - [Errno 2] No such file or directory: '/scratch/yd2915/BayesDiff/data/tier3_pockets/ROCK1_HUMAN_5_414_0.pt'
2026-03-27 17:02:47,191 ERROR [219] RORG_HUMAN_262_508_0: FAILED - [Errno 2] No such file or directory: '/scratch/yd2915/BayesDiff/data/tier3_pockets/RORG_HUMAN_262_508_0.pt'
2026-03-27 17:02:47,192 ERROR [220] RPIB_MYCTU_1_162_0: FAILED - [Errno 2] No such file or directory: '/scratch/yd2915/BayesDiff/data/tier3_pockets/RPIB_MYCTU_1_162_0.pt'
2026-03-27 17:02:47,193 ERROR [221] S100B_HUMAN_1_92_0: FAILED - [Errno 2] No such file or directory: '/scratch/yd2915/BayesDiff/data/tier3_pockets/S100B_HUMAN_1_92_0.pt'
2026-03-27 17:02:47,194 ERROR [222] SAV_STRAV_73_165_0: FAILED - [Errno 2] No such file or directory: '/scratch/yd2915/BayesDiff/data/tier3_pockets/SAV_STRAV_73_165_0.pt'
2026-03-27 17:02:47,195 ERROR [223] SDIS_PSEPU_1_131_0: FAILED - [Errno 2] No such file or directory: '/scratch/yd2915/BayesDiff/data/tier3_pockets/SDIS_PSEPU_1_131_0.pt'
2026-03-27 17:02:47,196 ERROR [224] SGK1_HUMAN_59_431_0: FAILED - [Errno 2] No such file or directory: '/scratch/yd2915/BayesDiff/data/tier3_pockets/SGK1_HUMAN_59_431_0.pt'
2026-03-27 17:02:47,197 ERROR [225] SIR2_HUMAN_47_356_0: FAILED - [Errno 2] No such file or directory: '/scratch/yd2915/BayesDiff/data/tier3_pockets/SIR2_HUMAN_47_356_0.pt'
2026-03-27 17:02:47,198 ERROR [226] SN_MOUSE_20_138_0: FAILED - [Errno 2] No such file or directory: '/scratch/yd2915/BayesDiff/data/tier3_pockets/SN_MOUSE_20_138_0.pt'
2026-03-27 17:02:47,199 ERROR [227] SPHK1_HUMAN_7_364_0: FAILED - [Errno 2] No such file or directory: '/scratch/yd2915/BayesDiff/data/tier3_pockets/SPHK1_HUMAN_7_364_0.pt'
2026-03-27 17:02:47,200 ERROR [228] ST14_HUMAN_614_855_0: FAILED - [Errno 2] No such file or directory: '/scratch/yd2915/BayesDiff/data/tier3_pockets/ST14_HUMAN_614_855_0.pt'
2026-03-27 17:02:47,201 ERROR [229] STING_MOUSE_145_341_0: FAILED - [Errno 2] No such file or directory: '/scratch/yd2915/BayesDiff/data/tier3_pockets/STING_MOUSE_145_341_0.pt'
2026-03-27 17:02:47,202 ERROR [230] STRH_STRPN_625_1063_0: FAILED - [Errno 2] No such file or directory: '/scratch/yd2915/BayesDiff/data/tier3_pockets/STRH_STRPN_625_1063_0.pt'
2026-03-27 17:02:47,203 ERROR [231] SYK_GEOSE_2_494_0: FAILED - [Errno 2] No such file or directory: '/scratch/yd2915/BayesDiff/data/tier3_pockets/SYK_GEOSE_2_494_0.pt'
2026-03-27 17:02:47,204 ERROR [232] SYP_PLAF7_250_746_0: FAILED - [Errno 2] No such file or directory: '/scratch/yd2915/BayesDiff/data/tier3_pockets/SYP_PLAF7_250_746_0.pt'
2026-03-27 17:02:47,204 ERROR [233] SYT_PYRAB_1_145_0: FAILED - [Errno 2] No such file or directory: '/scratch/yd2915/BayesDiff/data/tier3_pockets/SYT_PYRAB_1_145_0.pt'
2026-03-27 17:02:47,205 ERROR [234] TAF1L_HUMAN_1517_1655_0: FAILED - [Errno 2] No such file or directory: '/scratch/yd2915/BayesDiff/data/tier3_pockets/TAF1L_HUMAN_1517_1655_0.pt'
2026-03-27 17:02:47,206 ERROR [235] TEAD2_HUMAN_216_447_0: FAILED - [Errno 2] No such file or directory: '/scratch/yd2915/BayesDiff/data/tier3_pockets/TEAD2_HUMAN_216_447_0.pt'
2026-03-27 17:02:47,207 ERROR [236] TGT_ZYMMO_1_386_0: FAILED - [Errno 2] No such file or directory: '/scratch/yd2915/BayesDiff/data/tier3_pockets/TGT_ZYMMO_1_386_0.pt'
2026-03-27 17:02:47,208 ERROR [237] THER_GEOSE_236_490_0: FAILED - [Errno 2] No such file or directory: '/scratch/yd2915/BayesDiff/data/tier3_pockets/THER_GEOSE_236_490_0.pt'
2026-03-27 17:02:47,209 ERROR [238] TIE2_HUMAN_806_1124_0: FAILED - [Errno 2] No such file or directory: '/scratch/yd2915/BayesDiff/data/tier3_pockets/TIE2_HUMAN_806_1124_0.pt'
2026-03-27 17:02:47,209 ERROR [239] TNFA_HUMAN_78_233_0: FAILED - [Errno 2] No such file or directory: '/scratch/yd2915/BayesDiff/data/tier3_pockets/TNFA_HUMAN_78_233_0.pt'
2026-03-27 17:02:47,210 ERROR [240] TNKS2_HUMAN_948_1162_0: FAILED - [Errno 2] No such file or directory: '/scratch/yd2915/BayesDiff/data/tier3_pockets/TNKS2_HUMAN_948_1162_0.pt'
2026-03-27 17:02:47,211 ERROR [241] TPIS_HUMAN_38_286_0: FAILED - [Errno 2] No such file or directory: '/scratch/yd2915/BayesDiff/data/tier3_pockets/TPIS_HUMAN_38_286_0.pt'
2026-03-27 17:02:47,212 ERROR [242] TREA_ECOLI_31_565_0: FAILED - [Errno 2] No such file or directory: '/scratch/yd2915/BayesDiff/data/tier3_pockets/TREA_ECOLI_31_565_0.pt'
2026-03-27 17:02:47,213 ERROR [243] TRPC_SULSO_27_248_0: FAILED - [Errno 2] No such file or directory: '/scratch/yd2915/BayesDiff/data/tier3_pockets/TRPC_SULSO_27_248_0.pt'
2026-03-27 17:02:47,213 ERROR [244] TRY3_HUMAN_81_304_0: FAILED - [Errno 2] No such file or directory: '/scratch/yd2915/BayesDiff/data/tier3_pockets/TRY3_HUMAN_81_304_0.pt'
2026-03-27 17:02:47,214 ERROR [245] TTHY_HUMAN_21_147_0: FAILED - [Errno 2] No such file or directory: '/scratch/yd2915/BayesDiff/data/tier3_pockets/TTHY_HUMAN_21_147_0.pt'
2026-03-27 17:02:47,215 ERROR [246] TYK2_HUMAN_879_1178_0: FAILED - [Errno 2] No such file or directory: '/scratch/yd2915/BayesDiff/data/tier3_pockets/TYK2_HUMAN_879_1178_0.pt'
2026-03-27 17:02:47,216 ERROR [247] TYSY_ECOLI_1_264_0: FAILED - [Errno 2] No such file or directory: '/scratch/yd2915/BayesDiff/data/tier3_pockets/TYSY_ECOLI_1_264_0.pt'
2026-03-27 17:02:47,217 ERROR [248] TYSY_PNECA_1_297_0: FAILED - [Errno 2] No such file or directory: '/scratch/yd2915/BayesDiff/data/tier3_pockets/TYSY_PNECA_1_297_0.pt'
2026-03-27 17:02:47,218 ERROR [249] UMPS_HUMAN_223_480_0: FAILED - [Errno 2] No such file or directory: '/scratch/yd2915/BayesDiff/data/tier3_pockets/UMPS_HUMAN_223_480_0.pt'
2026-03-27 17:02:47,218 ERROR [250] VDRA_DANRE_155_453_ligBind_0: FAILED - [Errno 2] No such file or directory: '/scratch/yd2915/BayesDiff/data/tier3_pockets/VDRA_DANRE_155_453_ligBind_0.pt'
2026-03-27 17:02:47,219 ERROR [251] VGFR1_HUMAN_800_1158_0: FAILED - [Errno 2] No such file or directory: '/scratch/yd2915/BayesDiff/data/tier3_pockets/VGFR1_HUMAN_800_1158_0.pt'
2026-03-27 17:02:47,220 ERROR [252] VIS_VIBS1_19_240_0: FAILED - [Errno 2] No such file or directory: '/scratch/yd2915/BayesDiff/data/tier3_pockets/VIS_VIBS1_19_240_0.pt'
2026-03-27 17:02:47,221 ERROR [253] XDH_BOVIN_1_1329_catalytic_0: FAILED - [Errno 2] No such file or directory: '/scratch/yd2915/BayesDiff/data/tier3_pockets/XDH_BOVIN_1_1329_catalytic_0.pt'
2026-03-27 17:02:47,222 ERROR [254] XYLB_HUMAN_1_536_0: FAILED - [Errno 2] No such file or directory: '/scratch/yd2915/BayesDiff/data/tier3_pockets/XYLB_HUMAN_1_536_0.pt'
2026-03-27 17:02:47,223 ERROR [255] YKOF_BACSU_1_200_0: FAILED - [Errno 2] No such file or directory: '/scratch/yd2915/BayesDiff/data/tier3_pockets/YKOF_BACSU_1_200_0.pt'
2026-03-27 17:02:47,223 INFO 
DONE: 4 OK, 251 failed, 2s (0.0 min)
