=== Subsample Ablation (CPU) ===
Job ID: 5127962
Node: cs627
Start: Mon Mar 30 13:18:01 EDT 2026
2026-03-30 13:18:27,176 INFO ============================================================
2026-03-30 13:18:27,176 INFO A5 Ablation: Fewer molecules per pocket
2026-03-30 13:18:27,176 INFO ============================================================
2026-03-30 13:18:27,183 INFO Best config: {'kernel': 'rq', 'pca_dims': 0, 'ard': True}
2026-03-30 13:18:27,205 INFO 50mol pockets with pKd: 18
2026-03-30 13:18:27,205 INFO   ACE_HUMAN_650_1230_0: 21 mols
2026-03-30 13:18:27,206 INFO   AKT1_HUMAN_1_137_0: 11 mols
2026-03-30 13:18:27,206 INFO   BSD_ASPTE_1_130_0: 3 mols
2026-03-30 13:18:27,206 INFO   CD38_HUMAN_44_300_0: 37 mols
2026-03-30 13:18:27,206 INFO   CDK6_HUMAN_1_312_0: 1 mols
2026-03-30 13:18:27,206 INFO   CHIB1_ASPFM_39_433_0: 1 mols
2026-03-30 13:18:27,206 INFO   COAA_MYCTU_1_312_0: 45 mols
2026-03-30 13:18:27,206 INFO   DFPA_LOLVU_2_314_0: 6 mols
2026-03-30 13:18:27,206 INFO   DYRK2_HUMAN_145_550_0: 8 mols
2026-03-30 13:18:27,206 INFO   F16P1_HUMAN_1_338_0: 41 mols
2026-03-30 13:18:27,207 INFO   GSTP1_HUMAN_2_210_0: 32 mols
2026-03-30 13:18:27,207 INFO   IMA1_HUMAN_68_497_0: 36 mols
2026-03-30 13:18:27,207 INFO   LMBL1_HUMAN_198_526_0: 42 mols
2026-03-30 13:18:27,207 INFO   NEP_HUMAN_54_750_0: 36 mols
2026-03-30 13:18:27,207 INFO   P2Y12_HUMAN_1_342_0: 1 mols
2026-03-30 13:18:27,207 INFO   PAC_ECOLX_27_846_0: 32 mols
2026-03-30 13:18:27,207 INFO   PHP_SULSO_1_314_0: 43 mols
2026-03-30 13:18:27,207 INFO   Y635_MYCTU_1_158_0: 2 mols
2026-03-30 13:18:27,222 INFO Tier3: N=942
2026-03-30 13:18:27,227 INFO Existing ablation configs: 9
2026-03-30 13:18:27,228 INFO 
в”Ђв”Ђв”Ђв”Ђв”Ђв”Ђв”Ђв”Ђв”Ђв”Ђв”Ђв”Ђв”Ђв”Ђв”Ђв”Ђв”Ђв”Ђв”Ђв”Ђв”Ђв”Ђв”Ђв”Ђв”Ђв”Ђв”Ђв”Ђв”Ђв”Ђв”Ђв”Ђв”Ђв”Ђв”Ђв”Ђв”Ђв”Ђв”Ђв”Ђ
2026-03-30 13:18:27,228 INFO Subsampleв†’20mol: 10/18 pockets have >= 20 molecules
2026-03-30 13:18:40,172 INFO   Seed 0: N=947, LOOCV ПЃ=0.386
2026-03-30 13:18:47,704 INFO   Seed 1: N=947, LOOCV ПЃ=0.386
2026-03-30 13:18:54,945 INFO   Seed 2: N=947, LOOCV ПЃ=0.385
2026-03-30 13:18:54,945 INFO   в†’ Avg LOOCV ПЃ=0.385 | 10Г— Test ПЃ=0.326В±0.086
2026-03-30 13:18:54,946 INFO 
в”Ђв”Ђв”Ђв”Ђв”Ђв”Ђв”Ђв”Ђв”Ђв”Ђв”Ђв”Ђв”Ђв”Ђв”Ђв”Ђв”Ђв”Ђв”Ђв”Ђв”Ђв”Ђв”Ђв”Ђв”Ђв”Ђв”Ђв”Ђв”Ђв”Ђв”Ђв”Ђв”Ђв”Ђв”Ђв”Ђв”Ђв”Ђв”Ђв”Ђ
2026-03-30 13:18:54,946 INFO Subsampleв†’10mol: 11/18 pockets have >= 10 molecules
2026-03-30 13:19:02,328 INFO   Seed 0: N=947, LOOCV ПЃ=0.385
2026-03-30 13:19:10,329 INFO   Seed 1: N=947, LOOCV ПЃ=0.385
2026-03-30 13:19:17,327 INFO   Seed 2: N=947, LOOCV ПЃ=0.385
2026-03-30 13:19:17,328 INFO   в†’ Avg LOOCV ПЃ=0.385 | 10Г— Test ПЃ=0.325В±0.086
2026-03-30 13:19:17,329 INFO 
в”Ђв”Ђв”Ђв”Ђв”Ђв”Ђв”Ђв”Ђв”Ђв”Ђв”Ђв”Ђв”Ђв”Ђв”Ђв”Ђв”Ђв”Ђв”Ђв”Ђв”Ђв”Ђв”Ђв”Ђв”Ђв”Ђв”Ђв”Ђв”Ђв”Ђв”Ђв”Ђв”Ђв”Ђв”Ђв”Ђв”Ђв”Ђв”Ђв”Ђ
2026-03-30 13:19:17,329 INFO Subsampleв†’5mol: 13/18 pockets have >= 5 molecules
2026-03-30 13:19:24,616 INFO   Seed 0: N=947, LOOCV ПЃ=0.385
2026-03-30 13:19:31,698 INFO   Seed 1: N=947, LOOCV ПЃ=0.385
2026-03-30 13:19:38,733 INFO   Seed 2: N=947, LOOCV ПЃ=0.385
2026-03-30 13:19:38,734 INFO   в†’ Avg LOOCV ПЃ=0.385 | 10Г— Test ПЃ=0.325В±0.086
2026-03-30 13:19:38,742 INFO 
Updated ablation_results.json: 12 configs total
2026-03-30 13:19:39,355 INFO Saved 05_ablation.png
2026-03-30 13:19:39,365 INFO Updated 50mol_gp_summary.json
2026-03-30 13:19:39,366 INFO 
A5 ablation done in 72.2s
End: Mon Mar 30 13:19:41 EDT 2026
Exit code: 0
